;  LST file generated by mikroListExporter - v.2.0 
; Date/Time: 19/03/2019 8:41:54
;----------------------------------------------

;Address Opcode 	ASM
0x0000	0x294C      	GOTO       332
_interrupt:
0x0004	0x00FF      	MOVWF      R15
0x0005	0x0E03      	SWAPF      STATUS, 0
0x0006	0x0183      	CLRF       STATUS
0x0007	0x00CF      	MOVWF      ___saveSTATUS
0x0008	0x080A      	MOVF       PCLATH, 0
0x0009	0x00D0      	MOVWF      ___savePCLATH
0x000A	0x018A      	CLRF       PCLATH
;Practica9_Interrupciones.c,22 :: 		void interrupt(){
;Practica9_Interrupciones.c,23 :: 		bandera=3;
0x000B	0x3003      	MOVLW      3
0x000C	0x00A0      	MOVWF      _bandera
0x000D	0x3000      	MOVLW      0
0x000E	0x00A1      	MOVWF      _bandera+1
;Practica9_Interrupciones.c,24 :: 		intf_bit=0;
0x000F	0x108B      	BCF        INTF_bit, BitPos(INTF_bit+0)
;Practica9_Interrupciones.c,25 :: 		}
L_end_interrupt:
L__interrupt13:
0x0010	0x0850      	MOVF       ___savePCLATH, 0
0x0011	0x008A      	MOVWF      PCLATH
0x0012	0x0E4F      	SWAPF      ___saveSTATUS, 0
0x0013	0x0083      	MOVWF      STATUS
0x0014	0x0EFF      	SWAPF      R15, 1
0x0015	0x0E7F      	SWAPF      R15, 0
0x0016	0x0009      	RETFIE
; end of _interrupt
_Delay_50us:
;__Lib_Delays.c,19 :: 		void Delay_50us() {
;__Lib_Delays.c,20 :: 		Delay_us(50);
0x0017	0x3021      	MOVLW      33
0x0018	0x1283      	BCF        STATUS, 5
0x0019	0x1303      	BCF        STATUS, 6
0x001A	0x00FD      	MOVWF      R13
L_Delay_50us2:
0x001B	0x0BFD      	DECFSZ     R13, 1
0x001C	0x281B      	GOTO       L_Delay_50us2
;__Lib_Delays.c,21 :: 		}
L_end_Delay_50us:
0x001D	0x0008      	RETURN
; end of _Delay_50us
_Delay_5500us:
;__Lib_Delays.c,31 :: 		void Delay_5500us() {
;__Lib_Delays.c,32 :: 		Delay_us(5500);
0x001E	0x300F      	MOVLW      15
0x001F	0x1283      	BCF        STATUS, 5
0x0020	0x1303      	BCF        STATUS, 6
0x0021	0x00FC      	MOVWF      R12
0x0022	0x3047      	MOVLW      71
0x0023	0x00FD      	MOVWF      R13
L_Delay_5500us5:
0x0024	0x0BFD      	DECFSZ     R13, 1
0x0025	0x2824      	GOTO       L_Delay_5500us5
0x0026	0x0BFC      	DECFSZ     R12, 1
0x0027	0x2824      	GOTO       L_Delay_5500us5
0x0028	0x0000      	NOP
0x0029	0x0000      	NOP
;__Lib_Delays.c,33 :: 		}
L_end_Delay_5500us:
0x002A	0x0008      	RETURN
; end of _Delay_5500us
_Delay_1us:
;__Lib_Delays.c,7 :: 		void Delay_1us() {
;__Lib_Delays.c,8 :: 		Delay_us(1);
0x002B	0x0000      	NOP
0x002C	0x0000      	NOP
;__Lib_Delays.c,9 :: 		}
L_end_Delay_1us:
0x002D	0x0008      	RETURN
; end of _Delay_1us
_Lcd_Cmd:
;__Lib_Lcd.c,18 :: 		
;__Lib_Lcd.c,20 :: 		
0x002E	0x1283      	BCF        STATUS, 5
0x002F	0x1303      	BCF        STATUS, 6
0x0030	0x1BD6      	BTFSC      FARG_Lcd_Cmd_out_char, 7
0x0031	0x2834      	GOTO       L__Lcd_Cmd21
0x0032	0x1187      	BCF        LCD_D7, BitPos(LCD_D7+0)
0x0033	0x2835      	GOTO       L__Lcd_Cmd22
L__Lcd_Cmd21:
0x0034	0x1587      	BSF        LCD_D7, BitPos(LCD_D7+0)
L__Lcd_Cmd22:
;__Lib_Lcd.c,21 :: 		
0x0035	0x1B56      	BTFSC      FARG_Lcd_Cmd_out_char, 6
0x0036	0x2839      	GOTO       L__Lcd_Cmd23
0x0037	0x1107      	BCF        LCD_D6, BitPos(LCD_D6+0)
0x0038	0x283A      	GOTO       L__Lcd_Cmd24
L__Lcd_Cmd23:
0x0039	0x1507      	BSF        LCD_D6, BitPos(LCD_D6+0)
L__Lcd_Cmd24:
;__Lib_Lcd.c,22 :: 		
0x003A	0x1AD6      	BTFSC      FARG_Lcd_Cmd_out_char, 5
0x003B	0x283E      	GOTO       L__Lcd_Cmd25
0x003C	0x1087      	BCF        LCD_D5, BitPos(LCD_D5+0)
0x003D	0x283F      	GOTO       L__Lcd_Cmd26
L__Lcd_Cmd25:
0x003E	0x1487      	BSF        LCD_D5, BitPos(LCD_D5+0)
L__Lcd_Cmd26:
;__Lib_Lcd.c,23 :: 		
0x003F	0x1A56      	BTFSC      FARG_Lcd_Cmd_out_char, 4
0x0040	0x2843      	GOTO       L__Lcd_Cmd27
0x0041	0x1007      	BCF        LCD_D4, BitPos(LCD_D4+0)
0x0042	0x2844      	GOTO       L__Lcd_Cmd28
L__Lcd_Cmd27:
0x0043	0x1407      	BSF        LCD_D4, BitPos(LCD_D4+0)
L__Lcd_Cmd28:
;__Lib_Lcd.c,25 :: 		
0x0044	0x183C      	BTFSC      __Lib_Lcd_cmd_status, BitPos(__Lib_Lcd_cmd_status+0)
0x0045	0x2848      	GOTO       L__Lcd_Cmd29
0x0046	0x1607      	BSF        LCD_RS, BitPos(LCD_RS+0)
0x0047	0x2849      	GOTO       L__Lcd_Cmd30
L__Lcd_Cmd29:
0x0048	0x1207      	BCF        LCD_RS, BitPos(LCD_RS+0)
L__Lcd_Cmd30:
;__Lib_Lcd.c,28 :: 		
0x0049	0x1687      	BSF        LCD_EN, BitPos(LCD_EN+0)
;__Lib_Lcd.c,29 :: 		
0x004A	0x202B      	CALL       _Delay_1us
;__Lib_Lcd.c,30 :: 		
0x004B	0x1287      	BCF        LCD_EN, BitPos(LCD_EN+0)
;__Lib_Lcd.c,33 :: 		
0x004C	0x19D6      	BTFSC      FARG_Lcd_Cmd_out_char, 3
0x004D	0x2850      	GOTO       L__Lcd_Cmd31
0x004E	0x1187      	BCF        LCD_D7, BitPos(LCD_D7+0)
0x004F	0x2851      	GOTO       L__Lcd_Cmd32
L__Lcd_Cmd31:
0x0050	0x1587      	BSF        LCD_D7, BitPos(LCD_D7+0)
L__Lcd_Cmd32:
;__Lib_Lcd.c,34 :: 		
0x0051	0x1956      	BTFSC      FARG_Lcd_Cmd_out_char, 2
0x0052	0x2855      	GOTO       L__Lcd_Cmd33
0x0053	0x1107      	BCF        LCD_D6, BitPos(LCD_D6+0)
0x0054	0x2856      	GOTO       L__Lcd_Cmd34
L__Lcd_Cmd33:
0x0055	0x1507      	BSF        LCD_D6, BitPos(LCD_D6+0)
L__Lcd_Cmd34:
;__Lib_Lcd.c,35 :: 		
0x0056	0x18D6      	BTFSC      FARG_Lcd_Cmd_out_char, 1
0x0057	0x285A      	GOTO       L__Lcd_Cmd35
0x0058	0x1087      	BCF        LCD_D5, BitPos(LCD_D5+0)
0x0059	0x285B      	GOTO       L__Lcd_Cmd36
L__Lcd_Cmd35:
0x005A	0x1487      	BSF        LCD_D5, BitPos(LCD_D5+0)
L__Lcd_Cmd36:
;__Lib_Lcd.c,36 :: 		
0x005B	0x1856      	BTFSC      FARG_Lcd_Cmd_out_char, 0
0x005C	0x285F      	GOTO       L__Lcd_Cmd37
0x005D	0x1007      	BCF        LCD_D4, BitPos(LCD_D4+0)
0x005E	0x2860      	GOTO       L__Lcd_Cmd38
L__Lcd_Cmd37:
0x005F	0x1407      	BSF        LCD_D4, BitPos(LCD_D4+0)
L__Lcd_Cmd38:
;__Lib_Lcd.c,38 :: 		
0x0060	0x183C      	BTFSC      __Lib_Lcd_cmd_status, BitPos(__Lib_Lcd_cmd_status+0)
0x0061	0x2864      	GOTO       L__Lcd_Cmd39
0x0062	0x1607      	BSF        LCD_RS, BitPos(LCD_RS+0)
0x0063	0x2865      	GOTO       L__Lcd_Cmd40
L__Lcd_Cmd39:
0x0064	0x1207      	BCF        LCD_RS, BitPos(LCD_RS+0)
L__Lcd_Cmd40:
;__Lib_Lcd.c,40 :: 		
0x0065	0x1687      	BSF        LCD_EN, BitPos(LCD_EN+0)
;__Lib_Lcd.c,41 :: 		
0x0066	0x202B      	CALL       _Delay_1us
;__Lib_Lcd.c,42 :: 		
0x0067	0x1287      	BCF        LCD_EN, BitPos(LCD_EN+0)
;__Lib_Lcd.c,44 :: 		
0x0068	0x1C3C      	BTFSS      __Lib_Lcd_cmd_status, BitPos(__Lib_Lcd_cmd_status+0)
0x0069	0x286C      	GOTO       L_Lcd_Cmd0
;__Lib_Lcd.c,45 :: 		
0x006A	0x201E      	CALL       _Delay_5500us
0x006B	0x286D      	GOTO       L_Lcd_Cmd1
L_Lcd_Cmd0:
;__Lib_Lcd.c,47 :: 		
0x006C	0x2017      	CALL       _Delay_50us
L_Lcd_Cmd1:
;__Lib_Lcd.c,48 :: 		
L_end_Lcd_Cmd:
0x006D	0x0008      	RETURN
; end of _Lcd_Cmd
_____DoICP:
;__Lib_System.c,6 :: 		
;__Lib_System.c,9 :: 		
0x006E	0x1283      	BCF        STATUS, 5
0x006F	0x1303      	BCF        STATUS, 6
0x0070	0x083B      	MOVF       ___DoICPAddr+1, 0
0x0071	0x008A      	MOVWF      PCLATH
;__Lib_System.c,10 :: 		
0x0072	0x083A      	MOVF       ___DoICPAddr, 0
0x0073	0x0082      	MOVWF      PCL
;__Lib_System.c,12 :: 		
L_end_____DoICP:
0x0074	0x0008      	RETURN
; end of _____DoICP
_Lcd_Chr_CP:
;__Lib_Lcd.c,50 :: 		
;__Lib_Lcd.c,52 :: 		
0x0075	0x1283      	BCF        STATUS, 5
0x0076	0x1303      	BCF        STATUS, 6
0x0077	0x103C      	BCF        __Lib_Lcd_cmd_status, BitPos(__Lib_Lcd_cmd_status+0)
;__Lib_Lcd.c,53 :: 		
0x0078	0x0855      	MOVF       FARG_Lcd_Chr_CP_out_char, 0
0x0079	0x00D6      	MOVWF      FARG_Lcd_Cmd_out_char
0x007A	0x202E      	CALL       _Lcd_Cmd
;__Lib_Lcd.c,54 :: 		
0x007B	0x143C      	BSF        __Lib_Lcd_cmd_status, BitPos(__Lib_Lcd_cmd_status+0)
;__Lib_Lcd.c,55 :: 		
L_end_Lcd_Chr_CP:
0x007C	0x0008      	RETURN
; end of _Lcd_Chr_CP
_Lcd_Out:
;__Lib_Lcd.c,184 :: 		
;__Lib_Lcd.c,187 :: 		
0x007D	0x288F      	GOTO       L_Lcd_Out11
;__Lib_Lcd.c,188 :: 		
L_Lcd_Out13:
0x007E	0x3080      	MOVLW      128
0x007F	0x1283      	BCF        STATUS, 5
0x0080	0x1303      	BCF        STATUS, 6
0x0081	0x00D1      	MOVWF      FARG_Lcd_Out_row
0x0082	0x28A2      	GOTO       L_Lcd_Out12
;__Lib_Lcd.c,189 :: 		
L_Lcd_Out14:
0x0083	0x30C0      	MOVLW      192
0x0084	0x00D1      	MOVWF      FARG_Lcd_Out_row
0x0085	0x28A2      	GOTO       L_Lcd_Out12
;__Lib_Lcd.c,190 :: 		
L_Lcd_Out15:
0x0086	0x3094      	MOVLW      148
0x0087	0x00D1      	MOVWF      FARG_Lcd_Out_row
0x0088	0x28A2      	GOTO       L_Lcd_Out12
;__Lib_Lcd.c,191 :: 		
L_Lcd_Out16:
0x0089	0x30D4      	MOVLW      212
0x008A	0x00D1      	MOVWF      FARG_Lcd_Out_row
0x008B	0x28A2      	GOTO       L_Lcd_Out12
;__Lib_Lcd.c,192 :: 		
L_Lcd_Out17:
0x008C	0x3080      	MOVLW      128
0x008D	0x00D1      	MOVWF      FARG_Lcd_Out_row
;__Lib_Lcd.c,193 :: 		
0x008E	0x28A2      	GOTO       L_Lcd_Out12
L_Lcd_Out11:
0x008F	0x1283      	BCF        STATUS, 5
0x0090	0x1303      	BCF        STATUS, 6
0x0091	0x0851      	MOVF       FARG_Lcd_Out_row, 0
0x0092	0x3A01      	XORLW      1
0x0093	0x1903      	BTFSC      STATUS, 2
0x0094	0x287E      	GOTO       L_Lcd_Out13
0x0095	0x0851      	MOVF       FARG_Lcd_Out_row, 0
0x0096	0x3A02      	XORLW      2
0x0097	0x1903      	BTFSC      STATUS, 2
0x0098	0x2883      	GOTO       L_Lcd_Out14
0x0099	0x0851      	MOVF       FARG_Lcd_Out_row, 0
0x009A	0x3A03      	XORLW      3
0x009B	0x1903      	BTFSC      STATUS, 2
0x009C	0x2886      	GOTO       L_Lcd_Out15
0x009D	0x0851      	MOVF       FARG_Lcd_Out_row, 0
0x009E	0x3A04      	XORLW      4
0x009F	0x1903      	BTFSC      STATUS, 2
0x00A0	0x2889      	GOTO       L_Lcd_Out16
0x00A1	0x288C      	GOTO       L_Lcd_Out17
L_Lcd_Out12:
;__Lib_Lcd.c,194 :: 		
0x00A2	0x0352      	DECF       FARG_Lcd_Out_column, 0
0x00A3	0x00F0      	MOVWF      R0
0x00A4	0x0851      	MOVF       FARG_Lcd_Out_row, 0
0x00A5	0x07F0      	ADDWF      R0, 1
0x00A6	0x0870      	MOVF       R0, 0
0x00A7	0x00D1      	MOVWF      FARG_Lcd_Out_row
;__Lib_Lcd.c,196 :: 		
0x00A8	0x0870      	MOVF       R0, 0
0x00A9	0x00D6      	MOVWF      FARG_Lcd_Cmd_out_char
0x00AA	0x202E      	CALL       _Lcd_Cmd
;__Lib_Lcd.c,197 :: 		
0x00AB	0x103C      	BCF        __Lib_Lcd_cmd_status, BitPos(__Lib_Lcd_cmd_status+0)
;__Lib_Lcd.c,198 :: 		
0x00AC	0x01D4      	CLRF       Lcd_Out_i_L0
;__Lib_Lcd.c,199 :: 		
L_Lcd_Out18:
0x00AD	0x0854      	MOVF       Lcd_Out_i_L0, 0
0x00AE	0x0753      	ADDWF      FARG_Lcd_Out_text, 0
0x00AF	0x0084      	MOVWF      FSR
0x00B0	0x0800      	MOVF       INDF, 0
0x00B1	0x1903      	BTFSC      STATUS, 2
0x00B2	0x28BB      	GOTO       L_Lcd_Out19
;__Lib_Lcd.c,200 :: 		
0x00B3	0x0854      	MOVF       Lcd_Out_i_L0, 0
0x00B4	0x0753      	ADDWF      FARG_Lcd_Out_text, 0
0x00B5	0x0084      	MOVWF      FSR
0x00B6	0x0800      	MOVF       INDF, 0
0x00B7	0x00D5      	MOVWF      FARG_Lcd_Chr_CP_out_char
0x00B8	0x2075      	CALL       _Lcd_Chr_CP
0x00B9	0x0AD4      	INCF       Lcd_Out_i_L0, 1
0x00BA	0x28AD      	GOTO       L_Lcd_Out18
L_Lcd_Out19:
;__Lib_Lcd.c,201 :: 		
0x00BB	0x143C      	BSF        __Lib_Lcd_cmd_status, BitPos(__Lib_Lcd_cmd_status+0)
;__Lib_Lcd.c,202 :: 		
L_end_Lcd_Out:
0x00BC	0x0008      	RETURN
; end of _Lcd_Out
_Lcd_Chr:
;__Lib_Lcd.c,65 :: 		
;__Lib_Lcd.c,66 :: 		
0x00BD	0x28CF      	GOTO       L_Lcd_Chr4
;__Lib_Lcd.c,67 :: 		
L_Lcd_Chr6:
0x00BE	0x3080      	MOVLW      128
0x00BF	0x1283      	BCF        STATUS, 5
0x00C0	0x1303      	BCF        STATUS, 6
0x00C1	0x00D1      	MOVWF      FARG_Lcd_Chr_row
0x00C2	0x28E2      	GOTO       L_Lcd_Chr5
;__Lib_Lcd.c,68 :: 		
L_Lcd_Chr7:
0x00C3	0x30C0      	MOVLW      192
0x00C4	0x00D1      	MOVWF      FARG_Lcd_Chr_row
0x00C5	0x28E2      	GOTO       L_Lcd_Chr5
;__Lib_Lcd.c,69 :: 		
L_Lcd_Chr8:
0x00C6	0x3094      	MOVLW      148
0x00C7	0x00D1      	MOVWF      FARG_Lcd_Chr_row
0x00C8	0x28E2      	GOTO       L_Lcd_Chr5
;__Lib_Lcd.c,70 :: 		
L_Lcd_Chr9:
0x00C9	0x30D4      	MOVLW      212
0x00CA	0x00D1      	MOVWF      FARG_Lcd_Chr_row
0x00CB	0x28E2      	GOTO       L_Lcd_Chr5
;__Lib_Lcd.c,71 :: 		
L_Lcd_Chr10:
0x00CC	0x3080      	MOVLW      128
0x00CD	0x00D1      	MOVWF      FARG_Lcd_Chr_row
;__Lib_Lcd.c,72 :: 		
0x00CE	0x28E2      	GOTO       L_Lcd_Chr5
L_Lcd_Chr4:
0x00CF	0x1283      	BCF        STATUS, 5
0x00D0	0x1303      	BCF        STATUS, 6
0x00D1	0x0851      	MOVF       FARG_Lcd_Chr_row, 0
0x00D2	0x3A01      	XORLW      1
0x00D3	0x1903      	BTFSC      STATUS, 2
0x00D4	0x28BE      	GOTO       L_Lcd_Chr6
0x00D5	0x0851      	MOVF       FARG_Lcd_Chr_row, 0
0x00D6	0x3A02      	XORLW      2
0x00D7	0x1903      	BTFSC      STATUS, 2
0x00D8	0x28C3      	GOTO       L_Lcd_Chr7
0x00D9	0x0851      	MOVF       FARG_Lcd_Chr_row, 0
0x00DA	0x3A03      	XORLW      3
0x00DB	0x1903      	BTFSC      STATUS, 2
0x00DC	0x28C6      	GOTO       L_Lcd_Chr8
0x00DD	0x0851      	MOVF       FARG_Lcd_Chr_row, 0
0x00DE	0x3A04      	XORLW      4
0x00DF	0x1903      	BTFSC      STATUS, 2
0x00E0	0x28C9      	GOTO       L_Lcd_Chr9
0x00E1	0x28CC      	GOTO       L_Lcd_Chr10
L_Lcd_Chr5:
;__Lib_Lcd.c,74 :: 		
0x00E2	0x0352      	DECF       FARG_Lcd_Chr_column, 0
0x00E3	0x00F0      	MOVWF      R0
0x00E4	0x0851      	MOVF       FARG_Lcd_Chr_row, 0
0x00E5	0x07F0      	ADDWF      R0, 1
0x00E6	0x0870      	MOVF       R0, 0
0x00E7	0x00D1      	MOVWF      FARG_Lcd_Chr_row
;__Lib_Lcd.c,76 :: 		
0x00E8	0x143C      	BSF        __Lib_Lcd_cmd_status, BitPos(__Lib_Lcd_cmd_status+0)
;__Lib_Lcd.c,77 :: 		
0x00E9	0x0870      	MOVF       R0, 0
0x00EA	0x00D6      	MOVWF      FARG_Lcd_Cmd_out_char
0x00EB	0x202E      	CALL       _Lcd_Cmd
;__Lib_Lcd.c,79 :: 		
0x00EC	0x103C      	BCF        __Lib_Lcd_cmd_status, BitPos(__Lib_Lcd_cmd_status+0)
;__Lib_Lcd.c,80 :: 		
0x00ED	0x0853      	MOVF       FARG_Lcd_Chr_out_char, 0
0x00EE	0x00D6      	MOVWF      FARG_Lcd_Cmd_out_char
0x00EF	0x202E      	CALL       _Lcd_Cmd
;__Lib_Lcd.c,81 :: 		
0x00F0	0x143C      	BSF        __Lib_Lcd_cmd_status, BitPos(__Lib_Lcd_cmd_status+0)
;__Lib_Lcd.c,82 :: 		
L_end_Lcd_Chr:
0x00F1	0x0008      	RETURN
; end of _Lcd_Chr
___CC2DW:
;__Lib_System.c,134 :: 		
;__Lib_System.c,137 :: 		
_CC2D_Loop1:
;__Lib_System.c,139 :: 		
0x00F2	0x206E      	CALL       _____DoICP
0x00F3	0x118A      	BCF        PCLATH, 3
0x00F4	0x120A      	BCF        PCLATH, 4
;__Lib_System.c,141 :: 		
0x00F5	0x0080      	MOVWF      INDF
;__Lib_System.c,142 :: 		
0x00F6	0x0A84      	INCF       FSR, 1
;__Lib_System.c,143 :: 		
0x00F7	0x0ABA      	INCF       ___DoICPAddr, 1
;__Lib_System.c,145 :: 		
0x00F8	0x1903      	BTFSC      STATUS, 2
;__Lib_System.c,146 :: 		
0x00F9	0x0ABB      	INCF       ___DoICPAddr+1, 1
;__Lib_System.c,147 :: 		
0x00FA	0x03F0      	DECF       R0, 1
;__Lib_System.c,149 :: 		
0x00FB	0x1D03      	BTFSS      STATUS, 2
;__Lib_System.c,150 :: 		
0x00FC	0x28F2      	GOTO       _CC2D_Loop1
;__Lib_System.c,152 :: 		
L_end___CC2DW:
0x00FD	0x0008      	RETURN
; end of ___CC2DW
_Lcd_Init:
;__Lib_Lcd.c,84 :: 		
;__Lib_Lcd.c,86 :: 		
0x00FE	0x1683      	BSF        STATUS, 5
0x00FF	0x1303      	BCF        STATUS, 6
0x0100	0x1287      	BCF        LCD_EN_Direction, BitPos(LCD_EN_Direction+0)
;__Lib_Lcd.c,87 :: 		
0x0101	0x1207      	BCF        LCD_RS_Direction, BitPos(LCD_RS_Direction+0)
;__Lib_Lcd.c,88 :: 		
0x0102	0x1007      	BCF        LCD_D4_Direction, BitPos(LCD_D4_Direction+0)
;__Lib_Lcd.c,89 :: 		
0x0103	0x1087      	BCF        LCD_D5_Direction, BitPos(LCD_D5_Direction+0)
;__Lib_Lcd.c,90 :: 		
0x0104	0x1107      	BCF        LCD_D6_Direction, BitPos(LCD_D6_Direction+0)
;__Lib_Lcd.c,91 :: 		
0x0105	0x1187      	BCF        LCD_D7_Direction, BitPos(LCD_D7_Direction+0)
;__Lib_Lcd.c,93 :: 		
0x0106	0x1283      	BCF        STATUS, 5
0x0107	0x1287      	BCF        LCD_EN, BitPos(LCD_EN+0)
;__Lib_Lcd.c,94 :: 		
0x0108	0x1207      	BCF        LCD_RS, BitPos(LCD_RS+0)
;__Lib_Lcd.c,95 :: 		
0x0109	0x1187      	BCF        LCD_D7, BitPos(LCD_D7+0)
;__Lib_Lcd.c,96 :: 		
0x010A	0x1107      	BCF        LCD_D6, BitPos(LCD_D6+0)
;__Lib_Lcd.c,97 :: 		
0x010B	0x1087      	BCF        LCD_D5, BitPos(LCD_D5+0)
;__Lib_Lcd.c,98 :: 		
0x010C	0x1007      	BCF        LCD_D4, BitPos(LCD_D4+0)
;__Lib_Lcd.c,100 :: 		
0x010D	0x201E      	CALL       _Delay_5500us
;__Lib_Lcd.c,101 :: 		
0x010E	0x201E      	CALL       _Delay_5500us
;__Lib_Lcd.c,102 :: 		
0x010F	0x201E      	CALL       _Delay_5500us
;__Lib_Lcd.c,105 :: 		
0x0110	0x1487      	BSF        LCD_D5, BitPos(LCD_D5+0)
;__Lib_Lcd.c,106 :: 		
0x0111	0x1407      	BSF        LCD_D4, BitPos(LCD_D4+0)
;__Lib_Lcd.c,107 :: 		
0x0112	0x1687      	BSF        LCD_EN, BitPos(LCD_EN+0)
;__Lib_Lcd.c,108 :: 		
0x0113	0x202B      	CALL       _Delay_1us
;__Lib_Lcd.c,109 :: 		
0x0114	0x1287      	BCF        LCD_EN, BitPos(LCD_EN+0)
;__Lib_Lcd.c,110 :: 		
0x0115	0x201E      	CALL       _Delay_5500us
;__Lib_Lcd.c,112 :: 		
0x0116	0x1687      	BSF        LCD_EN, BitPos(LCD_EN+0)
;__Lib_Lcd.c,113 :: 		
0x0117	0x202B      	CALL       _Delay_1us
;__Lib_Lcd.c,114 :: 		
0x0118	0x1287      	BCF        LCD_EN, BitPos(LCD_EN+0)
;__Lib_Lcd.c,115 :: 		
0x0119	0x201E      	CALL       _Delay_5500us
;__Lib_Lcd.c,117 :: 		
0x011A	0x1687      	BSF        LCD_EN, BitPos(LCD_EN+0)
;__Lib_Lcd.c,118 :: 		
0x011B	0x202B      	CALL       _Delay_1us
;__Lib_Lcd.c,119 :: 		
0x011C	0x1287      	BCF        LCD_EN, BitPos(LCD_EN+0)
;__Lib_Lcd.c,120 :: 		
0x011D	0x201E      	CALL       _Delay_5500us
;__Lib_Lcd.c,123 :: 		
0x011E	0x1007      	BCF        LCD_D4, BitPos(LCD_D4+0)
;__Lib_Lcd.c,124 :: 		
0x011F	0x1687      	BSF        LCD_EN, BitPos(LCD_EN+0)
;__Lib_Lcd.c,125 :: 		
0x0120	0x202B      	CALL       _Delay_1us
;__Lib_Lcd.c,126 :: 		
0x0121	0x1287      	BCF        LCD_EN, BitPos(LCD_EN+0)
;__Lib_Lcd.c,127 :: 		
0x0122	0x201E      	CALL       _Delay_5500us
;__Lib_Lcd.c,130 :: 		
0x0123	0x1687      	BSF        LCD_EN, BitPos(LCD_EN+0)
;__Lib_Lcd.c,131 :: 		
0x0124	0x202B      	CALL       _Delay_1us
;__Lib_Lcd.c,132 :: 		
0x0125	0x1287      	BCF        LCD_EN, BitPos(LCD_EN+0)
;__Lib_Lcd.c,134 :: 		
0x0126	0x1087      	BCF        LCD_D5, BitPos(LCD_D5+0)
;__Lib_Lcd.c,135 :: 		
0x0127	0x1587      	BSF        LCD_D7, BitPos(LCD_D7+0)
;__Lib_Lcd.c,136 :: 		
0x0128	0x1687      	BSF        LCD_EN, BitPos(LCD_EN+0)
;__Lib_Lcd.c,137 :: 		
0x0129	0x202B      	CALL       _Delay_1us
;__Lib_Lcd.c,138 :: 		
0x012A	0x1287      	BCF        LCD_EN, BitPos(LCD_EN+0)
;__Lib_Lcd.c,139 :: 		
0x012B	0x201E      	CALL       _Delay_5500us
;__Lib_Lcd.c,142 :: 		
0x012C	0x1187      	BCF        LCD_D7, BitPos(LCD_D7+0)
;__Lib_Lcd.c,143 :: 		
0x012D	0x1407      	BSF        LCD_D4, BitPos(LCD_D4+0)
;__Lib_Lcd.c,144 :: 		
0x012E	0x1687      	BSF        LCD_EN, BitPos(LCD_EN+0)
;__Lib_Lcd.c,145 :: 		
0x012F	0x202B      	CALL       _Delay_1us
;__Lib_Lcd.c,146 :: 		
0x0130	0x1287      	BCF        LCD_EN, BitPos(LCD_EN+0)
;__Lib_Lcd.c,148 :: 		
0x0131	0x1007      	BCF        LCD_D4, BitPos(LCD_D4+0)
;__Lib_Lcd.c,149 :: 		
0x0132	0x1687      	BSF        LCD_EN, BitPos(LCD_EN+0)
;__Lib_Lcd.c,150 :: 		
0x0133	0x202B      	CALL       _Delay_1us
;__Lib_Lcd.c,151 :: 		
0x0134	0x1287      	BCF        LCD_EN, BitPos(LCD_EN+0)
;__Lib_Lcd.c,152 :: 		
0x0135	0x201E      	CALL       _Delay_5500us
;__Lib_Lcd.c,155 :: 		
0x0136	0x1687      	BSF        LCD_EN, BitPos(LCD_EN+0)
;__Lib_Lcd.c,156 :: 		
0x0137	0x202B      	CALL       _Delay_1us
;__Lib_Lcd.c,157 :: 		
0x0138	0x1287      	BCF        LCD_EN, BitPos(LCD_EN+0)
;__Lib_Lcd.c,159 :: 		
0x0139	0x1407      	BSF        LCD_D4, BitPos(LCD_D4+0)
;__Lib_Lcd.c,160 :: 		
0x013A	0x1687      	BSF        LCD_EN, BitPos(LCD_EN+0)
;__Lib_Lcd.c,161 :: 		
0x013B	0x202B      	CALL       _Delay_1us
;__Lib_Lcd.c,162 :: 		
0x013C	0x1287      	BCF        LCD_EN, BitPos(LCD_EN+0)
;__Lib_Lcd.c,163 :: 		
0x013D	0x201E      	CALL       _Delay_5500us
;__Lib_Lcd.c,166 :: 		
0x013E	0x1007      	BCF        LCD_D4, BitPos(LCD_D4+0)
;__Lib_Lcd.c,167 :: 		
0x013F	0x1687      	BSF        LCD_EN, BitPos(LCD_EN+0)
;__Lib_Lcd.c,168 :: 		
0x0140	0x202B      	CALL       _Delay_1us
;__Lib_Lcd.c,169 :: 		
0x0141	0x1287      	BCF        LCD_EN, BitPos(LCD_EN+0)
;__Lib_Lcd.c,171 :: 		
0x0142	0x1587      	BSF        LCD_D7, BitPos(LCD_D7+0)
;__Lib_Lcd.c,172 :: 		
0x0143	0x1507      	BSF        LCD_D6, BitPos(LCD_D6+0)
;__Lib_Lcd.c,173 :: 		
0x0144	0x1487      	BSF        LCD_D5, BitPos(LCD_D5+0)
;__Lib_Lcd.c,174 :: 		
0x0145	0x1407      	BSF        LCD_D4, BitPos(LCD_D4+0)
;__Lib_Lcd.c,175 :: 		
0x0146	0x1687      	BSF        LCD_EN, BitPos(LCD_EN+0)
;__Lib_Lcd.c,176 :: 		
0x0147	0x202B      	CALL       _Delay_1us
;__Lib_Lcd.c,177 :: 		
0x0148	0x1287      	BCF        LCD_EN, BitPos(LCD_EN+0)
;__Lib_Lcd.c,179 :: 		
0x0149	0x201E      	CALL       _Delay_5500us
;__Lib_Lcd.c,181 :: 		
0x014A	0x143C      	BSF        __Lib_Lcd_cmd_status, BitPos(__Lib_Lcd_cmd_status+0)
;__Lib_Lcd.c,182 :: 		
L_end_Lcd_Init:
0x014B	0x0008      	RETURN
; end of _Lcd_Init
_main:
0x014C	0x1283      	BCF        STATUS, 5
0x014D	0x1303      	BCF        STATUS, 6
0x014E	0x01A0      	CLRF       _bandera
0x014F	0x01A1      	CLRF       33
0x0150	0x3047      	MOVLW      71
0x0151	0x00A2      	MOVWF      ?lstr1_Practica9_Interrupciones
0x0152	0x3069      	MOVLW      105
0x0153	0x00A3      	MOVWF      35
0x0154	0x3073      	MOVLW      115
0x0155	0x00A4      	MOVWF      36
0x0156	0x3065      	MOVLW      101
0x0157	0x00A5      	MOVWF      37
0x0158	0x306C      	MOVLW      108
0x0159	0x00A6      	MOVWF      38
0x015A	0x01A7      	CLRF       39
0x015B	0x01A8      	CLRF       _i
0x015C	0x01A9      	CLRF       41
0x015D	0x3031      	MOVLW      49
0x015E	0x00AA      	MOVWF      _reg
0x015F	0x01AB      	CLRF       43
0x0160	0x3036      	MOVLW      54
0x0161	0x00AC      	MOVWF      44
0x0162	0x01AD      	CLRF       45
0x0163	0x3031      	MOVLW      49
0x0164	0x00AE      	MOVWF      46
0x0165	0x01AF      	CLRF       47
0x0166	0x3030      	MOVLW      48
0x0167	0x00B0      	MOVWF      48
0x0168	0x01B1      	CLRF       49
0x0169	0x3030      	MOVLW      48
0x016A	0x00B2      	MOVWF      50
0x016B	0x01B3      	CLRF       51
0x016C	0x3037      	MOVLW      55
0x016D	0x00B4      	MOVWF      52
0x016E	0x01B5      	CLRF       53
0x016F	0x3031      	MOVLW      49
0x0170	0x00B6      	MOVWF      54
0x0171	0x01B7      	CLRF       55
0x0172	0x3036      	MOVLW      54
0x0173	0x00B8      	MOVWF      56
0x0174	0x01B9      	CLRF       57
;Practica9_Interrupciones.c,27 :: 		void main() {
;Practica9_Interrupciones.c,28 :: 		GIE_BIT=1;
0x0175	0x178B      	BSF        GIE_bit, BitPos(GIE_bit+0)
;Practica9_Interrupciones.c,29 :: 		INTE_BIT=1;
0x0176	0x160B      	BSF        INTE_bit, BitPos(INTE_bit+0)
;Practica9_Interrupciones.c,30 :: 		lcd_init();
0x0177	0x20FE      	CALL       _Lcd_Init
;Practica9_Interrupciones.c,31 :: 		Lcd_Cmd(_LCD_CURSOR_OFF);
0x0178	0x300C      	MOVLW      12
0x0179	0x00D6      	MOVWF      FARG_Lcd_Cmd_out_char
0x017A	0x202E      	CALL       _Lcd_Cmd
;Practica9_Interrupciones.c,32 :: 		do{
L_main0:
;Practica9_Interrupciones.c,33 :: 		lcd_cmd(_lcd_clear);
0x017B	0x3001      	MOVLW      1
0x017C	0x00D6      	MOVWF      FARG_Lcd_Cmd_out_char
0x017D	0x202E      	CALL       _Lcd_Cmd
;Practica9_Interrupciones.c,34 :: 		for(x=0;x<=7;x++){
0x017E	0x01CD      	CLRF       _x
0x017F	0x01CE      	CLRF       _x+1
L_main3:
0x0180	0x3080      	MOVLW      128
0x0181	0x00F0      	MOVWF      R0
0x0182	0x3080      	MOVLW      128
0x0183	0x064E      	XORWF      _x+1, 0
0x0184	0x0270      	SUBWF      R0, 0
0x0185	0x1D03      	BTFSS      STATUS, 2
0x0186	0x2989      	GOTO       L__main15
0x0187	0x084D      	MOVF       _x, 0
0x0188	0x3C07      	SUBLW      7
L__main15:
0x0189	0x1C03      	BTFSS      STATUS, 0
0x018A	0x2A0F      	GOTO       L_main4
;Practica9_Interrupciones.c,35 :: 		aux[x]=reg[x];
0x018B	0x084D      	MOVF       _x, 0
0x018C	0x00F0      	MOVWF      R0
0x018D	0x084E      	MOVF       _x+1, 0
0x018E	0x00F1      	MOVWF      R0+1
0x018F	0x0DF0      	RLF        R0, 1
0x0190	0x0DF1      	RLF        R0+1, 1
0x0191	0x1070      	BCF        R0, 0
0x0192	0x0870      	MOVF       R0, 0
0x0193	0x3E3D      	ADDLW      _aux
0x0194	0x00F2      	MOVWF      R2
0x0195	0x0870      	MOVF       R0, 0
0x0196	0x3E2A      	ADDLW      _reg
0x0197	0x0084      	MOVWF      FSR
0x0198	0x0800      	MOVF       INDF, 0
0x0199	0x00F0      	MOVWF      R0
0x019A	0x0A84      	INCF       FSR, 1
0x019B	0x0800      	MOVF       INDF, 0
0x019C	0x00F1      	MOVWF      R0+1
0x019D	0x0872      	MOVF       R2, 0
0x019E	0x0084      	MOVWF      FSR
0x019F	0x0870      	MOVF       R0, 0
0x01A0	0x0080      	MOVWF      INDF
0x01A1	0x0871      	MOVF       R0+1, 0
0x01A2	0x0A84      	INCF       FSR, 1
0x01A3	0x0080      	MOVWF      INDF
;Practica9_Interrupciones.c,36 :: 		lcd_CHR(1,x+1,reg[x]);
0x01A4	0x3001      	MOVLW      1
0x01A5	0x00D1      	MOVWF      FARG_Lcd_Chr_row
0x01A6	0x0A4D      	INCF       _x, 0
0x01A7	0x00D2      	MOVWF      FARG_Lcd_Chr_column
0x01A8	0x084D      	MOVF       _x, 0
0x01A9	0x00F0      	MOVWF      R0
0x01AA	0x084E      	MOVF       _x+1, 0
0x01AB	0x00F1      	MOVWF      R0+1
0x01AC	0x0DF0      	RLF        R0, 1
0x01AD	0x0DF1      	RLF        R0+1, 1
0x01AE	0x1070      	BCF        R0, 0
0x01AF	0x0870      	MOVF       R0, 0
0x01B0	0x3E2A      	ADDLW      _reg
0x01B1	0x0084      	MOVWF      FSR
0x01B2	0x0800      	MOVF       INDF, 0
0x01B3	0x00D3      	MOVWF      FARG_Lcd_Chr_out_char
0x01B4	0x20BD      	CALL       _Lcd_Chr
;Practica9_Interrupciones.c,37 :: 		delay_ms(1000);
0x01B5	0x300B      	MOVLW      11
0x01B6	0x00FB      	MOVWF      R11
0x01B7	0x3026      	MOVLW      38
0x01B8	0x00FC      	MOVWF      R12
0x01B9	0x305D      	MOVLW      93
0x01BA	0x00FD      	MOVWF      R13
L_main6:
0x01BB	0x0BFD      	DECFSZ     R13, 1
0x01BC	0x29BB      	GOTO       L_main6
0x01BD	0x0BFC      	DECFSZ     R12, 1
0x01BE	0x29BB      	GOTO       L_main6
0x01BF	0x0BFB      	DECFSZ     R11, 1
0x01C0	0x29BB      	GOTO       L_main6
0x01C1	0x0000      	NOP
0x01C2	0x0000      	NOP
;Practica9_Interrupciones.c,38 :: 		if(bandera==3){
0x01C3	0x3000      	MOVLW      0
0x01C4	0x0621      	XORWF      _bandera+1, 0
0x01C5	0x1D03      	BTFSS      STATUS, 2
0x01C6	0x29C9      	GOTO       L__main16
0x01C7	0x3003      	MOVLW      3
0x01C8	0x0620      	XORWF      _bandera, 0
L__main16:
0x01C9	0x1D03      	BTFSS      STATUS, 2
0x01CA	0x2A0B      	GOTO       L_main7
;Practica9_Interrupciones.c,39 :: 		lcd_cmd(_lcd_clear);
0x01CB	0x3001      	MOVLW      1
0x01CC	0x00D6      	MOVWF      FARG_Lcd_Cmd_out_char
0x01CD	0x202E      	CALL       _Lcd_Cmd
;Practica9_Interrupciones.c,40 :: 		lcd_out(1,1, "Gisel");
0x01CE	0x3001      	MOVLW      1
0x01CF	0x00D1      	MOVWF      FARG_Lcd_Out_row
0x01D0	0x3001      	MOVLW      1
0x01D1	0x00D2      	MOVWF      FARG_Lcd_Out_column
0x01D2	0x3022      	MOVLW      ?lstr1_Practica9_Interrupciones
0x01D3	0x00D3      	MOVWF      FARG_Lcd_Out_text
0x01D4	0x207D      	CALL       _Lcd_Out
;Practica9_Interrupciones.c,41 :: 		delay_ms(1000);
0x01D5	0x300B      	MOVLW      11
0x01D6	0x00FB      	MOVWF      R11
0x01D7	0x3026      	MOVLW      38
0x01D8	0x00FC      	MOVWF      R12
0x01D9	0x305D      	MOVLW      93
0x01DA	0x00FD      	MOVWF      R13
L_main8:
0x01DB	0x0BFD      	DECFSZ     R13, 1
0x01DC	0x29DB      	GOTO       L_main8
0x01DD	0x0BFC      	DECFSZ     R12, 1
0x01DE	0x29DB      	GOTO       L_main8
0x01DF	0x0BFB      	DECFSZ     R11, 1
0x01E0	0x29DB      	GOTO       L_main8
0x01E1	0x0000      	NOP
0x01E2	0x0000      	NOP
;Practica9_Interrupciones.c,42 :: 		lcd_cmd(_lcd_clear);
0x01E3	0x3001      	MOVLW      1
0x01E4	0x00D6      	MOVWF      FARG_Lcd_Cmd_out_char
0x01E5	0x202E      	CALL       _Lcd_Cmd
;Practica9_Interrupciones.c,43 :: 		for(i=0;i<=x;i++){
0x01E6	0x01A8      	CLRF       _i
0x01E7	0x01A9      	CLRF       _i+1
L_main9:
0x01E8	0x3080      	MOVLW      128
0x01E9	0x064E      	XORWF      _x+1, 0
0x01EA	0x00F0      	MOVWF      R0
0x01EB	0x3080      	MOVLW      128
0x01EC	0x0629      	XORWF      _i+1, 0
0x01ED	0x0270      	SUBWF      R0, 0
0x01EE	0x1D03      	BTFSS      STATUS, 2
0x01EF	0x29F2      	GOTO       L__main17
0x01F0	0x0828      	MOVF       _i, 0
0x01F1	0x024D      	SUBWF      _x, 0
L__main17:
0x01F2	0x1C03      	BTFSS      STATUS, 0
0x01F3	0x2A09      	GOTO       L_main10
;Practica9_Interrupciones.c,44 :: 		lcd_Chr(1,i+1,aux[i]);
0x01F4	0x3001      	MOVLW      1
0x01F5	0x00D1      	MOVWF      FARG_Lcd_Chr_row
0x01F6	0x0A28      	INCF       _i, 0
0x01F7	0x00D2      	MOVWF      FARG_Lcd_Chr_column
0x01F8	0x0828      	MOVF       _i, 0
0x01F9	0x00F0      	MOVWF      R0
0x01FA	0x0829      	MOVF       _i+1, 0
0x01FB	0x00F1      	MOVWF      R0+1
0x01FC	0x0DF0      	RLF        R0, 1
0x01FD	0x0DF1      	RLF        R0+1, 1
0x01FE	0x1070      	BCF        R0, 0
0x01FF	0x0870      	MOVF       R0, 0
0x0200	0x3E3D      	ADDLW      _aux
0x0201	0x0084      	MOVWF      FSR
0x0202	0x0800      	MOVF       INDF, 0
0x0203	0x00D3      	MOVWF      FARG_Lcd_Chr_out_char
0x0204	0x20BD      	CALL       _Lcd_Chr
;Practica9_Interrupciones.c,43 :: 		for(i=0;i<=x;i++){
0x0205	0x0AA8      	INCF       _i, 1
0x0206	0x1903      	BTFSC      STATUS, 2
0x0207	0x0AA9      	INCF       _i+1, 1
;Practica9_Interrupciones.c,45 :: 		}
0x0208	0x29E8      	GOTO       L_main9
L_main10:
;Practica9_Interrupciones.c,46 :: 		bandera=0;
0x0209	0x01A0      	CLRF       _bandera
0x020A	0x01A1      	CLRF       _bandera+1
;Practica9_Interrupciones.c,47 :: 		}
L_main7:
;Practica9_Interrupciones.c,34 :: 		for(x=0;x<=7;x++){
0x020B	0x0ACD      	INCF       _x, 1
0x020C	0x1903      	BTFSC      STATUS, 2
0x020D	0x0ACE      	INCF       _x+1, 1
;Practica9_Interrupciones.c,48 :: 		}
0x020E	0x2980      	GOTO       L_main3
L_main4:
;Practica9_Interrupciones.c,49 :: 		} while(1);
0x020F	0x297B      	GOTO       L_main0
;Practica9_Interrupciones.c,50 :: 		}
L_end_main:
0x0210	0x2A10      	GOTO       $+0
; end of _main
Symbol List:
//** Routines locations **
//ADDRESS    SIZE    PROCEDURE
//----------------------------------------------
0x0004      [19]    _interrupt
0x0017       [7]    _Delay_50us
0x001E      [13]    _Delay_5500us
0x002B       [3]    _Delay_1us
0x002E      [64]    _Lcd_Cmd
0x006E       [7]    _____DoICP
0x0075       [8]    _Lcd_Chr_CP
0x007D      [64]    _Lcd_Out
0x00BD      [53]    _Lcd_Chr
0x00F2      [12]    ___CC2DW
0x00FE      [78]    _Lcd_Init
0x014C     [197]    _main
//** Variables locations ** 
//ADDRESS    SIZE    VARIABLE
//----------------------------------------------
0x0000       [1]    INDF
0x0002       [1]    PCL
0x0003       [1]    STATUS
0x0004       [1]    FSR
0x0007       [0]    LCD_D6
0x0007       [0]    RC2_bit
0x0007       [0]    LCD_D5
0x0007       [0]    RC1_bit
0x0007       [0]    RC0_bit
0x0007       [0]    LCD_D7
0x0007       [0]    RC3_bit
0x0007       [0]    LCD_RS
0x0007       [0]    LCD_D4
0x0007       [0]    LCD_EN
0x0007       [0]    RC5_bit
0x0007       [0]    RC4_bit
0x000A       [1]    PCLATH
0x000B       [0]    INTF_bit
0x000B       [0]    INTE_bit
0x000B       [0]    GIE_bit
0x0020       [2]    _bandera
0x0022       [6]    ?lstr1_Practica9_Interrupciones
0x0028       [2]    _i
0x002A      [16]    _reg
0x003A       [2]    ___DoICPAddr
0x003C       [0]    __Lib_Lcd_cmd_status
0x003D      [16]    _aux
0x004D       [2]    _x
0x004F       [1]    ___saveSTATUS
0x0050       [1]    ___savePCLATH
0x0051       [1]    FARG_Lcd_Chr_row
0x0051       [1]    FARG_Lcd_Out_row
0x0052       [1]    FARG_Lcd_Out_column
0x0052       [1]    FARG_Lcd_Chr_column
0x0053       [1]    FARG_Lcd_Out_text
0x0053       [1]    FARG_Lcd_Chr_out_char
0x0054       [1]    Lcd_Out_i_L0
0x0055       [1]    FARG_Lcd_Chr_CP_out_char
0x0056       [1]    FARG_Lcd_Cmd_out_char
0x0070       [1]    R0
0x0071       [1]    R1
0x0072       [1]    R2
0x0073       [1]    R3
0x0074       [1]    R4
0x0075       [1]    R5
0x0076       [1]    R6
0x0077       [1]    R7
0x0078       [1]    R8
0x0079       [1]    R9
0x007A       [1]    R10
0x007B       [1]    R11
0x007C       [1]    R12
0x007D       [1]    R13
0x007E       [1]    R14
0x007F       [1]    R15
0x0087       [0]    LCD_EN_Direction
0x0087       [0]    LCD_D6_Direction
0x0087       [0]    LCD_D7_Direction
0x0087       [0]    LCD_D4_Direction
0x0087       [0]    LCD_D5_Direction
0x0087       [0]    LCD_RS_Direction
0x0087       [0]    TRISC3_bit
0x0087       [0]    TRISC4_bit
0x0087       [0]    TRISC2_bit
0x0087       [0]    TRISC0_bit
0x0087       [0]    TRISC1_bit
0x0087       [0]    TRISC5_bit
