;  LST file generated by mikroListExporter - v.2.0 
; Date/Time: 05/03/2019 09:08:42 a.m.
;----------------------------------------------

;Address Opcode 	ASM
0x0000	0x2A83      	GOTO       643
_Delay_1us:
;__Lib_Delays.c,7 :: 		void Delay_1us() {
;__Lib_Delays.c,8 :: 		Delay_us(1);
0x0003	0x0000      	NOP
0x0004	0x0000      	NOP
;__Lib_Delays.c,9 :: 		}
L_end_Delay_1us:
0x0005	0x0008      	RETURN
; end of _Delay_1us
_Delay_50us:
;__Lib_Delays.c,19 :: 		void Delay_50us() {
;__Lib_Delays.c,20 :: 		Delay_us(50);
0x0006	0x3021      	MOVLW      33
0x0007	0x1283      	BCF        STATUS, 5
0x0008	0x1303      	BCF        STATUS, 6
0x0009	0x00FD      	MOVWF      R13
L_Delay_50us2:
0x000A	0x0BFD      	DECFSZ     R13, 1
0x000B	0x280A      	GOTO       L_Delay_50us2
;__Lib_Delays.c,21 :: 		}
L_end_Delay_50us:
0x000C	0x0008      	RETURN
; end of _Delay_50us
_Delay_5500us:
;__Lib_Delays.c,31 :: 		void Delay_5500us() {
;__Lib_Delays.c,32 :: 		Delay_us(5500);
0x000D	0x300F      	MOVLW      15
0x000E	0x1283      	BCF        STATUS, 5
0x000F	0x1303      	BCF        STATUS, 6
0x0010	0x00FC      	MOVWF      R12
0x0011	0x3047      	MOVLW      71
0x0012	0x00FD      	MOVWF      R13
L_Delay_5500us5:
0x0013	0x0BFD      	DECFSZ     R13, 1
0x0014	0x2813      	GOTO       L_Delay_5500us5
0x0015	0x0BFC      	DECFSZ     R12, 1
0x0016	0x2813      	GOTO       L_Delay_5500us5
0x0017	0x0000      	NOP
0x0018	0x0000      	NOP
;__Lib_Delays.c,33 :: 		}
L_end_Delay_5500us:
0x0019	0x0008      	RETURN
; end of _Delay_5500us
_Lcd_Cmd:
;__Lib_Lcd.c,18 :: 		
;__Lib_Lcd.c,20 :: 		
0x001A	0x1683      	BSF        STATUS, 5
0x001B	0x1303      	BCF        STATUS, 6
0x001C	0x1BB6      	BTFSC      FARG_Lcd_Cmd_out_char, 7
0x001D	0x2821      	GOTO       L__Lcd_Cmd21
0x001E	0x1283      	BCF        STATUS, 5
0x001F	0x1286      	BCF        LCD_D7, BitPos(LCD_D7+0)
0x0020	0x2823      	GOTO       L__Lcd_Cmd22
L__Lcd_Cmd21:
0x0021	0x1283      	BCF        STATUS, 5
0x0022	0x1686      	BSF        LCD_D7, BitPos(LCD_D7+0)
L__Lcd_Cmd22:
;__Lib_Lcd.c,21 :: 		
0x0023	0x1683      	BSF        STATUS, 5
0x0024	0x1B36      	BTFSC      FARG_Lcd_Cmd_out_char, 6
0x0025	0x2829      	GOTO       L__Lcd_Cmd23
0x0026	0x1283      	BCF        STATUS, 5
0x0027	0x1206      	BCF        LCD_D6, BitPos(LCD_D6+0)
0x0028	0x282B      	GOTO       L__Lcd_Cmd24
L__Lcd_Cmd23:
0x0029	0x1283      	BCF        STATUS, 5
0x002A	0x1606      	BSF        LCD_D6, BitPos(LCD_D6+0)
L__Lcd_Cmd24:
;__Lib_Lcd.c,22 :: 		
0x002B	0x1683      	BSF        STATUS, 5
0x002C	0x1AB6      	BTFSC      FARG_Lcd_Cmd_out_char, 5
0x002D	0x2831      	GOTO       L__Lcd_Cmd25
0x002E	0x1283      	BCF        STATUS, 5
0x002F	0x1186      	BCF        LCD_D5, BitPos(LCD_D5+0)
0x0030	0x2833      	GOTO       L__Lcd_Cmd26
L__Lcd_Cmd25:
0x0031	0x1283      	BCF        STATUS, 5
0x0032	0x1586      	BSF        LCD_D5, BitPos(LCD_D5+0)
L__Lcd_Cmd26:
;__Lib_Lcd.c,23 :: 		
0x0033	0x1683      	BSF        STATUS, 5
0x0034	0x1A36      	BTFSC      FARG_Lcd_Cmd_out_char, 4
0x0035	0x2839      	GOTO       L__Lcd_Cmd27
0x0036	0x1283      	BCF        STATUS, 5
0x0037	0x1106      	BCF        LCD_D4, BitPos(LCD_D4+0)
0x0038	0x283B      	GOTO       L__Lcd_Cmd28
L__Lcd_Cmd27:
0x0039	0x1283      	BCF        STATUS, 5
0x003A	0x1506      	BSF        LCD_D4, BitPos(LCD_D4+0)
L__Lcd_Cmd28:
;__Lib_Lcd.c,25 :: 		
0x003B	0x1863      	BTFSC      __Lib_Lcd_cmd_status, BitPos(__Lib_Lcd_cmd_status+0)
0x003C	0x283F      	GOTO       L__Lcd_Cmd29
0x003D	0x1406      	BSF        LCD_RS, BitPos(LCD_RS+0)
0x003E	0x2840      	GOTO       L__Lcd_Cmd30
L__Lcd_Cmd29:
0x003F	0x1006      	BCF        LCD_RS, BitPos(LCD_RS+0)
L__Lcd_Cmd30:
;__Lib_Lcd.c,28 :: 		
0x0040	0x1486      	BSF        LCD_EN, BitPos(LCD_EN+0)
;__Lib_Lcd.c,29 :: 		
0x0041	0x2003      	CALL       _Delay_1us
;__Lib_Lcd.c,30 :: 		
0x0042	0x1086      	BCF        LCD_EN, BitPos(LCD_EN+0)
;__Lib_Lcd.c,33 :: 		
0x0043	0x1683      	BSF        STATUS, 5
0x0044	0x19B6      	BTFSC      FARG_Lcd_Cmd_out_char, 3
0x0045	0x2849      	GOTO       L__Lcd_Cmd31
0x0046	0x1283      	BCF        STATUS, 5
0x0047	0x1286      	BCF        LCD_D7, BitPos(LCD_D7+0)
0x0048	0x284B      	GOTO       L__Lcd_Cmd32
L__Lcd_Cmd31:
0x0049	0x1283      	BCF        STATUS, 5
0x004A	0x1686      	BSF        LCD_D7, BitPos(LCD_D7+0)
L__Lcd_Cmd32:
;__Lib_Lcd.c,34 :: 		
0x004B	0x1683      	BSF        STATUS, 5
0x004C	0x1936      	BTFSC      FARG_Lcd_Cmd_out_char, 2
0x004D	0x2851      	GOTO       L__Lcd_Cmd33
0x004E	0x1283      	BCF        STATUS, 5
0x004F	0x1206      	BCF        LCD_D6, BitPos(LCD_D6+0)
0x0050	0x2853      	GOTO       L__Lcd_Cmd34
L__Lcd_Cmd33:
0x0051	0x1283      	BCF        STATUS, 5
0x0052	0x1606      	BSF        LCD_D6, BitPos(LCD_D6+0)
L__Lcd_Cmd34:
;__Lib_Lcd.c,35 :: 		
0x0053	0x1683      	BSF        STATUS, 5
0x0054	0x18B6      	BTFSC      FARG_Lcd_Cmd_out_char, 1
0x0055	0x2859      	GOTO       L__Lcd_Cmd35
0x0056	0x1283      	BCF        STATUS, 5
0x0057	0x1186      	BCF        LCD_D5, BitPos(LCD_D5+0)
0x0058	0x285B      	GOTO       L__Lcd_Cmd36
L__Lcd_Cmd35:
0x0059	0x1283      	BCF        STATUS, 5
0x005A	0x1586      	BSF        LCD_D5, BitPos(LCD_D5+0)
L__Lcd_Cmd36:
;__Lib_Lcd.c,36 :: 		
0x005B	0x1683      	BSF        STATUS, 5
0x005C	0x1836      	BTFSC      FARG_Lcd_Cmd_out_char, 0
0x005D	0x2861      	GOTO       L__Lcd_Cmd37
0x005E	0x1283      	BCF        STATUS, 5
0x005F	0x1106      	BCF        LCD_D4, BitPos(LCD_D4+0)
0x0060	0x2863      	GOTO       L__Lcd_Cmd38
L__Lcd_Cmd37:
0x0061	0x1283      	BCF        STATUS, 5
0x0062	0x1506      	BSF        LCD_D4, BitPos(LCD_D4+0)
L__Lcd_Cmd38:
;__Lib_Lcd.c,38 :: 		
0x0063	0x1863      	BTFSC      __Lib_Lcd_cmd_status, BitPos(__Lib_Lcd_cmd_status+0)
0x0064	0x2867      	GOTO       L__Lcd_Cmd39
0x0065	0x1406      	BSF        LCD_RS, BitPos(LCD_RS+0)
0x0066	0x2868      	GOTO       L__Lcd_Cmd40
L__Lcd_Cmd39:
0x0067	0x1006      	BCF        LCD_RS, BitPos(LCD_RS+0)
L__Lcd_Cmd40:
;__Lib_Lcd.c,40 :: 		
0x0068	0x1486      	BSF        LCD_EN, BitPos(LCD_EN+0)
;__Lib_Lcd.c,41 :: 		
0x0069	0x2003      	CALL       _Delay_1us
;__Lib_Lcd.c,42 :: 		
0x006A	0x1086      	BCF        LCD_EN, BitPos(LCD_EN+0)
;__Lib_Lcd.c,44 :: 		
0x006B	0x1C63      	BTFSS      __Lib_Lcd_cmd_status, BitPos(__Lib_Lcd_cmd_status+0)
0x006C	0x286F      	GOTO       L_Lcd_Cmd0
;__Lib_Lcd.c,45 :: 		
0x006D	0x200D      	CALL       _Delay_5500us
0x006E	0x2870      	GOTO       L_Lcd_Cmd1
L_Lcd_Cmd0:
;__Lib_Lcd.c,47 :: 		
0x006F	0x2006      	CALL       _Delay_50us
L_Lcd_Cmd1:
;__Lib_Lcd.c,48 :: 		
L_end_Lcd_Cmd:
0x0070	0x0008      	RETURN
; end of _Lcd_Cmd
_Delay_10us:
;__Lib_Delays.c,11 :: 		void Delay_10us() {
;__Lib_Delays.c,12 :: 		Delay_us(10);
0x0071	0x3006      	MOVLW      6
0x0072	0x1283      	BCF        STATUS, 5
0x0073	0x1303      	BCF        STATUS, 6
0x0074	0x00FD      	MOVWF      R13
L_Delay_10us0:
0x0075	0x0BFD      	DECFSZ     R13, 1
0x0076	0x2875      	GOTO       L_Delay_10us0
0x0077	0x0000      	NOP
;__Lib_Delays.c,13 :: 		}
L_end_Delay_10us:
0x0078	0x0008      	RETURN
; end of _Delay_10us
_Keypad_Key_Press:
;__Lib_Keypad4x4.c,39 :: 		
;__Lib_Keypad4x4.c,43 :: 		
0x0079	0x1683      	BSF        STATUS, 5
0x007A	0x1303      	BCF        STATUS, 6
0x007B	0x01B1      	CLRF       Keypad_Key_Press_rslt_L0
;__Lib_Keypad4x4.c,44 :: 		
0x007C	0x01B3      	CLRF       Keypad_Key_Press_loc_L0
;__Lib_Keypad4x4.c,45 :: 		
0x007D	0x01B4      	CLRF       Keypad_Key_Press_rowcnt_L0
;__Lib_Keypad4x4.c,46 :: 		
0x007E	0x3010      	MOVLW      16
0x007F	0x00B5      	MOVWF      Keypad_Key_Press_shifter_L0
;__Lib_Keypad4x4.c,48 :: 		
L_Keypad_Key_Press0:
0x0080	0x3004      	MOVLW      4
0x0081	0x0234      	SUBWF      Keypad_Key_Press_rowcnt_L0, 0
0x0082	0x1803      	BTFSC      STATUS, 0
0x0083	0x28AE      	GOTO       L_Keypad_Key_Press1
;__Lib_Keypad4x4.c,50 :: 		
0x0084	0x30F0      	MOVLW      240
0x0085	0x1283      	BCF        STATUS, 5
0x0086	0x0088      	MOVWF      keypadPort
;__Lib_Keypad4x4.c,51 :: 		
0x0087	0x3080      	MOVLW      128
0x0088	0x00F0      	MOVWF      R0
0x0089	0x0870      	MOVF       R0, 0
0x008A	0x3E08      	ADDLW      keypadPort
0x008B	0x0084      	MOVWF      FSR
0x008C	0x1683      	BSF        STATUS, 5
0x008D	0x0935      	COMF       Keypad_Key_Press_shifter_L0, 0
0x008E	0x00F0      	MOVWF      R0
0x008F	0x0870      	MOVF       R0, 0
0x0090	0x0080      	MOVWF      INDF
;__Lib_Keypad4x4.c,55 :: 		
0x0091	0x2003      	CALL       _Delay_1us
;__Lib_Keypad4x4.c,56 :: 		
0x0092	0x2003      	CALL       _Delay_1us
;__Lib_Keypad4x4.c,57 :: 		
0x0093	0x300F      	MOVLW      15
0x0094	0x1283      	BCF        STATUS, 5
0x0095	0x0508      	ANDWF      keypadPort, 0
0x0096	0x00F0      	MOVWF      R0
0x0097	0x0870      	MOVF       R0, 0
0x0098	0x1683      	BSF        STATUS, 5
0x0099	0x00B2      	MOVWF      Keypad_Key_Press_kdata_L0
;__Lib_Keypad4x4.c,58 :: 		
0x009A	0x0870      	MOVF       R0, 0
0x009B	0x1903      	BTFSC      STATUS, 2
0x009C	0x28A8      	GOTO       L_Keypad_Key_Press2
;__Lib_Keypad4x4.c,60 :: 		
0x009D	0x0833      	MOVF       Keypad_Key_Press_loc_L0, 0
0x009E	0x00B1      	MOVWF      Keypad_Key_Press_rslt_L0
;__Lib_Keypad4x4.c,61 :: 		
L_Keypad_Key_Press3:
0x009F	0x0832      	MOVF       Keypad_Key_Press_kdata_L0, 0
0x00A0	0x1903      	BTFSC      STATUS, 2
0x00A1	0x28A6      	GOTO       L_Keypad_Key_Press4
;__Lib_Keypad4x4.c,62 :: 		
0x00A2	0x0CB2      	RRF        Keypad_Key_Press_kdata_L0, 1
0x00A3	0x13B2      	BCF        Keypad_Key_Press_kdata_L0, 7
;__Lib_Keypad4x4.c,63 :: 		
0x00A4	0x0AB1      	INCF       Keypad_Key_Press_rslt_L0, 1
;__Lib_Keypad4x4.c,64 :: 		
0x00A5	0x289F      	GOTO       L_Keypad_Key_Press3
L_Keypad_Key_Press4:
;__Lib_Keypad4x4.c,66 :: 		
0x00A6	0x3004      	MOVLW      4
0x00A7	0x00B4      	MOVWF      Keypad_Key_Press_rowcnt_L0
;__Lib_Keypad4x4.c,67 :: 		
L_Keypad_Key_Press2:
;__Lib_Keypad4x4.c,68 :: 		
0x00A8	0x0DB5      	RLF        Keypad_Key_Press_shifter_L0, 1
0x00A9	0x1035      	BCF        Keypad_Key_Press_shifter_L0, 0
;__Lib_Keypad4x4.c,69 :: 		
0x00AA	0x3004      	MOVLW      4
0x00AB	0x07B3      	ADDWF      Keypad_Key_Press_loc_L0, 1
;__Lib_Keypad4x4.c,70 :: 		
0x00AC	0x0AB4      	INCF       Keypad_Key_Press_rowcnt_L0, 1
;__Lib_Keypad4x4.c,71 :: 		
0x00AD	0x2880      	GOTO       L_Keypad_Key_Press0
L_Keypad_Key_Press1:
;__Lib_Keypad4x4.c,73 :: 		
0x00AE	0x0831      	MOVF       Keypad_Key_Press_rslt_L0, 0
0x00AF	0x00F0      	MOVWF      R0
;__Lib_Keypad4x4.c,74 :: 		
L_end_Keypad_Key_Press:
0x00B0	0x0008      	RETURN
; end of _Keypad_Key_Press
_____DoICP:
;__Lib_System.c,6 :: 		
;__Lib_System.c,9 :: 		
0x00B1	0x1283      	BCF        STATUS, 5
0x00B2	0x1303      	BCF        STATUS, 6
0x00B3	0x085C      	MOVF       ___DoICPAddr+1, 0
0x00B4	0x008A      	MOVWF      PCLATH
;__Lib_System.c,10 :: 		
0x00B5	0x085B      	MOVF       ___DoICPAddr, 0
0x00B6	0x0082      	MOVWF      PCL
;__Lib_System.c,12 :: 		
L_end_____DoICP:
0x00B7	0x0008      	RETURN
; end of _____DoICP
_Lcd_Chr_CP:
;__Lib_Lcd.c,50 :: 		
;__Lib_Lcd.c,52 :: 		
0x00B8	0x1283      	BCF        STATUS, 5
0x00B9	0x1303      	BCF        STATUS, 6
0x00BA	0x1063      	BCF        __Lib_Lcd_cmd_status, BitPos(__Lib_Lcd_cmd_status+0)
;__Lib_Lcd.c,53 :: 		
0x00BB	0x1683      	BSF        STATUS, 5
0x00BC	0x0831      	MOVF       FARG_Lcd_Chr_CP_out_char, 0
0x00BD	0x00B6      	MOVWF      FARG_Lcd_Cmd_out_char
0x00BE	0x201A      	CALL       _Lcd_Cmd
;__Lib_Lcd.c,54 :: 		
0x00BF	0x1463      	BSF        __Lib_Lcd_cmd_status, BitPos(__Lib_Lcd_cmd_status+0)
;__Lib_Lcd.c,55 :: 		
L_end_Lcd_Chr_CP:
0x00C0	0x0008      	RETURN
; end of _Lcd_Chr_CP
_Keypad_Key_Click:
;__Lib_Keypad4x4.c,77 :: 		
;__Lib_Keypad4x4.c,81 :: 		
0x00C1	0x2079      	CALL       _Keypad_Key_Press
0x00C2	0x0870      	MOVF       R0, 0
0x00C3	0x00AD      	MOVWF      Keypad_Key_Click_rslt_L0
;__Lib_Keypad4x4.c,83 :: 		
L_Keypad_Key_Click5:
0x00C4	0x300F      	MOVLW      15
0x00C5	0x1283      	BCF        STATUS, 5
0x00C6	0x0508      	ANDWF      keypadPort, 0
0x00C7	0x00F0      	MOVWF      R0
0x00C8	0x1903      	BTFSC      STATUS, 2
0x00C9	0x28CC      	GOTO       L_Keypad_Key_Click6
;__Lib_Keypad4x4.c,84 :: 		
0x00CA	0x2071      	CALL       _Delay_10us
0x00CB	0x28C4      	GOTO       L_Keypad_Key_Click5
L_Keypad_Key_Click6:
;__Lib_Keypad4x4.c,86 :: 		
0x00CC	0x1683      	BSF        STATUS, 5
0x00CD	0x082D      	MOVF       Keypad_Key_Click_rslt_L0, 0
0x00CE	0x00F0      	MOVWF      R0
;__Lib_Keypad4x4.c,87 :: 		
L_end_Keypad_Key_Click:
0x00CF	0x0008      	RETURN
; end of _Keypad_Key_Click
_Lcd_Out:
;__Lib_Lcd.c,184 :: 		
;__Lib_Lcd.c,187 :: 		
0x00D0	0x28E2      	GOTO       L_Lcd_Out11
;__Lib_Lcd.c,188 :: 		
L_Lcd_Out13:
0x00D1	0x3080      	MOVLW      128
0x00D2	0x1683      	BSF        STATUS, 5
0x00D3	0x1303      	BCF        STATUS, 6
0x00D4	0x00AD      	MOVWF      FARG_Lcd_Out_row
0x00D5	0x28F5      	GOTO       L_Lcd_Out12
;__Lib_Lcd.c,189 :: 		
L_Lcd_Out14:
0x00D6	0x30C0      	MOVLW      192
0x00D7	0x00AD      	MOVWF      FARG_Lcd_Out_row
0x00D8	0x28F5      	GOTO       L_Lcd_Out12
;__Lib_Lcd.c,190 :: 		
L_Lcd_Out15:
0x00D9	0x3094      	MOVLW      148
0x00DA	0x00AD      	MOVWF      FARG_Lcd_Out_row
0x00DB	0x28F5      	GOTO       L_Lcd_Out12
;__Lib_Lcd.c,191 :: 		
L_Lcd_Out16:
0x00DC	0x30D4      	MOVLW      212
0x00DD	0x00AD      	MOVWF      FARG_Lcd_Out_row
0x00DE	0x28F5      	GOTO       L_Lcd_Out12
;__Lib_Lcd.c,192 :: 		
L_Lcd_Out17:
0x00DF	0x3080      	MOVLW      128
0x00E0	0x00AD      	MOVWF      FARG_Lcd_Out_row
;__Lib_Lcd.c,193 :: 		
0x00E1	0x28F5      	GOTO       L_Lcd_Out12
L_Lcd_Out11:
0x00E2	0x1683      	BSF        STATUS, 5
0x00E3	0x1303      	BCF        STATUS, 6
0x00E4	0x082D      	MOVF       FARG_Lcd_Out_row, 0
0x00E5	0x3A01      	XORLW      1
0x00E6	0x1903      	BTFSC      STATUS, 2
0x00E7	0x28D1      	GOTO       L_Lcd_Out13
0x00E8	0x082D      	MOVF       FARG_Lcd_Out_row, 0
0x00E9	0x3A02      	XORLW      2
0x00EA	0x1903      	BTFSC      STATUS, 2
0x00EB	0x28D6      	GOTO       L_Lcd_Out14
0x00EC	0x082D      	MOVF       FARG_Lcd_Out_row, 0
0x00ED	0x3A03      	XORLW      3
0x00EE	0x1903      	BTFSC      STATUS, 2
0x00EF	0x28D9      	GOTO       L_Lcd_Out15
0x00F0	0x082D      	MOVF       FARG_Lcd_Out_row, 0
0x00F1	0x3A04      	XORLW      4
0x00F2	0x1903      	BTFSC      STATUS, 2
0x00F3	0x28DC      	GOTO       L_Lcd_Out16
0x00F4	0x28DF      	GOTO       L_Lcd_Out17
L_Lcd_Out12:
;__Lib_Lcd.c,194 :: 		
0x00F5	0x032E      	DECF       FARG_Lcd_Out_column, 0
0x00F6	0x00F0      	MOVWF      R0
0x00F7	0x082D      	MOVF       FARG_Lcd_Out_row, 0
0x00F8	0x07F0      	ADDWF      R0, 1
0x00F9	0x0870      	MOVF       R0, 0
0x00FA	0x00AD      	MOVWF      FARG_Lcd_Out_row
;__Lib_Lcd.c,196 :: 		
0x00FB	0x0870      	MOVF       R0, 0
0x00FC	0x00B6      	MOVWF      FARG_Lcd_Cmd_out_char
0x00FD	0x201A      	CALL       _Lcd_Cmd
;__Lib_Lcd.c,197 :: 		
0x00FE	0x1063      	BCF        __Lib_Lcd_cmd_status, BitPos(__Lib_Lcd_cmd_status+0)
;__Lib_Lcd.c,198 :: 		
0x00FF	0x1683      	BSF        STATUS, 5
0x0100	0x01B0      	CLRF       Lcd_Out_i_L0
;__Lib_Lcd.c,199 :: 		
L_Lcd_Out18:
0x0101	0x0830      	MOVF       Lcd_Out_i_L0, 0
0x0102	0x072F      	ADDWF      FARG_Lcd_Out_text, 0
0x0103	0x0084      	MOVWF      FSR
0x0104	0x0800      	MOVF       INDF, 0
0x0105	0x1903      	BTFSC      STATUS, 2
0x0106	0x2910      	GOTO       L_Lcd_Out19
;__Lib_Lcd.c,200 :: 		
0x0107	0x0830      	MOVF       Lcd_Out_i_L0, 0
0x0108	0x072F      	ADDWF      FARG_Lcd_Out_text, 0
0x0109	0x0084      	MOVWF      FSR
0x010A	0x0800      	MOVF       INDF, 0
0x010B	0x00B1      	MOVWF      FARG_Lcd_Chr_CP_out_char
0x010C	0x20B8      	CALL       _Lcd_Chr_CP
0x010D	0x1683      	BSF        STATUS, 5
0x010E	0x0AB0      	INCF       Lcd_Out_i_L0, 1
0x010F	0x2901      	GOTO       L_Lcd_Out18
L_Lcd_Out19:
;__Lib_Lcd.c,201 :: 		
0x0110	0x1283      	BCF        STATUS, 5
0x0111	0x1463      	BSF        __Lib_Lcd_cmd_status, BitPos(__Lib_Lcd_cmd_status+0)
;__Lib_Lcd.c,202 :: 		
L_end_Lcd_Out:
0x0112	0x0008      	RETURN
; end of _Lcd_Out
_Convertir:
;Practica7_Comparacion.c,29 :: 		void Convertir(int kp){
;Practica7_Comparacion.c,30 :: 		switch (kp) {
0x0113	0x2964      	GOTO       L_Convertir0
;Practica7_Comparacion.c,32 :: 		case  49: kp = 1; break; // 1        // Uncomment this block for keypad4x4
L_Convertir2:
0x0114	0x3001      	MOVLW      1
0x0115	0x1683      	BSF        STATUS, 5
0x0116	0x1303      	BCF        STATUS, 6
0x0117	0x00AD      	MOVWF      FARG_Convertir_kp
0x0118	0x3000      	MOVLW      0
0x0119	0x00AE      	MOVWF      FARG_Convertir_kp+1
0x011A	0x29E6      	GOTO       L_Convertir1
;Practica7_Comparacion.c,33 :: 		case  50: kp = 2; break; // 2
L_Convertir3:
0x011B	0x3002      	MOVLW      2
0x011C	0x00AD      	MOVWF      FARG_Convertir_kp
0x011D	0x3000      	MOVLW      0
0x011E	0x00AE      	MOVWF      FARG_Convertir_kp+1
0x011F	0x29E6      	GOTO       L_Convertir1
;Practica7_Comparacion.c,34 :: 		case  51: kp = 3; break; // 3
L_Convertir4:
0x0120	0x3003      	MOVLW      3
0x0121	0x00AD      	MOVWF      FARG_Convertir_kp
0x0122	0x3000      	MOVLW      0
0x0123	0x00AE      	MOVWF      FARG_Convertir_kp+1
0x0124	0x29E6      	GOTO       L_Convertir1
;Practica7_Comparacion.c,35 :: 		case  65: kp = 10; break; // A
L_Convertir5:
0x0125	0x300A      	MOVLW      10
0x0126	0x00AD      	MOVWF      FARG_Convertir_kp
0x0127	0x3000      	MOVLW      0
0x0128	0x00AE      	MOVWF      FARG_Convertir_kp+1
0x0129	0x29E6      	GOTO       L_Convertir1
;Practica7_Comparacion.c,36 :: 		case  52: kp = 4; break; // 4
L_Convertir6:
0x012A	0x3004      	MOVLW      4
0x012B	0x00AD      	MOVWF      FARG_Convertir_kp
0x012C	0x3000      	MOVLW      0
0x012D	0x00AE      	MOVWF      FARG_Convertir_kp+1
0x012E	0x29E6      	GOTO       L_Convertir1
;Practica7_Comparacion.c,37 :: 		case  53: kp = 5; break; // 5
L_Convertir7:
0x012F	0x3005      	MOVLW      5
0x0130	0x00AD      	MOVWF      FARG_Convertir_kp
0x0131	0x3000      	MOVLW      0
0x0132	0x00AE      	MOVWF      FARG_Convertir_kp+1
0x0133	0x29E6      	GOTO       L_Convertir1
;Practica7_Comparacion.c,38 :: 		case  54: kp = 6; break; // 6
L_Convertir8:
0x0134	0x3006      	MOVLW      6
0x0135	0x00AD      	MOVWF      FARG_Convertir_kp
0x0136	0x3000      	MOVLW      0
0x0137	0x00AE      	MOVWF      FARG_Convertir_kp+1
0x0138	0x29E6      	GOTO       L_Convertir1
;Practica7_Comparacion.c,39 :: 		case  66: kp = 11; break; // B
L_Convertir9:
0x0139	0x300B      	MOVLW      11
0x013A	0x00AD      	MOVWF      FARG_Convertir_kp
0x013B	0x3000      	MOVLW      0
0x013C	0x00AE      	MOVWF      FARG_Convertir_kp+1
0x013D	0x29E6      	GOTO       L_Convertir1
;Practica7_Comparacion.c,40 :: 		case  55: kp = 7; break; // 7
L_Convertir10:
0x013E	0x3007      	MOVLW      7
0x013F	0x00AD      	MOVWF      FARG_Convertir_kp
0x0140	0x3000      	MOVLW      0
0x0141	0x00AE      	MOVWF      FARG_Convertir_kp+1
0x0142	0x29E6      	GOTO       L_Convertir1
;Practica7_Comparacion.c,41 :: 		case 56: kp = 8; break; // 8
L_Convertir11:
0x0143	0x3008      	MOVLW      8
0x0144	0x00AD      	MOVWF      FARG_Convertir_kp
0x0145	0x3000      	MOVLW      0
0x0146	0x00AE      	MOVWF      FARG_Convertir_kp+1
0x0147	0x29E6      	GOTO       L_Convertir1
;Practica7_Comparacion.c,42 :: 		case 57: kp = 9; break; // 9
L_Convertir12:
0x0148	0x3009      	MOVLW      9
0x0149	0x00AD      	MOVWF      FARG_Convertir_kp
0x014A	0x3000      	MOVLW      0
0x014B	0x00AE      	MOVWF      FARG_Convertir_kp+1
0x014C	0x29E6      	GOTO       L_Convertir1
;Practica7_Comparacion.c,43 :: 		case 67: kp = 12; break; // C
L_Convertir13:
0x014D	0x300C      	MOVLW      12
0x014E	0x00AD      	MOVWF      FARG_Convertir_kp
0x014F	0x3000      	MOVLW      0
0x0150	0x00AE      	MOVWF      FARG_Convertir_kp+1
0x0151	0x29E6      	GOTO       L_Convertir1
;Practica7_Comparacion.c,44 :: 		case 42: kp = 33; break; // *
L_Convertir14:
0x0152	0x3021      	MOVLW      33
0x0153	0x00AD      	MOVWF      FARG_Convertir_kp
0x0154	0x3000      	MOVLW      0
0x0155	0x00AE      	MOVWF      FARG_Convertir_kp+1
0x0156	0x29E6      	GOTO       L_Convertir1
;Practica7_Comparacion.c,45 :: 		case 48: kp = 0; break; // 0
L_Convertir15:
0x0157	0x01AD      	CLRF       FARG_Convertir_kp
0x0158	0x01AE      	CLRF       FARG_Convertir_kp+1
0x0159	0x29E6      	GOTO       L_Convertir1
;Practica7_Comparacion.c,46 :: 		case 35: kp = 34; break; // #
L_Convertir16:
0x015A	0x3022      	MOVLW      34
0x015B	0x00AD      	MOVWF      FARG_Convertir_kp
0x015C	0x3000      	MOVLW      0
0x015D	0x00AE      	MOVWF      FARG_Convertir_kp+1
0x015E	0x29E6      	GOTO       L_Convertir1
;Practica7_Comparacion.c,47 :: 		case 68: kp = 13; break; // D
L_Convertir17:
0x015F	0x300D      	MOVLW      13
0x0160	0x00AD      	MOVWF      FARG_Convertir_kp
0x0161	0x3000      	MOVLW      0
0x0162	0x00AE      	MOVWF      FARG_Convertir_kp+1
0x0163	0x29E6      	GOTO       L_Convertir1
;Practica7_Comparacion.c,49 :: 		}
L_Convertir0:
0x0164	0x1683      	BSF        STATUS, 5
0x0165	0x1303      	BCF        STATUS, 6
0x0166	0x3000      	MOVLW      0
0x0167	0x062E      	XORWF      FARG_Convertir_kp+1, 0
0x0168	0x1D03      	BTFSS      STATUS, 2
0x0169	0x296C      	GOTO       L__Convertir78
0x016A	0x3031      	MOVLW      49
0x016B	0x062D      	XORWF      FARG_Convertir_kp, 0
L__Convertir78:
0x016C	0x1903      	BTFSC      STATUS, 2
0x016D	0x2914      	GOTO       L_Convertir2
0x016E	0x3000      	MOVLW      0
0x016F	0x062E      	XORWF      FARG_Convertir_kp+1, 0
0x0170	0x1D03      	BTFSS      STATUS, 2
0x0171	0x2974      	GOTO       L__Convertir79
0x0172	0x3032      	MOVLW      50
0x0173	0x062D      	XORWF      FARG_Convertir_kp, 0
L__Convertir79:
0x0174	0x1903      	BTFSC      STATUS, 2
0x0175	0x291B      	GOTO       L_Convertir3
0x0176	0x3000      	MOVLW      0
0x0177	0x062E      	XORWF      FARG_Convertir_kp+1, 0
0x0178	0x1D03      	BTFSS      STATUS, 2
0x0179	0x297C      	GOTO       L__Convertir80
0x017A	0x3033      	MOVLW      51
0x017B	0x062D      	XORWF      FARG_Convertir_kp, 0
L__Convertir80:
0x017C	0x1903      	BTFSC      STATUS, 2
0x017D	0x2920      	GOTO       L_Convertir4
0x017E	0x3000      	MOVLW      0
0x017F	0x062E      	XORWF      FARG_Convertir_kp+1, 0
0x0180	0x1D03      	BTFSS      STATUS, 2
0x0181	0x2984      	GOTO       L__Convertir81
0x0182	0x3041      	MOVLW      65
0x0183	0x062D      	XORWF      FARG_Convertir_kp, 0
L__Convertir81:
0x0184	0x1903      	BTFSC      STATUS, 2
0x0185	0x2925      	GOTO       L_Convertir5
0x0186	0x3000      	MOVLW      0
0x0187	0x062E      	XORWF      FARG_Convertir_kp+1, 0
0x0188	0x1D03      	BTFSS      STATUS, 2
0x0189	0x298C      	GOTO       L__Convertir82
0x018A	0x3034      	MOVLW      52
0x018B	0x062D      	XORWF      FARG_Convertir_kp, 0
L__Convertir82:
0x018C	0x1903      	BTFSC      STATUS, 2
0x018D	0x292A      	GOTO       L_Convertir6
0x018E	0x3000      	MOVLW      0
0x018F	0x062E      	XORWF      FARG_Convertir_kp+1, 0
0x0190	0x1D03      	BTFSS      STATUS, 2
0x0191	0x2994      	GOTO       L__Convertir83
0x0192	0x3035      	MOVLW      53
0x0193	0x062D      	XORWF      FARG_Convertir_kp, 0
L__Convertir83:
0x0194	0x1903      	BTFSC      STATUS, 2
0x0195	0x292F      	GOTO       L_Convertir7
0x0196	0x3000      	MOVLW      0
0x0197	0x062E      	XORWF      FARG_Convertir_kp+1, 0
0x0198	0x1D03      	BTFSS      STATUS, 2
0x0199	0x299C      	GOTO       L__Convertir84
0x019A	0x3036      	MOVLW      54
0x019B	0x062D      	XORWF      FARG_Convertir_kp, 0
L__Convertir84:
0x019C	0x1903      	BTFSC      STATUS, 2
0x019D	0x2934      	GOTO       L_Convertir8
0x019E	0x3000      	MOVLW      0
0x019F	0x062E      	XORWF      FARG_Convertir_kp+1, 0
0x01A0	0x1D03      	BTFSS      STATUS, 2
0x01A1	0x29A4      	GOTO       L__Convertir85
0x01A2	0x3042      	MOVLW      66
0x01A3	0x062D      	XORWF      FARG_Convertir_kp, 0
L__Convertir85:
0x01A4	0x1903      	BTFSC      STATUS, 2
0x01A5	0x2939      	GOTO       L_Convertir9
0x01A6	0x3000      	MOVLW      0
0x01A7	0x062E      	XORWF      FARG_Convertir_kp+1, 0
0x01A8	0x1D03      	BTFSS      STATUS, 2
0x01A9	0x29AC      	GOTO       L__Convertir86
0x01AA	0x3037      	MOVLW      55
0x01AB	0x062D      	XORWF      FARG_Convertir_kp, 0
L__Convertir86:
0x01AC	0x1903      	BTFSC      STATUS, 2
0x01AD	0x293E      	GOTO       L_Convertir10
0x01AE	0x3000      	MOVLW      0
0x01AF	0x062E      	XORWF      FARG_Convertir_kp+1, 0
0x01B0	0x1D03      	BTFSS      STATUS, 2
0x01B1	0x29B4      	GOTO       L__Convertir87
0x01B2	0x3038      	MOVLW      56
0x01B3	0x062D      	XORWF      FARG_Convertir_kp, 0
L__Convertir87:
0x01B4	0x1903      	BTFSC      STATUS, 2
0x01B5	0x2943      	GOTO       L_Convertir11
0x01B6	0x3000      	MOVLW      0
0x01B7	0x062E      	XORWF      FARG_Convertir_kp+1, 0
0x01B8	0x1D03      	BTFSS      STATUS, 2
0x01B9	0x29BC      	GOTO       L__Convertir88
0x01BA	0x3039      	MOVLW      57
0x01BB	0x062D      	XORWF      FARG_Convertir_kp, 0
L__Convertir88:
0x01BC	0x1903      	BTFSC      STATUS, 2
0x01BD	0x2948      	GOTO       L_Convertir12
0x01BE	0x3000      	MOVLW      0
0x01BF	0x062E      	XORWF      FARG_Convertir_kp+1, 0
0x01C0	0x1D03      	BTFSS      STATUS, 2
0x01C1	0x29C4      	GOTO       L__Convertir89
0x01C2	0x3043      	MOVLW      67
0x01C3	0x062D      	XORWF      FARG_Convertir_kp, 0
L__Convertir89:
0x01C4	0x1903      	BTFSC      STATUS, 2
0x01C5	0x294D      	GOTO       L_Convertir13
0x01C6	0x3000      	MOVLW      0
0x01C7	0x062E      	XORWF      FARG_Convertir_kp+1, 0
0x01C8	0x1D03      	BTFSS      STATUS, 2
0x01C9	0x29CC      	GOTO       L__Convertir90
0x01CA	0x302A      	MOVLW      42
0x01CB	0x062D      	XORWF      FARG_Convertir_kp, 0
L__Convertir90:
0x01CC	0x1903      	BTFSC      STATUS, 2
0x01CD	0x2952      	GOTO       L_Convertir14
0x01CE	0x3000      	MOVLW      0
0x01CF	0x062E      	XORWF      FARG_Convertir_kp+1, 0
0x01D0	0x1D03      	BTFSS      STATUS, 2
0x01D1	0x29D4      	GOTO       L__Convertir91
0x01D2	0x3030      	MOVLW      48
0x01D3	0x062D      	XORWF      FARG_Convertir_kp, 0
L__Convertir91:
0x01D4	0x1903      	BTFSC      STATUS, 2
0x01D5	0x2957      	GOTO       L_Convertir15
0x01D6	0x3000      	MOVLW      0
0x01D7	0x062E      	XORWF      FARG_Convertir_kp+1, 0
0x01D8	0x1D03      	BTFSS      STATUS, 2
0x01D9	0x29DC      	GOTO       L__Convertir92
0x01DA	0x3023      	MOVLW      35
0x01DB	0x062D      	XORWF      FARG_Convertir_kp, 0
L__Convertir92:
0x01DC	0x1903      	BTFSC      STATUS, 2
0x01DD	0x295A      	GOTO       L_Convertir16
0x01DE	0x3000      	MOVLW      0
0x01DF	0x062E      	XORWF      FARG_Convertir_kp+1, 0
0x01E0	0x1D03      	BTFSS      STATUS, 2
0x01E1	0x29E4      	GOTO       L__Convertir93
0x01E2	0x3044      	MOVLW      68
0x01E3	0x062D      	XORWF      FARG_Convertir_kp, 0
L__Convertir93:
0x01E4	0x1903      	BTFSC      STATUS, 2
0x01E5	0x295F      	GOTO       L_Convertir17
L_Convertir1:
;Practica7_Comparacion.c,51 :: 		}
L_end_Convertir:
0x01E6	0x0008      	RETURN
; end of _Convertir
_Lcd_Chr:
;__Lib_Lcd.c,65 :: 		
;__Lib_Lcd.c,66 :: 		
0x01E7	0x29F9      	GOTO       L_Lcd_Chr4
;__Lib_Lcd.c,67 :: 		
L_Lcd_Chr6:
0x01E8	0x3080      	MOVLW      128
0x01E9	0x1683      	BSF        STATUS, 5
0x01EA	0x1303      	BCF        STATUS, 6
0x01EB	0x00AD      	MOVWF      FARG_Lcd_Chr_row
0x01EC	0x2A0C      	GOTO       L_Lcd_Chr5
;__Lib_Lcd.c,68 :: 		
L_Lcd_Chr7:
0x01ED	0x30C0      	MOVLW      192
0x01EE	0x00AD      	MOVWF      FARG_Lcd_Chr_row
0x01EF	0x2A0C      	GOTO       L_Lcd_Chr5
;__Lib_Lcd.c,69 :: 		
L_Lcd_Chr8:
0x01F0	0x3094      	MOVLW      148
0x01F1	0x00AD      	MOVWF      FARG_Lcd_Chr_row
0x01F2	0x2A0C      	GOTO       L_Lcd_Chr5
;__Lib_Lcd.c,70 :: 		
L_Lcd_Chr9:
0x01F3	0x30D4      	MOVLW      212
0x01F4	0x00AD      	MOVWF      FARG_Lcd_Chr_row
0x01F5	0x2A0C      	GOTO       L_Lcd_Chr5
;__Lib_Lcd.c,71 :: 		
L_Lcd_Chr10:
0x01F6	0x3080      	MOVLW      128
0x01F7	0x00AD      	MOVWF      FARG_Lcd_Chr_row
;__Lib_Lcd.c,72 :: 		
0x01F8	0x2A0C      	GOTO       L_Lcd_Chr5
L_Lcd_Chr4:
0x01F9	0x1683      	BSF        STATUS, 5
0x01FA	0x1303      	BCF        STATUS, 6
0x01FB	0x082D      	MOVF       FARG_Lcd_Chr_row, 0
0x01FC	0x3A01      	XORLW      1
0x01FD	0x1903      	BTFSC      STATUS, 2
0x01FE	0x29E8      	GOTO       L_Lcd_Chr6
0x01FF	0x082D      	MOVF       FARG_Lcd_Chr_row, 0
0x0200	0x3A02      	XORLW      2
0x0201	0x1903      	BTFSC      STATUS, 2
0x0202	0x29ED      	GOTO       L_Lcd_Chr7
0x0203	0x082D      	MOVF       FARG_Lcd_Chr_row, 0
0x0204	0x3A03      	XORLW      3
0x0205	0x1903      	BTFSC      STATUS, 2
0x0206	0x29F0      	GOTO       L_Lcd_Chr8
0x0207	0x082D      	MOVF       FARG_Lcd_Chr_row, 0
0x0208	0x3A04      	XORLW      4
0x0209	0x1903      	BTFSC      STATUS, 2
0x020A	0x29F3      	GOTO       L_Lcd_Chr9
0x020B	0x29F6      	GOTO       L_Lcd_Chr10
L_Lcd_Chr5:
;__Lib_Lcd.c,74 :: 		
0x020C	0x032E      	DECF       FARG_Lcd_Chr_column, 0
0x020D	0x00F0      	MOVWF      R0
0x020E	0x082D      	MOVF       FARG_Lcd_Chr_row, 0
0x020F	0x07F0      	ADDWF      R0, 1
0x0210	0x0870      	MOVF       R0, 0
0x0211	0x00AD      	MOVWF      FARG_Lcd_Chr_row
;__Lib_Lcd.c,76 :: 		
0x0212	0x1283      	BCF        STATUS, 5
0x0213	0x1463      	BSF        __Lib_Lcd_cmd_status, BitPos(__Lib_Lcd_cmd_status+0)
;__Lib_Lcd.c,77 :: 		
0x0214	0x0870      	MOVF       R0, 0
0x0215	0x1683      	BSF        STATUS, 5
0x0216	0x00B6      	MOVWF      FARG_Lcd_Cmd_out_char
0x0217	0x201A      	CALL       _Lcd_Cmd
;__Lib_Lcd.c,79 :: 		
0x0218	0x1063      	BCF        __Lib_Lcd_cmd_status, BitPos(__Lib_Lcd_cmd_status+0)
;__Lib_Lcd.c,80 :: 		
0x0219	0x1683      	BSF        STATUS, 5
0x021A	0x082F      	MOVF       FARG_Lcd_Chr_out_char, 0
0x021B	0x00B6      	MOVWF      FARG_Lcd_Cmd_out_char
0x021C	0x201A      	CALL       _Lcd_Cmd
;__Lib_Lcd.c,81 :: 		
0x021D	0x1463      	BSF        __Lib_Lcd_cmd_status, BitPos(__Lib_Lcd_cmd_status+0)
;__Lib_Lcd.c,82 :: 		
L_end_Lcd_Chr:
0x021E	0x0008      	RETURN
; end of _Lcd_Chr
_Lcd_Init:
;__Lib_Lcd.c,84 :: 		
;__Lib_Lcd.c,86 :: 		
0x021F	0x1683      	BSF        STATUS, 5
0x0220	0x1303      	BCF        STATUS, 6
0x0221	0x1086      	BCF        LCD_EN_Direction, BitPos(LCD_EN_Direction+0)
;__Lib_Lcd.c,87 :: 		
0x0222	0x1006      	BCF        LCD_RS_Direction, BitPos(LCD_RS_Direction+0)
;__Lib_Lcd.c,88 :: 		
0x0223	0x1106      	BCF        LCD_D4_Direction, BitPos(LCD_D4_Direction+0)
;__Lib_Lcd.c,89 :: 		
0x0224	0x1186      	BCF        LCD_D5_Direction, BitPos(LCD_D5_Direction+0)
;__Lib_Lcd.c,90 :: 		
0x0225	0x1206      	BCF        LCD_D6_Direction, BitPos(LCD_D6_Direction+0)
;__Lib_Lcd.c,91 :: 		
0x0226	0x1286      	BCF        LCD_D7_Direction, BitPos(LCD_D7_Direction+0)
;__Lib_Lcd.c,93 :: 		
0x0227	0x1283      	BCF        STATUS, 5
0x0228	0x1086      	BCF        LCD_EN, BitPos(LCD_EN+0)
;__Lib_Lcd.c,94 :: 		
0x0229	0x1006      	BCF        LCD_RS, BitPos(LCD_RS+0)
;__Lib_Lcd.c,95 :: 		
0x022A	0x1286      	BCF        LCD_D7, BitPos(LCD_D7+0)
;__Lib_Lcd.c,96 :: 		
0x022B	0x1206      	BCF        LCD_D6, BitPos(LCD_D6+0)
;__Lib_Lcd.c,97 :: 		
0x022C	0x1186      	BCF        LCD_D5, BitPos(LCD_D5+0)
;__Lib_Lcd.c,98 :: 		
0x022D	0x1106      	BCF        LCD_D4, BitPos(LCD_D4+0)
;__Lib_Lcd.c,100 :: 		
0x022E	0x200D      	CALL       _Delay_5500us
;__Lib_Lcd.c,101 :: 		
0x022F	0x200D      	CALL       _Delay_5500us
;__Lib_Lcd.c,102 :: 		
0x0230	0x200D      	CALL       _Delay_5500us
;__Lib_Lcd.c,105 :: 		
0x0231	0x1586      	BSF        LCD_D5, BitPos(LCD_D5+0)
;__Lib_Lcd.c,106 :: 		
0x0232	0x1506      	BSF        LCD_D4, BitPos(LCD_D4+0)
;__Lib_Lcd.c,107 :: 		
0x0233	0x1486      	BSF        LCD_EN, BitPos(LCD_EN+0)
;__Lib_Lcd.c,108 :: 		
0x0234	0x2003      	CALL       _Delay_1us
;__Lib_Lcd.c,109 :: 		
0x0235	0x1086      	BCF        LCD_EN, BitPos(LCD_EN+0)
;__Lib_Lcd.c,110 :: 		
0x0236	0x200D      	CALL       _Delay_5500us
;__Lib_Lcd.c,112 :: 		
0x0237	0x1486      	BSF        LCD_EN, BitPos(LCD_EN+0)
;__Lib_Lcd.c,113 :: 		
0x0238	0x2003      	CALL       _Delay_1us
;__Lib_Lcd.c,114 :: 		
0x0239	0x1086      	BCF        LCD_EN, BitPos(LCD_EN+0)
;__Lib_Lcd.c,115 :: 		
0x023A	0x200D      	CALL       _Delay_5500us
;__Lib_Lcd.c,117 :: 		
0x023B	0x1486      	BSF        LCD_EN, BitPos(LCD_EN+0)
;__Lib_Lcd.c,118 :: 		
0x023C	0x2003      	CALL       _Delay_1us
;__Lib_Lcd.c,119 :: 		
0x023D	0x1086      	BCF        LCD_EN, BitPos(LCD_EN+0)
;__Lib_Lcd.c,120 :: 		
0x023E	0x200D      	CALL       _Delay_5500us
;__Lib_Lcd.c,123 :: 		
0x023F	0x1106      	BCF        LCD_D4, BitPos(LCD_D4+0)
;__Lib_Lcd.c,124 :: 		
0x0240	0x1486      	BSF        LCD_EN, BitPos(LCD_EN+0)
;__Lib_Lcd.c,125 :: 		
0x0241	0x2003      	CALL       _Delay_1us
;__Lib_Lcd.c,126 :: 		
0x0242	0x1086      	BCF        LCD_EN, BitPos(LCD_EN+0)
;__Lib_Lcd.c,127 :: 		
0x0243	0x200D      	CALL       _Delay_5500us
;__Lib_Lcd.c,130 :: 		
0x0244	0x1486      	BSF        LCD_EN, BitPos(LCD_EN+0)
;__Lib_Lcd.c,131 :: 		
0x0245	0x2003      	CALL       _Delay_1us
;__Lib_Lcd.c,132 :: 		
0x0246	0x1086      	BCF        LCD_EN, BitPos(LCD_EN+0)
;__Lib_Lcd.c,134 :: 		
0x0247	0x1186      	BCF        LCD_D5, BitPos(LCD_D5+0)
;__Lib_Lcd.c,135 :: 		
0x0248	0x1686      	BSF        LCD_D7, BitPos(LCD_D7+0)
;__Lib_Lcd.c,136 :: 		
0x0249	0x1486      	BSF        LCD_EN, BitPos(LCD_EN+0)
;__Lib_Lcd.c,137 :: 		
0x024A	0x2003      	CALL       _Delay_1us
;__Lib_Lcd.c,138 :: 		
0x024B	0x1086      	BCF        LCD_EN, BitPos(LCD_EN+0)
;__Lib_Lcd.c,139 :: 		
0x024C	0x200D      	CALL       _Delay_5500us
;__Lib_Lcd.c,142 :: 		
0x024D	0x1286      	BCF        LCD_D7, BitPos(LCD_D7+0)
;__Lib_Lcd.c,143 :: 		
0x024E	0x1506      	BSF        LCD_D4, BitPos(LCD_D4+0)
;__Lib_Lcd.c,144 :: 		
0x024F	0x1486      	BSF        LCD_EN, BitPos(LCD_EN+0)
;__Lib_Lcd.c,145 :: 		
0x0250	0x2003      	CALL       _Delay_1us
;__Lib_Lcd.c,146 :: 		
0x0251	0x1086      	BCF        LCD_EN, BitPos(LCD_EN+0)
;__Lib_Lcd.c,148 :: 		
0x0252	0x1106      	BCF        LCD_D4, BitPos(LCD_D4+0)
;__Lib_Lcd.c,149 :: 		
0x0253	0x1486      	BSF        LCD_EN, BitPos(LCD_EN+0)
;__Lib_Lcd.c,150 :: 		
0x0254	0x2003      	CALL       _Delay_1us
;__Lib_Lcd.c,151 :: 		
0x0255	0x1086      	BCF        LCD_EN, BitPos(LCD_EN+0)
;__Lib_Lcd.c,152 :: 		
0x0256	0x200D      	CALL       _Delay_5500us
;__Lib_Lcd.c,155 :: 		
0x0257	0x1486      	BSF        LCD_EN, BitPos(LCD_EN+0)
;__Lib_Lcd.c,156 :: 		
0x0258	0x2003      	CALL       _Delay_1us
;__Lib_Lcd.c,157 :: 		
0x0259	0x1086      	BCF        LCD_EN, BitPos(LCD_EN+0)
;__Lib_Lcd.c,159 :: 		
0x025A	0x1506      	BSF        LCD_D4, BitPos(LCD_D4+0)
;__Lib_Lcd.c,160 :: 		
0x025B	0x1486      	BSF        LCD_EN, BitPos(LCD_EN+0)
;__Lib_Lcd.c,161 :: 		
0x025C	0x2003      	CALL       _Delay_1us
;__Lib_Lcd.c,162 :: 		
0x025D	0x1086      	BCF        LCD_EN, BitPos(LCD_EN+0)
;__Lib_Lcd.c,163 :: 		
0x025E	0x200D      	CALL       _Delay_5500us
;__Lib_Lcd.c,166 :: 		
0x025F	0x1106      	BCF        LCD_D4, BitPos(LCD_D4+0)
;__Lib_Lcd.c,167 :: 		
0x0260	0x1486      	BSF        LCD_EN, BitPos(LCD_EN+0)
;__Lib_Lcd.c,168 :: 		
0x0261	0x2003      	CALL       _Delay_1us
;__Lib_Lcd.c,169 :: 		
0x0262	0x1086      	BCF        LCD_EN, BitPos(LCD_EN+0)
;__Lib_Lcd.c,171 :: 		
0x0263	0x1686      	BSF        LCD_D7, BitPos(LCD_D7+0)
;__Lib_Lcd.c,172 :: 		
0x0264	0x1606      	BSF        LCD_D6, BitPos(LCD_D6+0)
;__Lib_Lcd.c,173 :: 		
0x0265	0x1586      	BSF        LCD_D5, BitPos(LCD_D5+0)
;__Lib_Lcd.c,174 :: 		
0x0266	0x1506      	BSF        LCD_D4, BitPos(LCD_D4+0)
;__Lib_Lcd.c,175 :: 		
0x0267	0x1486      	BSF        LCD_EN, BitPos(LCD_EN+0)
;__Lib_Lcd.c,176 :: 		
0x0268	0x2003      	CALL       _Delay_1us
;__Lib_Lcd.c,177 :: 		
0x0269	0x1086      	BCF        LCD_EN, BitPos(LCD_EN+0)
;__Lib_Lcd.c,179 :: 		
0x026A	0x200D      	CALL       _Delay_5500us
;__Lib_Lcd.c,181 :: 		
0x026B	0x1463      	BSF        __Lib_Lcd_cmd_status, BitPos(__Lib_Lcd_cmd_status+0)
;__Lib_Lcd.c,182 :: 		
L_end_Lcd_Init:
0x026C	0x0008      	RETURN
; end of _Lcd_Init
___CC2DW:
;__Lib_System.c,134 :: 		
;__Lib_System.c,137 :: 		
_CC2D_Loop1:
;__Lib_System.c,139 :: 		
0x026D	0x20B1      	CALL       _____DoICP
0x026E	0x118A      	BCF        PCLATH, 3
0x026F	0x120A      	BCF        PCLATH, 4
;__Lib_System.c,141 :: 		
0x0270	0x0080      	MOVWF      INDF
;__Lib_System.c,142 :: 		
0x0271	0x0A84      	INCF       FSR, 1
;__Lib_System.c,143 :: 		
0x0272	0x0ADB      	INCF       ___DoICPAddr, 1
;__Lib_System.c,145 :: 		
0x0273	0x1903      	BTFSC      STATUS, 2
;__Lib_System.c,146 :: 		
0x0274	0x0ADC      	INCF       ___DoICPAddr+1, 1
;__Lib_System.c,147 :: 		
0x0275	0x03F0      	DECF       R0, 1
;__Lib_System.c,149 :: 		
0x0276	0x1D03      	BTFSS      STATUS, 2
;__Lib_System.c,150 :: 		
0x0277	0x2A6D      	GOTO       _CC2D_Loop1
;__Lib_System.c,152 :: 		
L_end___CC2DW:
0x0278	0x0008      	RETURN
; end of ___CC2DW
_Keypad_Init:
;__Lib_Keypad4x4.c,34 :: 		
;__Lib_Keypad4x4.c,35 :: 		
0x0279	0x3080      	MOVLW      128
0x027A	0x1283      	BCF        STATUS, 5
0x027B	0x1303      	BCF        STATUS, 6
0x027C	0x00F0      	MOVWF      R0
0x027D	0x0870      	MOVF       R0, 0
0x027E	0x3E08      	ADDLW      keypadPort
0x027F	0x0084      	MOVWF      FSR
0x0280	0x30FF      	MOVLW      255
0x0281	0x0080      	MOVWF      INDF
;__Lib_Keypad4x4.c,36 :: 		
L_end_Keypad_Init:
0x0282	0x0008      	RETURN
; end of _Keypad_Init
_main:
0x0283	0x2514      	CALL       1300
;Practica7_Comparacion.c,52 :: 		void main() {
;Practica7_Comparacion.c,54 :: 		cnt = 0;                                 // Reset counter
0x0284	0x1283      	BCF        STATUS, 5
0x0285	0x1303      	BCF        STATUS, 6
0x0286	0x01DA      	CLRF       _cnt
;Practica7_Comparacion.c,55 :: 		Keypad_Init();                           // Initialize Keypad
0x0287	0x2279      	CALL       _Keypad_Init
;Practica7_Comparacion.c,56 :: 		Lcd_Init();                              // Initialize LCD
0x0288	0x221F      	CALL       _Lcd_Init
;Practica7_Comparacion.c,57 :: 		Lcd_Cmd(_LCD_CLEAR);                     // Clear display
0x0289	0x3001      	MOVLW      1
0x028A	0x1683      	BSF        STATUS, 5
0x028B	0x00B6      	MOVWF      FARG_Lcd_Cmd_out_char
0x028C	0x201A      	CALL       _Lcd_Cmd
;Practica7_Comparacion.c,58 :: 		Lcd_Cmd(_LCD_CURSOR_OFF);                // Cursor off
0x028D	0x300C      	MOVLW      12
0x028E	0x1683      	BSF        STATUS, 5
0x028F	0x00B6      	MOVWF      FARG_Lcd_Cmd_out_char
0x0290	0x201A      	CALL       _Lcd_Cmd
;Practica7_Comparacion.c,60 :: 		Lcd_Out(1, 1, "Valor1:");
0x0291	0x3001      	MOVLW      1
0x0292	0x1683      	BSF        STATUS, 5
0x0293	0x00AD      	MOVWF      FARG_Lcd_Out_row
0x0294	0x3001      	MOVLW      1
0x0295	0x00AE      	MOVWF      FARG_Lcd_Out_column
0x0296	0x3020      	MOVLW      ?lstr1_Practica7_Comparacion
0x0297	0x00AF      	MOVWF      FARG_Lcd_Out_text
0x0298	0x20D0      	CALL       _Lcd_Out
;Practica7_Comparacion.c,61 :: 		Lcd_Out(2, 1, "Valor2:");
0x0299	0x3002      	MOVLW      2
0x029A	0x1683      	BSF        STATUS, 5
0x029B	0x00AD      	MOVWF      FARG_Lcd_Out_row
0x029C	0x3001      	MOVLW      1
0x029D	0x00AE      	MOVWF      FARG_Lcd_Out_column
0x029E	0x3028      	MOVLW      ?lstr2_Practica7_Comparacion
0x029F	0x00AF      	MOVWF      FARG_Lcd_Out_text
0x02A0	0x20D0      	CALL       _Lcd_Out
;Practica7_Comparacion.c,64 :: 		mostrando=8;
0x02A1	0x3008      	MOVLW      8
0x02A2	0x00DD      	MOVWF      _mostrando
0x02A3	0x3000      	MOVLW      0
0x02A4	0x00DE      	MOVWF      _mostrando+1
;Practica7_Comparacion.c,65 :: 		for(i=0; i<6; i++){
0x02A5	0x01DF      	CLRF       _i
0x02A6	0x01E0      	CLRF       _i+1
L_main18:
0x02A7	0x3080      	MOVLW      128
0x02A8	0x0660      	XORWF      _i+1, 0
0x02A9	0x00F0      	MOVWF      R0
0x02AA	0x3080      	MOVLW      128
0x02AB	0x0270      	SUBWF      R0, 0
0x02AC	0x1D03      	BTFSS      STATUS, 2
0x02AD	0x2AB0      	GOTO       L__main95
0x02AE	0x3006      	MOVLW      6
0x02AF	0x025F      	SUBWF      _i, 0
L__main95:
0x02B0	0x1803      	BTFSC      STATUS, 0
0x02B1	0x2B54      	GOTO       L_main19
;Practica7_Comparacion.c,67 :: 		kp = 0;
0x02B2	0x1683      	BSF        STATUS, 5
0x02B3	0x01A0      	CLRF       _kp
;Practica7_Comparacion.c,69 :: 		do{
L_main21:
;Practica7_Comparacion.c,70 :: 		kp = Keypad_Key_Click();
0x02B4	0x20C1      	CALL       _Keypad_Key_Click
0x02B5	0x0870      	MOVF       R0, 0
0x02B6	0x00A0      	MOVWF      _kp
;Practica7_Comparacion.c,72 :: 		}while (!kp);
0x02B7	0x0870      	MOVF       R0, 0
0x02B8	0x1903      	BTFSC      STATUS, 2
0x02B9	0x2AB4      	GOTO       L_main21
;Practica7_Comparacion.c,73 :: 		mostrando++;
0x02BA	0x1283      	BCF        STATUS, 5
0x02BB	0x0ADD      	INCF       _mostrando, 1
0x02BC	0x1903      	BTFSC      STATUS, 2
0x02BD	0x0ADE      	INCF       _mostrando+1, 1
;Practica7_Comparacion.c,74 :: 		switch (kp) {
0x02BE	0x2AF0      	GOTO       L_main24
;Practica7_Comparacion.c,77 :: 		case  1: kp = 49; break; // 1
L_main26:
0x02BF	0x3031      	MOVLW      49
0x02C0	0x1683      	BSF        STATUS, 5
0x02C1	0x00A0      	MOVWF      _kp
0x02C2	0x2B31      	GOTO       L_main25
;Practica7_Comparacion.c,78 :: 		case  2: kp = 50; break; // 2
L_main27:
0x02C3	0x3032      	MOVLW      50
0x02C4	0x00A0      	MOVWF      _kp
0x02C5	0x2B31      	GOTO       L_main25
;Practica7_Comparacion.c,79 :: 		case  3: kp = 51; break; // 3
L_main28:
0x02C6	0x3033      	MOVLW      51
0x02C7	0x00A0      	MOVWF      _kp
0x02C8	0x2B31      	GOTO       L_main25
;Practica7_Comparacion.c,80 :: 		case  4: kp = 65; break; // A
L_main29:
0x02C9	0x3041      	MOVLW      65
0x02CA	0x00A0      	MOVWF      _kp
0x02CB	0x2B31      	GOTO       L_main25
;Practica7_Comparacion.c,81 :: 		case  5: kp = 52; break; // 4
L_main30:
0x02CC	0x3034      	MOVLW      52
0x02CD	0x00A0      	MOVWF      _kp
0x02CE	0x2B31      	GOTO       L_main25
;Practica7_Comparacion.c,82 :: 		case  6: kp = 53; break; // 5
L_main31:
0x02CF	0x3035      	MOVLW      53
0x02D0	0x00A0      	MOVWF      _kp
0x02D1	0x2B31      	GOTO       L_main25
;Practica7_Comparacion.c,83 :: 		case  7: kp = 54; break; // 6
L_main32:
0x02D2	0x3036      	MOVLW      54
0x02D3	0x00A0      	MOVWF      _kp
0x02D4	0x2B31      	GOTO       L_main25
;Practica7_Comparacion.c,84 :: 		case  8: kp = 66; break; // B
L_main33:
0x02D5	0x3042      	MOVLW      66
0x02D6	0x00A0      	MOVWF      _kp
0x02D7	0x2B31      	GOTO       L_main25
;Practica7_Comparacion.c,85 :: 		case  9: kp = 55; break; // 7
L_main34:
0x02D8	0x3037      	MOVLW      55
0x02D9	0x00A0      	MOVWF      _kp
0x02DA	0x2B31      	GOTO       L_main25
;Practica7_Comparacion.c,86 :: 		case 10: kp = 56; break; // 8
L_main35:
0x02DB	0x3038      	MOVLW      56
0x02DC	0x00A0      	MOVWF      _kp
0x02DD	0x2B31      	GOTO       L_main25
;Practica7_Comparacion.c,87 :: 		case 11: kp = 57; break; // 9
L_main36:
0x02DE	0x3039      	MOVLW      57
0x02DF	0x00A0      	MOVWF      _kp
0x02E0	0x2B31      	GOTO       L_main25
;Practica7_Comparacion.c,88 :: 		case 12: kp = 67; break; // C
L_main37:
0x02E1	0x3043      	MOVLW      67
0x02E2	0x00A0      	MOVWF      _kp
0x02E3	0x2B31      	GOTO       L_main25
;Practica7_Comparacion.c,89 :: 		case 13: kp = 42; break; // *
L_main38:
0x02E4	0x302A      	MOVLW      42
0x02E5	0x00A0      	MOVWF      _kp
0x02E6	0x2B31      	GOTO       L_main25
;Practica7_Comparacion.c,90 :: 		case 14: kp = 48; break; // 0
L_main39:
0x02E7	0x3030      	MOVLW      48
0x02E8	0x00A0      	MOVWF      _kp
0x02E9	0x2B31      	GOTO       L_main25
;Practica7_Comparacion.c,91 :: 		case 15: kp = 35; break; // #
L_main40:
0x02EA	0x3023      	MOVLW      35
0x02EB	0x00A0      	MOVWF      _kp
0x02EC	0x2B31      	GOTO       L_main25
;Practica7_Comparacion.c,92 :: 		case 16: kp = 68; break; // D
L_main41:
0x02ED	0x3044      	MOVLW      68
0x02EE	0x00A0      	MOVWF      _kp
0x02EF	0x2B31      	GOTO       L_main25
;Practica7_Comparacion.c,94 :: 		}
L_main24:
0x02F0	0x1683      	BSF        STATUS, 5
0x02F1	0x0820      	MOVF       _kp, 0
0x02F2	0x3A01      	XORLW      1
0x02F3	0x1903      	BTFSC      STATUS, 2
0x02F4	0x2ABF      	GOTO       L_main26
0x02F5	0x0820      	MOVF       _kp, 0
0x02F6	0x3A02      	XORLW      2
0x02F7	0x1903      	BTFSC      STATUS, 2
0x02F8	0x2AC3      	GOTO       L_main27
0x02F9	0x0820      	MOVF       _kp, 0
0x02FA	0x3A03      	XORLW      3
0x02FB	0x1903      	BTFSC      STATUS, 2
0x02FC	0x2AC6      	GOTO       L_main28
0x02FD	0x0820      	MOVF       _kp, 0
0x02FE	0x3A04      	XORLW      4
0x02FF	0x1903      	BTFSC      STATUS, 2
0x0300	0x2AC9      	GOTO       L_main29
0x0301	0x0820      	MOVF       _kp, 0
0x0302	0x3A05      	XORLW      5
0x0303	0x1903      	BTFSC      STATUS, 2
0x0304	0x2ACC      	GOTO       L_main30
0x0305	0x0820      	MOVF       _kp, 0
0x0306	0x3A06      	XORLW      6
0x0307	0x1903      	BTFSC      STATUS, 2
0x0308	0x2ACF      	GOTO       L_main31
0x0309	0x0820      	MOVF       _kp, 0
0x030A	0x3A07      	XORLW      7
0x030B	0x1903      	BTFSC      STATUS, 2
0x030C	0x2AD2      	GOTO       L_main32
0x030D	0x0820      	MOVF       _kp, 0
0x030E	0x3A08      	XORLW      8
0x030F	0x1903      	BTFSC      STATUS, 2
0x0310	0x2AD5      	GOTO       L_main33
0x0311	0x0820      	MOVF       _kp, 0
0x0312	0x3A09      	XORLW      9
0x0313	0x1903      	BTFSC      STATUS, 2
0x0314	0x2AD8      	GOTO       L_main34
0x0315	0x0820      	MOVF       _kp, 0
0x0316	0x3A0A      	XORLW      10
0x0317	0x1903      	BTFSC      STATUS, 2
0x0318	0x2ADB      	GOTO       L_main35
0x0319	0x0820      	MOVF       _kp, 0
0x031A	0x3A0B      	XORLW      11
0x031B	0x1903      	BTFSC      STATUS, 2
0x031C	0x2ADE      	GOTO       L_main36
0x031D	0x0820      	MOVF       _kp, 0
0x031E	0x3A0C      	XORLW      12
0x031F	0x1903      	BTFSC      STATUS, 2
0x0320	0x2AE1      	GOTO       L_main37
0x0321	0x0820      	MOVF       _kp, 0
0x0322	0x3A0D      	XORLW      13
0x0323	0x1903      	BTFSC      STATUS, 2
0x0324	0x2AE4      	GOTO       L_main38
0x0325	0x0820      	MOVF       _kp, 0
0x0326	0x3A0E      	XORLW      14
0x0327	0x1903      	BTFSC      STATUS, 2
0x0328	0x2AE7      	GOTO       L_main39
0x0329	0x0820      	MOVF       _kp, 0
0x032A	0x3A0F      	XORLW      15
0x032B	0x1903      	BTFSC      STATUS, 2
0x032C	0x2AEA      	GOTO       L_main40
0x032D	0x0820      	MOVF       _kp, 0
0x032E	0x3A10      	XORLW      16
0x032F	0x1903      	BTFSC      STATUS, 2
0x0330	0x2AED      	GOTO       L_main41
L_main25:
;Practica7_Comparacion.c,95 :: 		Lcd_Chr(1, mostrando, kp);
0x0331	0x3001      	MOVLW      1
0x0332	0x00AD      	MOVWF      FARG_Lcd_Chr_row
0x0333	0x1283      	BCF        STATUS, 5
0x0334	0x085D      	MOVF       _mostrando, 0
0x0335	0x1683      	BSF        STATUS, 5
0x0336	0x00AE      	MOVWF      FARG_Lcd_Chr_column
0x0337	0x0820      	MOVF       _kp, 0
0x0338	0x00AF      	MOVWF      FARG_Lcd_Chr_out_char
0x0339	0x21E7      	CALL       _Lcd_Chr
;Practica7_Comparacion.c,96 :: 		Convertir(kp);
0x033A	0x1683      	BSF        STATUS, 5
0x033B	0x0820      	MOVF       _kp, 0
0x033C	0x00AD      	MOVWF      FARG_Convertir_kp
0x033D	0x01AE      	CLRF       FARG_Convertir_kp+1
0x033E	0x2113      	CALL       _Convertir
;Practica7_Comparacion.c,97 :: 		valor1[i]=kp;
0x033F	0x1283      	BCF        STATUS, 5
0x0340	0x085F      	MOVF       _i, 0
0x0341	0x00F0      	MOVWF      R0
0x0342	0x0860      	MOVF       _i+1, 0
0x0343	0x00F1      	MOVWF      R0+1
0x0344	0x0DF0      	RLF        R0, 1
0x0345	0x0DF1      	RLF        R0+1, 1
0x0346	0x1070      	BCF        R0, 0
0x0347	0x0870      	MOVF       R0, 0
0x0348	0x3E64      	ADDLW      _valor1
0x0349	0x0084      	MOVWF      FSR
0x034A	0x1683      	BSF        STATUS, 5
0x034B	0x0820      	MOVF       _kp, 0
0x034C	0x0080      	MOVWF      INDF
0x034D	0x0A84      	INCF       FSR, 1
0x034E	0x0180      	CLRF       INDF
;Practica7_Comparacion.c,65 :: 		for(i=0; i<6; i++){
0x034F	0x1283      	BCF        STATUS, 5
0x0350	0x0ADF      	INCF       _i, 1
0x0351	0x1903      	BTFSC      STATUS, 2
0x0352	0x0AE0      	INCF       _i+1, 1
;Practica7_Comparacion.c,98 :: 		}/// Primer dato
0x0353	0x2AA7      	GOTO       L_main18
L_main19:
;Practica7_Comparacion.c,102 :: 		mostrando=8;
0x0354	0x3008      	MOVLW      8
0x0355	0x00DD      	MOVWF      _mostrando
0x0356	0x3000      	MOVLW      0
0x0357	0x00DE      	MOVWF      _mostrando+1
;Practica7_Comparacion.c,103 :: 		for(i=0; i<6; i++){
0x0358	0x01DF      	CLRF       _i
0x0359	0x01E0      	CLRF       _i+1
L_main42:
0x035A	0x3080      	MOVLW      128
0x035B	0x0660      	XORWF      _i+1, 0
0x035C	0x00F0      	MOVWF      R0
0x035D	0x3080      	MOVLW      128
0x035E	0x0270      	SUBWF      R0, 0
0x035F	0x1D03      	BTFSS      STATUS, 2
0x0360	0x2B63      	GOTO       L__main96
0x0361	0x3006      	MOVLW      6
0x0362	0x025F      	SUBWF      _i, 0
L__main96:
0x0363	0x1803      	BTFSC      STATUS, 0
0x0364	0x2C07      	GOTO       L_main43
;Practica7_Comparacion.c,105 :: 		kp = 0;
0x0365	0x1683      	BSF        STATUS, 5
0x0366	0x01A0      	CLRF       _kp
;Practica7_Comparacion.c,107 :: 		do{
L_main45:
;Practica7_Comparacion.c,108 :: 		kp = Keypad_Key_Click();
0x0367	0x20C1      	CALL       _Keypad_Key_Click
0x0368	0x0870      	MOVF       R0, 0
0x0369	0x00A0      	MOVWF      _kp
;Practica7_Comparacion.c,110 :: 		}while (!kp);
0x036A	0x0870      	MOVF       R0, 0
0x036B	0x1903      	BTFSC      STATUS, 2
0x036C	0x2B67      	GOTO       L_main45
;Practica7_Comparacion.c,111 :: 		mostrando++;
0x036D	0x1283      	BCF        STATUS, 5
0x036E	0x0ADD      	INCF       _mostrando, 1
0x036F	0x1903      	BTFSC      STATUS, 2
0x0370	0x0ADE      	INCF       _mostrando+1, 1
;Practica7_Comparacion.c,112 :: 		switch (kp) {
0x0371	0x2BA3      	GOTO       L_main48
;Practica7_Comparacion.c,115 :: 		case  1: kp = 49; break; // 1
L_main50:
0x0372	0x3031      	MOVLW      49
0x0373	0x1683      	BSF        STATUS, 5
0x0374	0x00A0      	MOVWF      _kp
0x0375	0x2BE4      	GOTO       L_main49
;Practica7_Comparacion.c,116 :: 		case  2: kp = 50; break; // 2
L_main51:
0x0376	0x3032      	MOVLW      50
0x0377	0x00A0      	MOVWF      _kp
0x0378	0x2BE4      	GOTO       L_main49
;Practica7_Comparacion.c,117 :: 		case  3: kp = 51; break; // 3
L_main52:
0x0379	0x3033      	MOVLW      51
0x037A	0x00A0      	MOVWF      _kp
0x037B	0x2BE4      	GOTO       L_main49
;Practica7_Comparacion.c,118 :: 		case  4: kp = 65; break; // A
L_main53:
0x037C	0x3041      	MOVLW      65
0x037D	0x00A0      	MOVWF      _kp
0x037E	0x2BE4      	GOTO       L_main49
;Practica7_Comparacion.c,119 :: 		case  5: kp = 52; break; // 4
L_main54:
0x037F	0x3034      	MOVLW      52
0x0380	0x00A0      	MOVWF      _kp
0x0381	0x2BE4      	GOTO       L_main49
;Practica7_Comparacion.c,120 :: 		case  6: kp = 53; break; // 5
L_main55:
0x0382	0x3035      	MOVLW      53
0x0383	0x00A0      	MOVWF      _kp
0x0384	0x2BE4      	GOTO       L_main49
;Practica7_Comparacion.c,121 :: 		case  7: kp = 54; break; // 6
L_main56:
0x0385	0x3036      	MOVLW      54
0x0386	0x00A0      	MOVWF      _kp
0x0387	0x2BE4      	GOTO       L_main49
;Practica7_Comparacion.c,122 :: 		case  8: kp = 66; break; // B
L_main57:
0x0388	0x3042      	MOVLW      66
0x0389	0x00A0      	MOVWF      _kp
0x038A	0x2BE4      	GOTO       L_main49
;Practica7_Comparacion.c,123 :: 		case  9: kp = 55; break; // 7
L_main58:
0x038B	0x3037      	MOVLW      55
0x038C	0x00A0      	MOVWF      _kp
0x038D	0x2BE4      	GOTO       L_main49
;Practica7_Comparacion.c,124 :: 		case 10: kp = 56; break; // 8
L_main59:
0x038E	0x3038      	MOVLW      56
0x038F	0x00A0      	MOVWF      _kp
0x0390	0x2BE4      	GOTO       L_main49
;Practica7_Comparacion.c,125 :: 		case 11: kp = 57; break; // 9
L_main60:
0x0391	0x3039      	MOVLW      57
0x0392	0x00A0      	MOVWF      _kp
0x0393	0x2BE4      	GOTO       L_main49
;Practica7_Comparacion.c,126 :: 		case 12: kp = 67; break; // C
L_main61:
0x0394	0x3043      	MOVLW      67
0x0395	0x00A0      	MOVWF      _kp
0x0396	0x2BE4      	GOTO       L_main49
;Practica7_Comparacion.c,127 :: 		case 13: kp = 42; break; // *
L_main62:
0x0397	0x302A      	MOVLW      42
0x0398	0x00A0      	MOVWF      _kp
0x0399	0x2BE4      	GOTO       L_main49
;Practica7_Comparacion.c,128 :: 		case 14: kp = 48; break; // 0
L_main63:
0x039A	0x3030      	MOVLW      48
0x039B	0x00A0      	MOVWF      _kp
0x039C	0x2BE4      	GOTO       L_main49
;Practica7_Comparacion.c,129 :: 		case 15: kp = 35; break; // #
L_main64:
0x039D	0x3023      	MOVLW      35
0x039E	0x00A0      	MOVWF      _kp
0x039F	0x2BE4      	GOTO       L_main49
;Practica7_Comparacion.c,130 :: 		case 16: kp = 68; break; // D
L_main65:
0x03A0	0x3044      	MOVLW      68
0x03A1	0x00A0      	MOVWF      _kp
0x03A2	0x2BE4      	GOTO       L_main49
;Practica7_Comparacion.c,132 :: 		}
L_main48:
0x03A3	0x1683      	BSF        STATUS, 5
0x03A4	0x0820      	MOVF       _kp, 0
0x03A5	0x3A01      	XORLW      1
0x03A6	0x1903      	BTFSC      STATUS, 2
0x03A7	0x2B72      	GOTO       L_main50
0x03A8	0x0820      	MOVF       _kp, 0
0x03A9	0x3A02      	XORLW      2
0x03AA	0x1903      	BTFSC      STATUS, 2
0x03AB	0x2B76      	GOTO       L_main51
0x03AC	0x0820      	MOVF       _kp, 0
0x03AD	0x3A03      	XORLW      3
0x03AE	0x1903      	BTFSC      STATUS, 2
0x03AF	0x2B79      	GOTO       L_main52
0x03B0	0x0820      	MOVF       _kp, 0
0x03B1	0x3A04      	XORLW      4
0x03B2	0x1903      	BTFSC      STATUS, 2
0x03B3	0x2B7C      	GOTO       L_main53
0x03B4	0x0820      	MOVF       _kp, 0
0x03B5	0x3A05      	XORLW      5
0x03B6	0x1903      	BTFSC      STATUS, 2
0x03B7	0x2B7F      	GOTO       L_main54
0x03B8	0x0820      	MOVF       _kp, 0
0x03B9	0x3A06      	XORLW      6
0x03BA	0x1903      	BTFSC      STATUS, 2
0x03BB	0x2B82      	GOTO       L_main55
0x03BC	0x0820      	MOVF       _kp, 0
0x03BD	0x3A07      	XORLW      7
0x03BE	0x1903      	BTFSC      STATUS, 2
0x03BF	0x2B85      	GOTO       L_main56
0x03C0	0x0820      	MOVF       _kp, 0
0x03C1	0x3A08      	XORLW      8
0x03C2	0x1903      	BTFSC      STATUS, 2
0x03C3	0x2B88      	GOTO       L_main57
0x03C4	0x0820      	MOVF       _kp, 0
0x03C5	0x3A09      	XORLW      9
0x03C6	0x1903      	BTFSC      STATUS, 2
0x03C7	0x2B8B      	GOTO       L_main58
0x03C8	0x0820      	MOVF       _kp, 0
0x03C9	0x3A0A      	XORLW      10
0x03CA	0x1903      	BTFSC      STATUS, 2
0x03CB	0x2B8E      	GOTO       L_main59
0x03CC	0x0820      	MOVF       _kp, 0
0x03CD	0x3A0B      	XORLW      11
0x03CE	0x1903      	BTFSC      STATUS, 2
0x03CF	0x2B91      	GOTO       L_main60
0x03D0	0x0820      	MOVF       _kp, 0
0x03D1	0x3A0C      	XORLW      12
0x03D2	0x1903      	BTFSC      STATUS, 2
0x03D3	0x2B94      	GOTO       L_main61
0x03D4	0x0820      	MOVF       _kp, 0
0x03D5	0x3A0D      	XORLW      13
0x03D6	0x1903      	BTFSC      STATUS, 2
0x03D7	0x2B97      	GOTO       L_main62
0x03D8	0x0820      	MOVF       _kp, 0
0x03D9	0x3A0E      	XORLW      14
0x03DA	0x1903      	BTFSC      STATUS, 2
0x03DB	0x2B9A      	GOTO       L_main63
0x03DC	0x0820      	MOVF       _kp, 0
0x03DD	0x3A0F      	XORLW      15
0x03DE	0x1903      	BTFSC      STATUS, 2
0x03DF	0x2B9D      	GOTO       L_main64
0x03E0	0x0820      	MOVF       _kp, 0
0x03E1	0x3A10      	XORLW      16
0x03E2	0x1903      	BTFSC      STATUS, 2
0x03E3	0x2BA0      	GOTO       L_main65
L_main49:
;Practica7_Comparacion.c,133 :: 		Lcd_Chr(2, mostrando, kp);
0x03E4	0x3002      	MOVLW      2
0x03E5	0x00AD      	MOVWF      FARG_Lcd_Chr_row
0x03E6	0x1283      	BCF        STATUS, 5
0x03E7	0x085D      	MOVF       _mostrando, 0
0x03E8	0x1683      	BSF        STATUS, 5
0x03E9	0x00AE      	MOVWF      FARG_Lcd_Chr_column
0x03EA	0x0820      	MOVF       _kp, 0
0x03EB	0x00AF      	MOVWF      FARG_Lcd_Chr_out_char
0x03EC	0x21E7      	CALL       _Lcd_Chr
;Practica7_Comparacion.c,134 :: 		Convertir(kp);
0x03ED	0x1683      	BSF        STATUS, 5
0x03EE	0x0820      	MOVF       _kp, 0
0x03EF	0x00AD      	MOVWF      FARG_Convertir_kp
0x03F0	0x01AE      	CLRF       FARG_Convertir_kp+1
0x03F1	0x2113      	CALL       _Convertir
;Practica7_Comparacion.c,135 :: 		valor2[i]=kp;
0x03F2	0x1283      	BCF        STATUS, 5
0x03F3	0x085F      	MOVF       _i, 0
0x03F4	0x00F0      	MOVWF      R0
0x03F5	0x0860      	MOVF       _i+1, 0
0x03F6	0x00F1      	MOVWF      R0+1
0x03F7	0x0DF0      	RLF        R0, 1
0x03F8	0x0DF1      	RLF        R0+1, 1
0x03F9	0x1070      	BCF        R0, 0
0x03FA	0x0870      	MOVF       R0, 0
0x03FB	0x3EA1      	ADDLW      _valor2
0x03FC	0x0084      	MOVWF      FSR
0x03FD	0x1683      	BSF        STATUS, 5
0x03FE	0x0820      	MOVF       _kp, 0
0x03FF	0x0080      	MOVWF      INDF
0x0400	0x0A84      	INCF       FSR, 1
0x0401	0x0180      	CLRF       INDF
;Practica7_Comparacion.c,103 :: 		for(i=0; i<6; i++){
0x0402	0x1283      	BCF        STATUS, 5
0x0403	0x0ADF      	INCF       _i, 1
0x0404	0x1903      	BTFSC      STATUS, 2
0x0405	0x0AE0      	INCF       _i+1, 1
;Practica7_Comparacion.c,137 :: 		}/// segundo dato
0x0406	0x2B5A      	GOTO       L_main42
L_main43:
;Practica7_Comparacion.c,139 :: 		delay_ms(500);
0x0407	0x3006      	MOVLW      6
0x0408	0x00FB      	MOVWF      R11
0x0409	0x3013      	MOVLW      19
0x040A	0x00FC      	MOVWF      R12
0x040B	0x30AD      	MOVLW      173
0x040C	0x00FD      	MOVWF      R13
L_main66:
0x040D	0x0BFD      	DECFSZ     R13, 1
0x040E	0x2C0D      	GOTO       L_main66
0x040F	0x0BFC      	DECFSZ     R12, 1
0x0410	0x2C0D      	GOTO       L_main66
0x0411	0x0BFB      	DECFSZ     R11, 1
0x0412	0x2C0D      	GOTO       L_main66
0x0413	0x0000      	NOP
0x0414	0x0000      	NOP
;Practica7_Comparacion.c,140 :: 		Lcd_Cmd(_LCD_CLEAR);
0x0415	0x3001      	MOVLW      1
0x0416	0x1683      	BSF        STATUS, 5
0x0417	0x00B6      	MOVWF      FARG_Lcd_Cmd_out_char
0x0418	0x201A      	CALL       _Lcd_Cmd
;Practica7_Comparacion.c,141 :: 		bandera=0;
0x0419	0x01E1      	CLRF       _bandera
0x041A	0x01E2      	CLRF       _bandera+1
;Practica7_Comparacion.c,142 :: 		for (i = 0; i<6; i++) {
0x041B	0x01DF      	CLRF       _i
0x041C	0x01E0      	CLRF       _i+1
L_main67:
0x041D	0x3080      	MOVLW      128
0x041E	0x0660      	XORWF      _i+1, 0
0x041F	0x00F0      	MOVWF      R0
0x0420	0x3080      	MOVLW      128
0x0421	0x0270      	SUBWF      R0, 0
0x0422	0x1D03      	BTFSS      STATUS, 2
0x0423	0x2C26      	GOTO       L__main97
0x0424	0x3006      	MOVLW      6
0x0425	0x025F      	SUBWF      _i, 0
L__main97:
0x0426	0x1803      	BTFSC      STATUS, 0
0x0427	0x2CA3      	GOTO       L_main68
;Practica7_Comparacion.c,143 :: 		if (valor1[i] == valor2[i]) {
0x0428	0x085F      	MOVF       _i, 0
0x0429	0x00F0      	MOVWF      R0
0x042A	0x0860      	MOVF       _i+1, 0
0x042B	0x00F1      	MOVWF      R0+1
0x042C	0x0DF0      	RLF        R0, 1
0x042D	0x0DF1      	RLF        R0+1, 1
0x042E	0x1070      	BCF        R0, 0
0x042F	0x0870      	MOVF       R0, 0
0x0430	0x3E64      	ADDLW      _valor1
0x0431	0x0084      	MOVWF      FSR
0x0432	0x0800      	MOVF       INDF, 0
0x0433	0x00F3      	MOVWF      R3
0x0434	0x0A84      	INCF       FSR, 1
0x0435	0x0800      	MOVF       INDF, 0
0x0436	0x00F4      	MOVWF      R3+1
0x0437	0x0870      	MOVF       R0, 0
0x0438	0x3EA1      	ADDLW      _valor2
0x0439	0x0084      	MOVWF      FSR
0x043A	0x0800      	MOVF       INDF, 0
0x043B	0x00F1      	MOVWF      R1
0x043C	0x0A84      	INCF       FSR, 1
0x043D	0x0800      	MOVF       INDF, 0
0x043E	0x00F2      	MOVWF      R1+1
0x043F	0x0874      	MOVF       R3+1, 0
0x0440	0x0672      	XORWF      R1+1, 0
0x0441	0x1D03      	BTFSS      STATUS, 2
0x0442	0x2C45      	GOTO       L__main98
0x0443	0x0871      	MOVF       R1, 0
0x0444	0x0673      	XORWF      R3, 0
L__main98:
0x0445	0x1D03      	BTFSS      STATUS, 2
0x0446	0x2C53      	GOTO       L_main70
;Practica7_Comparacion.c,144 :: 		if (i == 5) {
0x0447	0x3000      	MOVLW      0
0x0448	0x0660      	XORWF      _i+1, 0
0x0449	0x1D03      	BTFSS      STATUS, 2
0x044A	0x2C4D      	GOTO       L__main99
0x044B	0x3005      	MOVLW      5
0x044C	0x065F      	XORWF      _i, 0
L__main99:
0x044D	0x1D03      	BTFSS      STATUS, 2
0x044E	0x2C53      	GOTO       L_main71
;Practica7_Comparacion.c,145 :: 		bandera=2;
0x044F	0x3002      	MOVLW      2
0x0450	0x00E1      	MOVWF      _bandera
0x0451	0x3000      	MOVLW      0
0x0452	0x00E2      	MOVWF      _bandera+1
;Practica7_Comparacion.c,146 :: 		}
L_main71:
;Practica7_Comparacion.c,147 :: 		}
L_main70:
;Practica7_Comparacion.c,148 :: 		if (valor1[i] > valor2[i]) {
0x0453	0x085F      	MOVF       _i, 0
0x0454	0x00F0      	MOVWF      R0
0x0455	0x0860      	MOVF       _i+1, 0
0x0456	0x00F1      	MOVWF      R0+1
0x0457	0x0DF0      	RLF        R0, 1
0x0458	0x0DF1      	RLF        R0+1, 1
0x0459	0x1070      	BCF        R0, 0
0x045A	0x0870      	MOVF       R0, 0
0x045B	0x3E64      	ADDLW      _valor1
0x045C	0x0084      	MOVWF      FSR
0x045D	0x0800      	MOVF       INDF, 0
0x045E	0x00F3      	MOVWF      R3
0x045F	0x0A84      	INCF       FSR, 1
0x0460	0x0800      	MOVF       INDF, 0
0x0461	0x00F4      	MOVWF      R3+1
0x0462	0x0870      	MOVF       R0, 0
0x0463	0x3EA1      	ADDLW      _valor2
0x0464	0x0084      	MOVWF      FSR
0x0465	0x0800      	MOVF       INDF, 0
0x0466	0x00F1      	MOVWF      R1
0x0467	0x0A84      	INCF       FSR, 1
0x0468	0x0800      	MOVF       INDF, 0
0x0469	0x00F2      	MOVWF      R1+1
0x046A	0x3080      	MOVLW      128
0x046B	0x0672      	XORWF      R1+1, 0
0x046C	0x00F0      	MOVWF      R0
0x046D	0x3080      	MOVLW      128
0x046E	0x0674      	XORWF      R3+1, 0
0x046F	0x0270      	SUBWF      R0, 0
0x0470	0x1D03      	BTFSS      STATUS, 2
0x0471	0x2C74      	GOTO       L__main100
0x0472	0x0873      	MOVF       R3, 0
0x0473	0x0271      	SUBWF      R1, 0
L__main100:
0x0474	0x1803      	BTFSC      STATUS, 0
0x0475	0x2C78      	GOTO       L_main72
;Practica7_Comparacion.c,149 :: 		bandera = 0;
0x0476	0x01E1      	CLRF       _bandera
0x0477	0x01E2      	CLRF       _bandera+1
;Practica7_Comparacion.c,150 :: 		}
L_main72:
;Practica7_Comparacion.c,151 :: 		if (valor1[i] < valor2[i]) {
0x0478	0x085F      	MOVF       _i, 0
0x0479	0x00F0      	MOVWF      R0
0x047A	0x0860      	MOVF       _i+1, 0
0x047B	0x00F1      	MOVWF      R0+1
0x047C	0x0DF0      	RLF        R0, 1
0x047D	0x0DF1      	RLF        R0+1, 1
0x047E	0x1070      	BCF        R0, 0
0x047F	0x0870      	MOVF       R0, 0
0x0480	0x3E64      	ADDLW      _valor1
0x0481	0x0084      	MOVWF      FSR
0x0482	0x0800      	MOVF       INDF, 0
0x0483	0x00F3      	MOVWF      R3
0x0484	0x0A84      	INCF       FSR, 1
0x0485	0x0800      	MOVF       INDF, 0
0x0486	0x00F4      	MOVWF      R3+1
0x0487	0x0870      	MOVF       R0, 0
0x0488	0x3EA1      	ADDLW      _valor2
0x0489	0x0084      	MOVWF      FSR
0x048A	0x0800      	MOVF       INDF, 0
0x048B	0x00F1      	MOVWF      R1
0x048C	0x0A84      	INCF       FSR, 1
0x048D	0x0800      	MOVF       INDF, 0
0x048E	0x00F2      	MOVWF      R1+1
0x048F	0x3080      	MOVLW      128
0x0490	0x0674      	XORWF      R3+1, 0
0x0491	0x00F0      	MOVWF      R0
0x0492	0x3080      	MOVLW      128
0x0493	0x0672      	XORWF      R1+1, 0
0x0494	0x0270      	SUBWF      R0, 0
0x0495	0x1D03      	BTFSS      STATUS, 2
0x0496	0x2C99      	GOTO       L__main101
0x0497	0x0871      	MOVF       R1, 0
0x0498	0x0273      	SUBWF      R3, 0
L__main101:
0x0499	0x1803      	BTFSC      STATUS, 0
0x049A	0x2C9F      	GOTO       L_main73
;Practica7_Comparacion.c,152 :: 		bandera = 1;
0x049B	0x3001      	MOVLW      1
0x049C	0x00E1      	MOVWF      _bandera
0x049D	0x3000      	MOVLW      0
0x049E	0x00E2      	MOVWF      _bandera+1
;Practica7_Comparacion.c,153 :: 		}
L_main73:
;Practica7_Comparacion.c,142 :: 		for (i = 0; i<6; i++) {
0x049F	0x0ADF      	INCF       _i, 1
0x04A0	0x1903      	BTFSC      STATUS, 2
0x04A1	0x0AE0      	INCF       _i+1, 1
;Practica7_Comparacion.c,155 :: 		}
0x04A2	0x2C1D      	GOTO       L_main67
L_main68:
;Practica7_Comparacion.c,157 :: 		if (bandera == 0) {
0x04A3	0x3000      	MOVLW      0
0x04A4	0x0662      	XORWF      _bandera+1, 0
0x04A5	0x1D03      	BTFSS      STATUS, 2
0x04A6	0x2CA9      	GOTO       L__main102
0x04A7	0x3000      	MOVLW      0
0x04A8	0x0661      	XORWF      _bandera, 0
L__main102:
0x04A9	0x1D03      	BTFSS      STATUS, 2
0x04AA	0x2CB3      	GOTO       L_main74
;Practica7_Comparacion.c,158 :: 		Lcd_Out(1, 1, "Valor1>Valor2");               //cout << "valor1 es mayor" << endl;
0x04AB	0x3001      	MOVLW      1
0x04AC	0x1683      	BSF        STATUS, 5
0x04AD	0x00AD      	MOVWF      FARG_Lcd_Out_row
0x04AE	0x3001      	MOVLW      1
0x04AF	0x00AE      	MOVWF      FARG_Lcd_Out_column
0x04B0	0x3030      	MOVLW      ?lstr3_Practica7_Comparacion
0x04B1	0x00AF      	MOVWF      FARG_Lcd_Out_text
0x04B2	0x20D0      	CALL       _Lcd_Out
;Practica7_Comparacion.c,159 :: 		}
L_main74:
;Practica7_Comparacion.c,160 :: 		if(bandera == 1)
0x04B3	0x3000      	MOVLW      0
0x04B4	0x0662      	XORWF      _bandera+1, 0
0x04B5	0x1D03      	BTFSS      STATUS, 2
0x04B6	0x2CB9      	GOTO       L__main103
0x04B7	0x3001      	MOVLW      1
0x04B8	0x0661      	XORWF      _bandera, 0
L__main103:
0x04B9	0x1D03      	BTFSS      STATUS, 2
0x04BA	0x2CC3      	GOTO       L_main75
;Practica7_Comparacion.c,161 :: 		Lcd_Out(1, 1, "Valor2>Valor1");                                    //cout << "valor2 es mayor" << endl;
0x04BB	0x3001      	MOVLW      1
0x04BC	0x1683      	BSF        STATUS, 5
0x04BD	0x00AD      	MOVWF      FARG_Lcd_Out_row
0x04BE	0x3001      	MOVLW      1
0x04BF	0x00AE      	MOVWF      FARG_Lcd_Out_column
0x04C0	0x303E      	MOVLW      ?lstr4_Practica7_Comparacion
0x04C1	0x00AF      	MOVWF      FARG_Lcd_Out_text
0x04C2	0x20D0      	CALL       _Lcd_Out
L_main75:
;Practica7_Comparacion.c,162 :: 		if(bandera == 2){
0x04C3	0x3000      	MOVLW      0
0x04C4	0x0662      	XORWF      _bandera+1, 0
0x04C5	0x1D03      	BTFSS      STATUS, 2
0x04C6	0x2CC9      	GOTO       L__main104
0x04C7	0x3002      	MOVLW      2
0x04C8	0x0661      	XORWF      _bandera, 0
L__main104:
0x04C9	0x1D03      	BTFSS      STATUS, 2
0x04CA	0x2CD3      	GOTO       L_main76
;Practica7_Comparacion.c,163 :: 		Lcd_Out(1, 1, "Valor1=Valor2");    //cout << "valor1 = valor2"<<endl;
0x04CB	0x3001      	MOVLW      1
0x04CC	0x1683      	BSF        STATUS, 5
0x04CD	0x00AD      	MOVWF      FARG_Lcd_Out_row
0x04CE	0x3001      	MOVLW      1
0x04CF	0x00AE      	MOVWF      FARG_Lcd_Out_column
0x04D0	0x304C      	MOVLW      ?lstr5_Practica7_Comparacion
0x04D1	0x00AF      	MOVWF      FARG_Lcd_Out_text
0x04D2	0x20D0      	CALL       _Lcd_Out
;Practica7_Comparacion.c,164 :: 		}
L_main76:
;Practica7_Comparacion.c,167 :: 		}
L_end_main:
0x04D3	0x2CD3      	GOTO       $+0
; end of _main
0x0514	0x3020      	MOVLW      32
0x0515	0x0084      	MOVWF      FSR
0x0516	0x303A      	MOVLW      58
0x0517	0x1283      	BCF        STATUS, 5
0x0518	0x1303      	BCF        STATUS, 6
0x0519	0x00F0      	MOVWF      R0
0x051A	0x30D9      	MOVLW      217
0x051B	0x00DB      	MOVWF      ___DoICPAddr
0x051C	0x3004      	MOVLW      4
0x051D	0x00DC      	MOVWF      92
0x051E	0x226D      	CALL       621
0x051F	0x0008      	RETURN
;Practica7_Comparacion.c,0 :: ?ICS?lstr1_Practica7_Comparacion
0x04D9	0x3456 ;?ICS?lstr1_Practica7_Comparacion+0
0x04DA	0x3461 ;?ICS?lstr1_Practica7_Comparacion+1
0x04DB	0x346C ;?ICS?lstr1_Practica7_Comparacion+2
0x04DC	0x346F ;?ICS?lstr1_Practica7_Comparacion+3
0x04DD	0x3472 ;?ICS?lstr1_Practica7_Comparacion+4
0x04DE	0x3431 ;?ICS?lstr1_Practica7_Comparacion+5
0x04DF	0x343A ;?ICS?lstr1_Practica7_Comparacion+6
0x04E0	0x3400 ;?ICS?lstr1_Practica7_Comparacion+7
; end of ?ICS?lstr1_Practica7_Comparacion
;Practica7_Comparacion.c,0 :: ?ICS?lstr2_Practica7_Comparacion
0x04E1	0x3456 ;?ICS?lstr2_Practica7_Comparacion+0
0x04E2	0x3461 ;?ICS?lstr2_Practica7_Comparacion+1
0x04E3	0x346C ;?ICS?lstr2_Practica7_Comparacion+2
0x04E4	0x346F ;?ICS?lstr2_Practica7_Comparacion+3
0x04E5	0x3472 ;?ICS?lstr2_Practica7_Comparacion+4
0x04E6	0x3432 ;?ICS?lstr2_Practica7_Comparacion+5
0x04E7	0x343A ;?ICS?lstr2_Practica7_Comparacion+6
0x04E8	0x3400 ;?ICS?lstr2_Practica7_Comparacion+7
; end of ?ICS?lstr2_Practica7_Comparacion
;Practica7_Comparacion.c,0 :: ?ICS?lstr3_Practica7_Comparacion
0x04E9	0x3456 ;?ICS?lstr3_Practica7_Comparacion+0
0x04EA	0x3461 ;?ICS?lstr3_Practica7_Comparacion+1
0x04EB	0x346C ;?ICS?lstr3_Practica7_Comparacion+2
0x04EC	0x346F ;?ICS?lstr3_Practica7_Comparacion+3
0x04ED	0x3472 ;?ICS?lstr3_Practica7_Comparacion+4
0x04EE	0x3431 ;?ICS?lstr3_Practica7_Comparacion+5
0x04EF	0x343E ;?ICS?lstr3_Practica7_Comparacion+6
0x04F0	0x3456 ;?ICS?lstr3_Practica7_Comparacion+7
0x04F1	0x3461 ;?ICS?lstr3_Practica7_Comparacion+8
0x04F2	0x346C ;?ICS?lstr3_Practica7_Comparacion+9
0x04F3	0x346F ;?ICS?lstr3_Practica7_Comparacion+10
0x04F4	0x3472 ;?ICS?lstr3_Practica7_Comparacion+11
0x04F5	0x3432 ;?ICS?lstr3_Practica7_Comparacion+12
0x04F6	0x3400 ;?ICS?lstr3_Practica7_Comparacion+13
; end of ?ICS?lstr3_Practica7_Comparacion
;Practica7_Comparacion.c,0 :: ?ICS?lstr4_Practica7_Comparacion
0x04F7	0x3456 ;?ICS?lstr4_Practica7_Comparacion+0
0x04F8	0x3461 ;?ICS?lstr4_Practica7_Comparacion+1
0x04F9	0x346C ;?ICS?lstr4_Practica7_Comparacion+2
0x04FA	0x346F ;?ICS?lstr4_Practica7_Comparacion+3
0x04FB	0x3472 ;?ICS?lstr4_Practica7_Comparacion+4
0x04FC	0x3432 ;?ICS?lstr4_Practica7_Comparacion+5
0x04FD	0x343E ;?ICS?lstr4_Practica7_Comparacion+6
0x04FE	0x3456 ;?ICS?lstr4_Practica7_Comparacion+7
0x04FF	0x3461 ;?ICS?lstr4_Practica7_Comparacion+8
0x0500	0x346C ;?ICS?lstr4_Practica7_Comparacion+9
0x0501	0x346F ;?ICS?lstr4_Practica7_Comparacion+10
0x0502	0x3472 ;?ICS?lstr4_Practica7_Comparacion+11
0x0503	0x3431 ;?ICS?lstr4_Practica7_Comparacion+12
0x0504	0x3400 ;?ICS?lstr4_Practica7_Comparacion+13
; end of ?ICS?lstr4_Practica7_Comparacion
;Practica7_Comparacion.c,0 :: ?ICS?lstr5_Practica7_Comparacion
0x0505	0x3456 ;?ICS?lstr5_Practica7_Comparacion+0
0x0506	0x3461 ;?ICS?lstr5_Practica7_Comparacion+1
0x0507	0x346C ;?ICS?lstr5_Practica7_Comparacion+2
0x0508	0x346F ;?ICS?lstr5_Practica7_Comparacion+3
0x0509	0x3472 ;?ICS?lstr5_Practica7_Comparacion+4
0x050A	0x3431 ;?ICS?lstr5_Practica7_Comparacion+5
0x050B	0x343D ;?ICS?lstr5_Practica7_Comparacion+6
0x050C	0x3456 ;?ICS?lstr5_Practica7_Comparacion+7
0x050D	0x3461 ;?ICS?lstr5_Practica7_Comparacion+8
0x050E	0x346C ;?ICS?lstr5_Practica7_Comparacion+9
0x050F	0x346F ;?ICS?lstr5_Practica7_Comparacion+10
0x0510	0x3472 ;?ICS?lstr5_Practica7_Comparacion+11
0x0511	0x3432 ;?ICS?lstr5_Practica7_Comparacion+12
0x0512	0x3400 ;?ICS?lstr5_Practica7_Comparacion+13
; end of ?ICS?lstr5_Practica7_Comparacion
Symbol List:
//** Routines locations **
//ADDRESS    SIZE    PROCEDURE
//----------------------------------------------
0x0003       [3]    _Delay_1us
0x0006       [7]    _Delay_50us
0x000D      [13]    _Delay_5500us
0x001A      [87]    _Lcd_Cmd
0x0071       [8]    _Delay_10us
0x0079      [56]    _Keypad_Key_Press
0x00B1       [7]    _____DoICP
0x00B8       [9]    _Lcd_Chr_CP
0x00C1      [15]    _Keypad_Key_Click
0x00D0      [67]    _Lcd_Out
0x0113     [212]    _Convertir
0x01E7      [56]    _Lcd_Chr
0x021F      [78]    _Lcd_Init
0x026D      [12]    ___CC2DW
0x0279      [10]    _Keypad_Init
0x0283     [592]    _main
//** Variables locations ** 
//ADDRESS    SIZE    VARIABLE
//----------------------------------------------
0x0000       [1]    INDF
0x0002       [1]    PCL
0x0003       [1]    STATUS
0x0004       [1]    FSR
0x0006       [0]    LCD_RS
0x0006       [0]    RB2_bit
0x0006       [0]    LCD_EN
0x0006       [0]    RB4_bit
0x0006       [0]    RB0_bit
0x0006       [0]    LCD_D5
0x0006       [0]    RB5_bit
0x0006       [0]    LCD_D6
0x0006       [0]    RB3_bit
0x0006       [0]    LCD_D4
0x0006       [0]    RB1_bit
0x0006       [0]    LCD_D7
0x0008       [1]    keypadPort
0x0008       [1]    PORTD
0x000A       [1]    PCLATH
0x0020       [8]    ?lstr1_Practica7_Comparacion
0x0028       [8]    ?lstr2_Practica7_Comparacion
0x0030      [14]    ?lstr3_Practica7_Comparacion
0x003E      [14]    ?lstr4_Practica7_Comparacion
0x004C      [14]    ?lstr5_Practica7_Comparacion
0x005A       [1]    _cnt
0x005B       [2]    ___DoICPAddr
0x005D       [2]    _mostrando
0x005F       [2]    _i
0x0061       [2]    _bandera
0x0063       [0]    __Lib_Lcd_cmd_status
0x0064      [12]    _valor1
0x0070       [1]    R0
0x0071       [1]    R1
0x0072       [1]    R2
0x0073       [1]    R3
0x0074       [1]    R4
0x0075       [1]    R5
0x0076       [1]    R6
0x0077       [1]    R7
0x0078       [1]    R8
0x0079       [1]    R9
0x007A       [1]    R10
0x007B       [1]    R11
0x007C       [1]    R12
0x007D       [1]    R13
0x007E       [1]    R14
0x007F       [1]    R15
0x0086       [0]    TRISB1_bit
0x0086       [0]    TRISB2_bit
0x0086       [0]    LCD_D4_Direction
0x0086       [0]    LCD_D5_Direction
0x0086       [0]    TRISB0_bit
0x0086       [0]    LCD_EN_Direction
0x0086       [0]    TRISB5_bit
0x0086       [0]    LCD_RS_Direction
0x0086       [0]    TRISB3_bit
0x0086       [0]    TRISB4_bit
0x0086       [0]    LCD_D6_Direction
0x0086       [0]    LCD_D7_Direction
0x00A0       [1]    _kp
0x00A1      [12]    _valor2
0x00AD       [1]    Keypad_Key_Click_rslt_L0
0x00AD       [2]    FARG_Convertir_kp
0x00AD       [1]    FARG_Lcd_Chr_row
0x00AD       [1]    FARG_Lcd_Out_row
0x00AE       [1]    FARG_Lcd_Chr_column
0x00AE       [1]    FARG_Lcd_Out_column
0x00AF       [1]    FARG_Lcd_Chr_out_char
0x00AF       [1]    FARG_Lcd_Out_text
0x00B0       [1]    Lcd_Out_i_L0
0x00B1       [1]    FARG_Lcd_Chr_CP_out_char
0x00B1       [1]    Keypad_Key_Press_rslt_L0
0x00B2       [1]    Keypad_Key_Press_kdata_L0
0x00B3       [1]    Keypad_Key_Press_loc_L0
0x00B4       [1]    Keypad_Key_Press_rowcnt_L0
0x00B5       [1]    Keypad_Key_Press_shifter_L0
0x00B6       [1]    FARG_Lcd_Cmd_out_char
//** Constants locations ** 
//ADDRESS    SIZE    CONSTANT
//----------------------------------------------
0x04D9       [8]    ?ICS?lstr1_Practica7_Comparacion
0x04E1       [8]    ?ICS?lstr2_Practica7_Comparacion
0x04E9      [14]    ?ICS?lstr3_Practica7_Comparacion
0x04F7      [14]    ?ICS?lstr4_Practica7_Comparacion
0x0505      [14]    ?ICS?lstr5_Practica7_Comparacion
