;  LST file generated by mikroListExporter - v.2.0 
; Date/Time: 11/03/2019 02:59:20 p.m.
;----------------------------------------------

;Address Opcode 	ASM
0x0000	0x28E3      	GOTO       227
_interrupt:
0x0004	0x00FF      	MOVWF      R15
0x0005	0x0E03      	SWAPF      STATUS, 0
0x0006	0x0183      	CLRF       STATUS
0x0007	0x00A6      	MOVWF      ___saveSTATUS
0x0008	0x080A      	MOVF       PCLATH, 0
0x0009	0x00A5      	MOVWF      ___savePCLATH
0x000A	0x018A      	CLRF       PCLATH
;Practica11_Reloj.c,18 :: 		void interrupt(){
;Practica11_Reloj.c,19 :: 		if(PIR1.TMR1IF ==1){
0x000B	0x1C0C      	BTFSS      PIR1, 0
0x000C	0x2823      	GOTO       L_interrupt0
;Practica11_Reloj.c,20 :: 		if(cnt>0){
0x000D	0x3080      	MOVLW      128
0x000E	0x00F0      	MOVWF      R0
0x000F	0x3080      	MOVLW      128
0x0010	0x0623      	XORWF      _cnt+1, 0
0x0011	0x0270      	SUBWF      R0, 0
0x0012	0x1D03      	BTFSS      STATUS, 2
0x0013	0x2816      	GOTO       L__interrupt4
0x0014	0x0822      	MOVF       _cnt, 0
0x0015	0x3C00      	SUBLW      0
L__interrupt4:
0x0016	0x1803      	BTFSC      STATUS, 0
0x0017	0x2823      	GOTO       L_interrupt1
;Practica11_Reloj.c,21 :: 		T1CON = 0; //APAGAR TIMER
0x0018	0x0190      	CLRF       T1CON
;Practica11_Reloj.c,22 :: 		TMR1H = 0x3C;
0x0019	0x303C      	MOVLW      60
0x001A	0x008F      	MOVWF      TMR1H
;Practica11_Reloj.c,23 :: 		TMR1L = 0xAF;
0x001B	0x30AF      	MOVLW      175
0x001C	0x008E      	MOVWF      TMR1L
;Practica11_Reloj.c,24 :: 		cnt--;
0x001D	0x3001      	MOVLW      1
0x001E	0x02A2      	SUBWF      _cnt, 1
0x001F	0x1C03      	BTFSS      STATUS, 0
0x0020	0x03A3      	DECF       _cnt+1, 1
;Practica11_Reloj.c,25 :: 		t1con = 1;
0x0021	0x3001      	MOVLW      1
0x0022	0x0090      	MOVWF      T1CON
;Practica11_Reloj.c,26 :: 		}
L_interrupt1:
;Practica11_Reloj.c,27 :: 		}  //BANDERA PREGUNTA SI ESTA HABILITADA (SI SE DESBORDA)
L_interrupt0:
;Practica11_Reloj.c,28 :: 		PIR1.TMR1IF=0;
0x0023	0x100C      	BCF        PIR1, 0
;Practica11_Reloj.c,29 :: 		}
L_end_interrupt:
L__interrupt3:
0x0024	0x0825      	MOVF       ___savePCLATH, 0
0x0025	0x008A      	MOVWF      PCLATH
0x0026	0x0E26      	SWAPF      ___saveSTATUS, 0
0x0027	0x0083      	MOVWF      STATUS
0x0028	0x0EFF      	SWAPF      R15, 1
0x0029	0x0E7F      	SWAPF      R15, 0
0x002A	0x0009      	RETFIE
; end of _interrupt
_Delay_50us:
;__Lib_Delays.c,19 :: 		void Delay_50us() {
;__Lib_Delays.c,20 :: 		Delay_us(50);
0x002B	0x3021      	MOVLW      33
0x002C	0x1283      	BCF        STATUS, 5
0x002D	0x1303      	BCF        STATUS, 6
0x002E	0x00FD      	MOVWF      R13
L_Delay_50us2:
0x002F	0x0BFD      	DECFSZ     R13, 1
0x0030	0x282F      	GOTO       L_Delay_50us2
;__Lib_Delays.c,21 :: 		}
L_end_Delay_50us:
0x0031	0x0008      	RETURN
; end of _Delay_50us
_____DoICP:
;__Lib_System.c,6 :: 		
;__Lib_System.c,9 :: 		
0x0032	0x1283      	BCF        STATUS, 5
0x0033	0x1303      	BCF        STATUS, 6
0x0034	0x0821      	MOVF       ___DoICPAddr+1, 0
0x0035	0x008A      	MOVWF      PCLATH
;__Lib_System.c,10 :: 		
0x0036	0x0820      	MOVF       ___DoICPAddr, 0
0x0037	0x0082      	MOVWF      PCL
;__Lib_System.c,12 :: 		
L_end_____DoICP:
0x0038	0x0008      	RETURN
; end of _____DoICP
_Delay_1us:
;__Lib_Delays.c,7 :: 		void Delay_1us() {
;__Lib_Delays.c,8 :: 		Delay_us(1);
0x0039	0x0000      	NOP
0x003A	0x0000      	NOP
;__Lib_Delays.c,9 :: 		}
L_end_Delay_1us:
0x003B	0x0008      	RETURN
; end of _Delay_1us
_Delay_5500us:
;__Lib_Delays.c,31 :: 		void Delay_5500us() {
;__Lib_Delays.c,32 :: 		Delay_us(5500);
0x003C	0x300F      	MOVLW      15
0x003D	0x1283      	BCF        STATUS, 5
0x003E	0x1303      	BCF        STATUS, 6
0x003F	0x00FC      	MOVWF      R12
0x0040	0x3047      	MOVLW      71
0x0041	0x00FD      	MOVWF      R13
L_Delay_5500us5:
0x0042	0x0BFD      	DECFSZ     R13, 1
0x0043	0x2842      	GOTO       L_Delay_5500us5
0x0044	0x0BFC      	DECFSZ     R12, 1
0x0045	0x2842      	GOTO       L_Delay_5500us5
0x0046	0x0000      	NOP
0x0047	0x0000      	NOP
;__Lib_Delays.c,33 :: 		}
L_end_Delay_5500us:
0x0048	0x0008      	RETURN
; end of _Delay_5500us
___CC2DW:
;__Lib_System.c,134 :: 		
;__Lib_System.c,137 :: 		
_CC2D_Loop1:
;__Lib_System.c,139 :: 		
0x0049	0x2032      	CALL       _____DoICP
0x004A	0x118A      	BCF        PCLATH, 3
0x004B	0x120A      	BCF        PCLATH, 4
;__Lib_System.c,141 :: 		
0x004C	0x0080      	MOVWF      INDF
;__Lib_System.c,142 :: 		
0x004D	0x0A84      	INCF       FSR, 1
;__Lib_System.c,143 :: 		
0x004E	0x0AA0      	INCF       ___DoICPAddr, 1
;__Lib_System.c,145 :: 		
0x004F	0x1903      	BTFSC      STATUS, 2
;__Lib_System.c,146 :: 		
0x0050	0x0AA1      	INCF       ___DoICPAddr+1, 1
;__Lib_System.c,147 :: 		
0x0051	0x03F0      	DECF       R0, 1
;__Lib_System.c,149 :: 		
0x0052	0x1D03      	BTFSS      STATUS, 2
;__Lib_System.c,150 :: 		
0x0053	0x2849      	GOTO       _CC2D_Loop1
;__Lib_System.c,152 :: 		
L_end___CC2DW:
0x0054	0x0008      	RETURN
; end of ___CC2DW
_Lcd_Cmd:
;__Lib_Lcd.c,18 :: 		
;__Lib_Lcd.c,20 :: 		
0x0055	0x1283      	BCF        STATUS, 5
0x0056	0x1303      	BCF        STATUS, 6
0x0057	0x1BA7      	BTFSC      FARG_Lcd_Cmd_out_char, 7
0x0058	0x285B      	GOTO       L__Lcd_Cmd21
0x0059	0x1186      	BCF        LCD_D7, BitPos(LCD_D7+0)
0x005A	0x285C      	GOTO       L__Lcd_Cmd22
L__Lcd_Cmd21:
0x005B	0x1586      	BSF        LCD_D7, BitPos(LCD_D7+0)
L__Lcd_Cmd22:
;__Lib_Lcd.c,21 :: 		
0x005C	0x1B27      	BTFSC      FARG_Lcd_Cmd_out_char, 6
0x005D	0x2860      	GOTO       L__Lcd_Cmd23
0x005E	0x1106      	BCF        LCD_D6, BitPos(LCD_D6+0)
0x005F	0x2861      	GOTO       L__Lcd_Cmd24
L__Lcd_Cmd23:
0x0060	0x1506      	BSF        LCD_D6, BitPos(LCD_D6+0)
L__Lcd_Cmd24:
;__Lib_Lcd.c,22 :: 		
0x0061	0x1AA7      	BTFSC      FARG_Lcd_Cmd_out_char, 5
0x0062	0x2865      	GOTO       L__Lcd_Cmd25
0x0063	0x1086      	BCF        LCD_D5, BitPos(LCD_D5+0)
0x0064	0x2866      	GOTO       L__Lcd_Cmd26
L__Lcd_Cmd25:
0x0065	0x1486      	BSF        LCD_D5, BitPos(LCD_D5+0)
L__Lcd_Cmd26:
;__Lib_Lcd.c,23 :: 		
0x0066	0x1A27      	BTFSC      FARG_Lcd_Cmd_out_char, 4
0x0067	0x286A      	GOTO       L__Lcd_Cmd27
0x0068	0x1006      	BCF        LCD_D4, BitPos(LCD_D4+0)
0x0069	0x286B      	GOTO       L__Lcd_Cmd28
L__Lcd_Cmd27:
0x006A	0x1406      	BSF        LCD_D4, BitPos(LCD_D4+0)
L__Lcd_Cmd28:
;__Lib_Lcd.c,25 :: 		
0x006B	0x1824      	BTFSC      __Lib_Lcd_cmd_status, BitPos(__Lib_Lcd_cmd_status+0)
0x006C	0x286F      	GOTO       L__Lcd_Cmd29
0x006D	0x1606      	BSF        LCD_RS, BitPos(LCD_RS+0)
0x006E	0x2870      	GOTO       L__Lcd_Cmd30
L__Lcd_Cmd29:
0x006F	0x1206      	BCF        LCD_RS, BitPos(LCD_RS+0)
L__Lcd_Cmd30:
;__Lib_Lcd.c,28 :: 		
0x0070	0x1686      	BSF        LCD_EN, BitPos(LCD_EN+0)
;__Lib_Lcd.c,29 :: 		
0x0071	0x2039      	CALL       _Delay_1us
;__Lib_Lcd.c,30 :: 		
0x0072	0x1286      	BCF        LCD_EN, BitPos(LCD_EN+0)
;__Lib_Lcd.c,33 :: 		
0x0073	0x19A7      	BTFSC      FARG_Lcd_Cmd_out_char, 3
0x0074	0x2877      	GOTO       L__Lcd_Cmd31
0x0075	0x1186      	BCF        LCD_D7, BitPos(LCD_D7+0)
0x0076	0x2878      	GOTO       L__Lcd_Cmd32
L__Lcd_Cmd31:
0x0077	0x1586      	BSF        LCD_D7, BitPos(LCD_D7+0)
L__Lcd_Cmd32:
;__Lib_Lcd.c,34 :: 		
0x0078	0x1927      	BTFSC      FARG_Lcd_Cmd_out_char, 2
0x0079	0x287C      	GOTO       L__Lcd_Cmd33
0x007A	0x1106      	BCF        LCD_D6, BitPos(LCD_D6+0)
0x007B	0x287D      	GOTO       L__Lcd_Cmd34
L__Lcd_Cmd33:
0x007C	0x1506      	BSF        LCD_D6, BitPos(LCD_D6+0)
L__Lcd_Cmd34:
;__Lib_Lcd.c,35 :: 		
0x007D	0x18A7      	BTFSC      FARG_Lcd_Cmd_out_char, 1
0x007E	0x2881      	GOTO       L__Lcd_Cmd35
0x007F	0x1086      	BCF        LCD_D5, BitPos(LCD_D5+0)
0x0080	0x2882      	GOTO       L__Lcd_Cmd36
L__Lcd_Cmd35:
0x0081	0x1486      	BSF        LCD_D5, BitPos(LCD_D5+0)
L__Lcd_Cmd36:
;__Lib_Lcd.c,36 :: 		
0x0082	0x1827      	BTFSC      FARG_Lcd_Cmd_out_char, 0
0x0083	0x2886      	GOTO       L__Lcd_Cmd37
0x0084	0x1006      	BCF        LCD_D4, BitPos(LCD_D4+0)
0x0085	0x2887      	GOTO       L__Lcd_Cmd38
L__Lcd_Cmd37:
0x0086	0x1406      	BSF        LCD_D4, BitPos(LCD_D4+0)
L__Lcd_Cmd38:
;__Lib_Lcd.c,38 :: 		
0x0087	0x1824      	BTFSC      __Lib_Lcd_cmd_status, BitPos(__Lib_Lcd_cmd_status+0)
0x0088	0x288B      	GOTO       L__Lcd_Cmd39
0x0089	0x1606      	BSF        LCD_RS, BitPos(LCD_RS+0)
0x008A	0x288C      	GOTO       L__Lcd_Cmd40
L__Lcd_Cmd39:
0x008B	0x1206      	BCF        LCD_RS, BitPos(LCD_RS+0)
L__Lcd_Cmd40:
;__Lib_Lcd.c,40 :: 		
0x008C	0x1686      	BSF        LCD_EN, BitPos(LCD_EN+0)
;__Lib_Lcd.c,41 :: 		
0x008D	0x2039      	CALL       _Delay_1us
;__Lib_Lcd.c,42 :: 		
0x008E	0x1286      	BCF        LCD_EN, BitPos(LCD_EN+0)
;__Lib_Lcd.c,44 :: 		
0x008F	0x1C24      	BTFSS      __Lib_Lcd_cmd_status, BitPos(__Lib_Lcd_cmd_status+0)
0x0090	0x2893      	GOTO       L_Lcd_Cmd0
;__Lib_Lcd.c,45 :: 		
0x0091	0x203C      	CALL       _Delay_5500us
0x0092	0x2894      	GOTO       L_Lcd_Cmd1
L_Lcd_Cmd0:
;__Lib_Lcd.c,47 :: 		
0x0093	0x202B      	CALL       _Delay_50us
L_Lcd_Cmd1:
;__Lib_Lcd.c,48 :: 		
L_end_Lcd_Cmd:
0x0094	0x0008      	RETURN
; end of _Lcd_Cmd
_Lcd_Init:
;__Lib_Lcd.c,84 :: 		
;__Lib_Lcd.c,86 :: 		
0x0095	0x1683      	BSF        STATUS, 5
0x0096	0x1303      	BCF        STATUS, 6
0x0097	0x1286      	BCF        LCD_EN_Direction, BitPos(LCD_EN_Direction+0)
;__Lib_Lcd.c,87 :: 		
0x0098	0x1206      	BCF        LCD_RS_Direction, BitPos(LCD_RS_Direction+0)
;__Lib_Lcd.c,88 :: 		
0x0099	0x1006      	BCF        LCD_D4_Direction, BitPos(LCD_D4_Direction+0)
;__Lib_Lcd.c,89 :: 		
0x009A	0x1086      	BCF        LCD_D5_Direction, BitPos(LCD_D5_Direction+0)
;__Lib_Lcd.c,90 :: 		
0x009B	0x1106      	BCF        LCD_D6_Direction, BitPos(LCD_D6_Direction+0)
;__Lib_Lcd.c,91 :: 		
0x009C	0x1186      	BCF        LCD_D7_Direction, BitPos(LCD_D7_Direction+0)
;__Lib_Lcd.c,93 :: 		
0x009D	0x1283      	BCF        STATUS, 5
0x009E	0x1286      	BCF        LCD_EN, BitPos(LCD_EN+0)
;__Lib_Lcd.c,94 :: 		
0x009F	0x1206      	BCF        LCD_RS, BitPos(LCD_RS+0)
;__Lib_Lcd.c,95 :: 		
0x00A0	0x1186      	BCF        LCD_D7, BitPos(LCD_D7+0)
;__Lib_Lcd.c,96 :: 		
0x00A1	0x1106      	BCF        LCD_D6, BitPos(LCD_D6+0)
;__Lib_Lcd.c,97 :: 		
0x00A2	0x1086      	BCF        LCD_D5, BitPos(LCD_D5+0)
;__Lib_Lcd.c,98 :: 		
0x00A3	0x1006      	BCF        LCD_D4, BitPos(LCD_D4+0)
;__Lib_Lcd.c,100 :: 		
0x00A4	0x203C      	CALL       _Delay_5500us
;__Lib_Lcd.c,101 :: 		
0x00A5	0x203C      	CALL       _Delay_5500us
;__Lib_Lcd.c,102 :: 		
0x00A6	0x203C      	CALL       _Delay_5500us
;__Lib_Lcd.c,105 :: 		
0x00A7	0x1486      	BSF        LCD_D5, BitPos(LCD_D5+0)
;__Lib_Lcd.c,106 :: 		
0x00A8	0x1406      	BSF        LCD_D4, BitPos(LCD_D4+0)
;__Lib_Lcd.c,107 :: 		
0x00A9	0x1686      	BSF        LCD_EN, BitPos(LCD_EN+0)
;__Lib_Lcd.c,108 :: 		
0x00AA	0x2039      	CALL       _Delay_1us
;__Lib_Lcd.c,109 :: 		
0x00AB	0x1286      	BCF        LCD_EN, BitPos(LCD_EN+0)
;__Lib_Lcd.c,110 :: 		
0x00AC	0x203C      	CALL       _Delay_5500us
;__Lib_Lcd.c,112 :: 		
0x00AD	0x1686      	BSF        LCD_EN, BitPos(LCD_EN+0)
;__Lib_Lcd.c,113 :: 		
0x00AE	0x2039      	CALL       _Delay_1us
;__Lib_Lcd.c,114 :: 		
0x00AF	0x1286      	BCF        LCD_EN, BitPos(LCD_EN+0)
;__Lib_Lcd.c,115 :: 		
0x00B0	0x203C      	CALL       _Delay_5500us
;__Lib_Lcd.c,117 :: 		
0x00B1	0x1686      	BSF        LCD_EN, BitPos(LCD_EN+0)
;__Lib_Lcd.c,118 :: 		
0x00B2	0x2039      	CALL       _Delay_1us
;__Lib_Lcd.c,119 :: 		
0x00B3	0x1286      	BCF        LCD_EN, BitPos(LCD_EN+0)
;__Lib_Lcd.c,120 :: 		
0x00B4	0x203C      	CALL       _Delay_5500us
;__Lib_Lcd.c,123 :: 		
0x00B5	0x1006      	BCF        LCD_D4, BitPos(LCD_D4+0)
;__Lib_Lcd.c,124 :: 		
0x00B6	0x1686      	BSF        LCD_EN, BitPos(LCD_EN+0)
;__Lib_Lcd.c,125 :: 		
0x00B7	0x2039      	CALL       _Delay_1us
;__Lib_Lcd.c,126 :: 		
0x00B8	0x1286      	BCF        LCD_EN, BitPos(LCD_EN+0)
;__Lib_Lcd.c,127 :: 		
0x00B9	0x203C      	CALL       _Delay_5500us
;__Lib_Lcd.c,130 :: 		
0x00BA	0x1686      	BSF        LCD_EN, BitPos(LCD_EN+0)
;__Lib_Lcd.c,131 :: 		
0x00BB	0x2039      	CALL       _Delay_1us
;__Lib_Lcd.c,132 :: 		
0x00BC	0x1286      	BCF        LCD_EN, BitPos(LCD_EN+0)
;__Lib_Lcd.c,134 :: 		
0x00BD	0x1086      	BCF        LCD_D5, BitPos(LCD_D5+0)
;__Lib_Lcd.c,135 :: 		
0x00BE	0x1586      	BSF        LCD_D7, BitPos(LCD_D7+0)
;__Lib_Lcd.c,136 :: 		
0x00BF	0x1686      	BSF        LCD_EN, BitPos(LCD_EN+0)
;__Lib_Lcd.c,137 :: 		
0x00C0	0x2039      	CALL       _Delay_1us
;__Lib_Lcd.c,138 :: 		
0x00C1	0x1286      	BCF        LCD_EN, BitPos(LCD_EN+0)
;__Lib_Lcd.c,139 :: 		
0x00C2	0x203C      	CALL       _Delay_5500us
;__Lib_Lcd.c,142 :: 		
0x00C3	0x1186      	BCF        LCD_D7, BitPos(LCD_D7+0)
;__Lib_Lcd.c,143 :: 		
0x00C4	0x1406      	BSF        LCD_D4, BitPos(LCD_D4+0)
;__Lib_Lcd.c,144 :: 		
0x00C5	0x1686      	BSF        LCD_EN, BitPos(LCD_EN+0)
;__Lib_Lcd.c,145 :: 		
0x00C6	0x2039      	CALL       _Delay_1us
;__Lib_Lcd.c,146 :: 		
0x00C7	0x1286      	BCF        LCD_EN, BitPos(LCD_EN+0)
;__Lib_Lcd.c,148 :: 		
0x00C8	0x1006      	BCF        LCD_D4, BitPos(LCD_D4+0)
;__Lib_Lcd.c,149 :: 		
0x00C9	0x1686      	BSF        LCD_EN, BitPos(LCD_EN+0)
;__Lib_Lcd.c,150 :: 		
0x00CA	0x2039      	CALL       _Delay_1us
;__Lib_Lcd.c,151 :: 		
0x00CB	0x1286      	BCF        LCD_EN, BitPos(LCD_EN+0)
;__Lib_Lcd.c,152 :: 		
0x00CC	0x203C      	CALL       _Delay_5500us
;__Lib_Lcd.c,155 :: 		
0x00CD	0x1686      	BSF        LCD_EN, BitPos(LCD_EN+0)
;__Lib_Lcd.c,156 :: 		
0x00CE	0x2039      	CALL       _Delay_1us
;__Lib_Lcd.c,157 :: 		
0x00CF	0x1286      	BCF        LCD_EN, BitPos(LCD_EN+0)
;__Lib_Lcd.c,159 :: 		
0x00D0	0x1406      	BSF        LCD_D4, BitPos(LCD_D4+0)
;__Lib_Lcd.c,160 :: 		
0x00D1	0x1686      	BSF        LCD_EN, BitPos(LCD_EN+0)
;__Lib_Lcd.c,161 :: 		
0x00D2	0x2039      	CALL       _Delay_1us
;__Lib_Lcd.c,162 :: 		
0x00D3	0x1286      	BCF        LCD_EN, BitPos(LCD_EN+0)
;__Lib_Lcd.c,163 :: 		
0x00D4	0x203C      	CALL       _Delay_5500us
;__Lib_Lcd.c,166 :: 		
0x00D5	0x1006      	BCF        LCD_D4, BitPos(LCD_D4+0)
;__Lib_Lcd.c,167 :: 		
0x00D6	0x1686      	BSF        LCD_EN, BitPos(LCD_EN+0)
;__Lib_Lcd.c,168 :: 		
0x00D7	0x2039      	CALL       _Delay_1us
;__Lib_Lcd.c,169 :: 		
0x00D8	0x1286      	BCF        LCD_EN, BitPos(LCD_EN+0)
;__Lib_Lcd.c,171 :: 		
0x00D9	0x1586      	BSF        LCD_D7, BitPos(LCD_D7+0)
;__Lib_Lcd.c,172 :: 		
0x00DA	0x1506      	BSF        LCD_D6, BitPos(LCD_D6+0)
;__Lib_Lcd.c,173 :: 		
0x00DB	0x1486      	BSF        LCD_D5, BitPos(LCD_D5+0)
;__Lib_Lcd.c,174 :: 		
0x00DC	0x1406      	BSF        LCD_D4, BitPos(LCD_D4+0)
;__Lib_Lcd.c,175 :: 		
0x00DD	0x1686      	BSF        LCD_EN, BitPos(LCD_EN+0)
;__Lib_Lcd.c,176 :: 		
0x00DE	0x2039      	CALL       _Delay_1us
;__Lib_Lcd.c,177 :: 		
0x00DF	0x1286      	BCF        LCD_EN, BitPos(LCD_EN+0)
;__Lib_Lcd.c,179 :: 		
0x00E0	0x203C      	CALL       _Delay_5500us
;__Lib_Lcd.c,181 :: 		
0x00E1	0x1424      	BSF        __Lib_Lcd_cmd_status, BitPos(__Lib_Lcd_cmd_status+0)
;__Lib_Lcd.c,182 :: 		
L_end_Lcd_Init:
0x00E2	0x0008      	RETURN
; end of _Lcd_Init
_main:
;Practica11_Reloj.c,31 :: 		void main() {
;Practica11_Reloj.c,33 :: 		Lcd_Init();                              // Initialize LCD
0x00E3	0x2095      	CALL       _Lcd_Init
;Practica11_Reloj.c,34 :: 		Lcd_Cmd(_LCD_CLEAR);                     // Clear display
0x00E4	0x3001      	MOVLW      1
0x00E5	0x00A7      	MOVWF      FARG_Lcd_Cmd_out_char
0x00E6	0x2055      	CALL       _Lcd_Cmd
;Practica11_Reloj.c,35 :: 		Lcd_Cmd(_LCD_CURSOR_OFF);
0x00E7	0x300C      	MOVLW      12
0x00E8	0x00A7      	MOVWF      FARG_Lcd_Cmd_out_char
0x00E9	0x2055      	CALL       _Lcd_Cmd
;Practica11_Reloj.c,36 :: 		T1CON= 0b00111000;   //CONFIGURAR TIMER  INTCON= 0xB0                    //ACTIVAR INTERRUPCIONES
0x00EA	0x3038      	MOVLW      56
0x00EB	0x0090      	MOVWF      T1CON
;Practica11_Reloj.c,37 :: 		TMR1L= 0xAF;   //15,535
0x00EC	0x30AF      	MOVLW      175
0x00ED	0x008E      	MOVWF      TMR1L
;Practica11_Reloj.c,38 :: 		TMR1H= 0x3C;
0x00EE	0x303C      	MOVLW      60
0x00EF	0x008F      	MOVWF      TMR1H
;Practica11_Reloj.c,39 :: 		T1CON = 1;                                     //PONE A CONTAR EL TIMER
0x00F0	0x3001      	MOVLW      1
0x00F1	0x0090      	MOVWF      T1CON
;Practica11_Reloj.c,40 :: 		PIE1.TMR1IE = 1; //ACTIVA BANDERA DESBORDAMIENTO
0x00F2	0x1683      	BSF        STATUS, 5
0x00F3	0x140C      	BSF        PIE1, 0
;Practica11_Reloj.c,42 :: 		}
L_end_main:
0x00F4	0x28F4      	GOTO       $+0
; end of _main
Symbol List:
//** Routines locations **
//ADDRESS    SIZE    PROCEDURE
//----------------------------------------------
0x0004      [39]    _interrupt
0x002B       [7]    _Delay_50us
0x0032       [7]    _____DoICP
0x0039       [3]    _Delay_1us
0x003C      [13]    _Delay_5500us
0x0049      [12]    ___CC2DW
0x0055      [64]    _Lcd_Cmd
0x0095      [78]    _Lcd_Init
0x00E3      [18]    _main
//** Variables locations ** 
//ADDRESS    SIZE    VARIABLE
//----------------------------------------------
0x0000       [1]    INDF
0x0002       [1]    PCL
0x0003       [1]    STATUS
0x0004       [1]    FSR
0x0006       [0]    LCD_D4
0x0006       [0]    LCD_D5
0x0006       [0]    LCD_RS
0x0006       [0]    LCD_EN
0x0006       [0]    LCD_D7
0x0006       [0]    RB1_bit
0x0006       [0]    RB0_bit
0x0006       [0]    LCD_D6
0x0006       [0]    RB5_bit
0x0006       [0]    RB2_bit
0x0006       [0]    RB4_bit
0x0006       [0]    RB3_bit
0x000A       [1]    PCLATH
0x000C       [1]    PIR1
0x000E       [1]    TMR1L
0x000F       [1]    TMR1H
0x0010       [1]    T1CON
0x0020       [2]    ___DoICPAddr
0x0022       [2]    _cnt
0x0024       [0]    __Lib_Lcd_cmd_status
0x0025       [1]    ___savePCLATH
0x0026       [1]    ___saveSTATUS
0x0027       [1]    FARG_Lcd_Cmd_out_char
0x0070       [1]    R0
0x0071       [1]    R1
0x0072       [1]    R2
0x0073       [1]    R3
0x0074       [1]    R4
0x0075       [1]    R5
0x0076       [1]    R6
0x0077       [1]    R7
0x0078       [1]    R8
0x0079       [1]    R9
0x007A       [1]    R10
0x007B       [1]    R11
0x007C       [1]    R12
0x007D       [1]    R13
0x007E       [1]    R14
0x007F       [1]    R15
0x0086       [0]    TRISB5_bit
0x0086       [0]    TRISB2_bit
0x0086       [0]    TRISB3_bit
0x0086       [0]    TRISB4_bit
0x0086       [0]    TRISB0_bit
0x0086       [0]    TRISB1_bit
0x0086       [0]    LCD_D5_Direction
0x0086       [0]    LCD_D4_Direction
0x0086       [0]    LCD_D7_Direction
0x0086       [0]    LCD_D6_Direction
0x0086       [0]    LCD_EN_Direction
0x0086       [0]    LCD_RS_Direction
0x008C       [1]    PIE1
