;  LST file generated by mikroListExporter - v.2.0 
; Date/Time: 04/03/2019 10:24:49 p.m.
;----------------------------------------------

;Address Opcode 	ASM
0x0000	0x298B      	GOTO       395
_Delay_1us:
;__Lib_Delays.c,7 :: 		void Delay_1us() {
;__Lib_Delays.c,8 :: 		Delay_us(1);
0x0003	0x0000      	NOP
0x0004	0x0000      	NOP
;__Lib_Delays.c,9 :: 		}
L_end_Delay_1us:
0x0005	0x0008      	RETURN
; end of _Delay_1us
_Delay_50us:
;__Lib_Delays.c,19 :: 		void Delay_50us() {
;__Lib_Delays.c,20 :: 		Delay_us(50);
0x0006	0x3021      	MOVLW      33
0x0007	0x1283      	BCF        STATUS, 5
0x0008	0x1303      	BCF        STATUS, 6
0x0009	0x00FD      	MOVWF      R13
L_Delay_50us2:
0x000A	0x0BFD      	DECFSZ     R13, 1
0x000B	0x280A      	GOTO       L_Delay_50us2
;__Lib_Delays.c,21 :: 		}
L_end_Delay_50us:
0x000C	0x0008      	RETURN
; end of _Delay_50us
_Delay_5500us:
;__Lib_Delays.c,31 :: 		void Delay_5500us() {
;__Lib_Delays.c,32 :: 		Delay_us(5500);
0x000D	0x300F      	MOVLW      15
0x000E	0x1283      	BCF        STATUS, 5
0x000F	0x1303      	BCF        STATUS, 6
0x0010	0x00FC      	MOVWF      R12
0x0011	0x3047      	MOVLW      71
0x0012	0x00FD      	MOVWF      R13
L_Delay_5500us5:
0x0013	0x0BFD      	DECFSZ     R13, 1
0x0014	0x2813      	GOTO       L_Delay_5500us5
0x0015	0x0BFC      	DECFSZ     R12, 1
0x0016	0x2813      	GOTO       L_Delay_5500us5
0x0017	0x0000      	NOP
0x0018	0x0000      	NOP
;__Lib_Delays.c,33 :: 		}
L_end_Delay_5500us:
0x0019	0x0008      	RETURN
; end of _Delay_5500us
_Lcd_Cmd:
;__Lib_Lcd.c,18 :: 		
;__Lib_Lcd.c,20 :: 		
0x001A	0x1283      	BCF        STATUS, 5
0x001B	0x1303      	BCF        STATUS, 6
0x001C	0x1BE6      	BTFSC      FARG_Lcd_Cmd_out_char, 7
0x001D	0x2820      	GOTO       L__Lcd_Cmd21
0x001E	0x1186      	BCF        LCD_D7, BitPos(LCD_D7+0)
0x001F	0x2821      	GOTO       L__Lcd_Cmd22
L__Lcd_Cmd21:
0x0020	0x1586      	BSF        LCD_D7, BitPos(LCD_D7+0)
L__Lcd_Cmd22:
;__Lib_Lcd.c,21 :: 		
0x0021	0x1B66      	BTFSC      FARG_Lcd_Cmd_out_char, 6
0x0022	0x2825      	GOTO       L__Lcd_Cmd23
0x0023	0x1106      	BCF        LCD_D6, BitPos(LCD_D6+0)
0x0024	0x2826      	GOTO       L__Lcd_Cmd24
L__Lcd_Cmd23:
0x0025	0x1506      	BSF        LCD_D6, BitPos(LCD_D6+0)
L__Lcd_Cmd24:
;__Lib_Lcd.c,22 :: 		
0x0026	0x1AE6      	BTFSC      FARG_Lcd_Cmd_out_char, 5
0x0027	0x282A      	GOTO       L__Lcd_Cmd25
0x0028	0x1086      	BCF        LCD_D5, BitPos(LCD_D5+0)
0x0029	0x282B      	GOTO       L__Lcd_Cmd26
L__Lcd_Cmd25:
0x002A	0x1486      	BSF        LCD_D5, BitPos(LCD_D5+0)
L__Lcd_Cmd26:
;__Lib_Lcd.c,23 :: 		
0x002B	0x1A66      	BTFSC      FARG_Lcd_Cmd_out_char, 4
0x002C	0x282F      	GOTO       L__Lcd_Cmd27
0x002D	0x1006      	BCF        LCD_D4, BitPos(LCD_D4+0)
0x002E	0x2830      	GOTO       L__Lcd_Cmd28
L__Lcd_Cmd27:
0x002F	0x1406      	BSF        LCD_D4, BitPos(LCD_D4+0)
L__Lcd_Cmd28:
;__Lib_Lcd.c,25 :: 		
0x0030	0x184E      	BTFSC      __Lib_Lcd_cmd_status, BitPos(__Lib_Lcd_cmd_status+0)
0x0031	0x2834      	GOTO       L__Lcd_Cmd29
0x0032	0x1606      	BSF        LCD_RS, BitPos(LCD_RS+0)
0x0033	0x2835      	GOTO       L__Lcd_Cmd30
L__Lcd_Cmd29:
0x0034	0x1206      	BCF        LCD_RS, BitPos(LCD_RS+0)
L__Lcd_Cmd30:
;__Lib_Lcd.c,28 :: 		
0x0035	0x1686      	BSF        LCD_EN, BitPos(LCD_EN+0)
;__Lib_Lcd.c,29 :: 		
0x0036	0x2003      	CALL       _Delay_1us
;__Lib_Lcd.c,30 :: 		
0x0037	0x1286      	BCF        LCD_EN, BitPos(LCD_EN+0)
;__Lib_Lcd.c,33 :: 		
0x0038	0x19E6      	BTFSC      FARG_Lcd_Cmd_out_char, 3
0x0039	0x283C      	GOTO       L__Lcd_Cmd31
0x003A	0x1186      	BCF        LCD_D7, BitPos(LCD_D7+0)
0x003B	0x283D      	GOTO       L__Lcd_Cmd32
L__Lcd_Cmd31:
0x003C	0x1586      	BSF        LCD_D7, BitPos(LCD_D7+0)
L__Lcd_Cmd32:
;__Lib_Lcd.c,34 :: 		
0x003D	0x1966      	BTFSC      FARG_Lcd_Cmd_out_char, 2
0x003E	0x2841      	GOTO       L__Lcd_Cmd33
0x003F	0x1106      	BCF        LCD_D6, BitPos(LCD_D6+0)
0x0040	0x2842      	GOTO       L__Lcd_Cmd34
L__Lcd_Cmd33:
0x0041	0x1506      	BSF        LCD_D6, BitPos(LCD_D6+0)
L__Lcd_Cmd34:
;__Lib_Lcd.c,35 :: 		
0x0042	0x18E6      	BTFSC      FARG_Lcd_Cmd_out_char, 1
0x0043	0x2846      	GOTO       L__Lcd_Cmd35
0x0044	0x1086      	BCF        LCD_D5, BitPos(LCD_D5+0)
0x0045	0x2847      	GOTO       L__Lcd_Cmd36
L__Lcd_Cmd35:
0x0046	0x1486      	BSF        LCD_D5, BitPos(LCD_D5+0)
L__Lcd_Cmd36:
;__Lib_Lcd.c,36 :: 		
0x0047	0x1866      	BTFSC      FARG_Lcd_Cmd_out_char, 0
0x0048	0x284B      	GOTO       L__Lcd_Cmd37
0x0049	0x1006      	BCF        LCD_D4, BitPos(LCD_D4+0)
0x004A	0x284C      	GOTO       L__Lcd_Cmd38
L__Lcd_Cmd37:
0x004B	0x1406      	BSF        LCD_D4, BitPos(LCD_D4+0)
L__Lcd_Cmd38:
;__Lib_Lcd.c,38 :: 		
0x004C	0x184E      	BTFSC      __Lib_Lcd_cmd_status, BitPos(__Lib_Lcd_cmd_status+0)
0x004D	0x2850      	GOTO       L__Lcd_Cmd39
0x004E	0x1606      	BSF        LCD_RS, BitPos(LCD_RS+0)
0x004F	0x2851      	GOTO       L__Lcd_Cmd40
L__Lcd_Cmd39:
0x0050	0x1206      	BCF        LCD_RS, BitPos(LCD_RS+0)
L__Lcd_Cmd40:
;__Lib_Lcd.c,40 :: 		
0x0051	0x1686      	BSF        LCD_EN, BitPos(LCD_EN+0)
;__Lib_Lcd.c,41 :: 		
0x0052	0x2003      	CALL       _Delay_1us
;__Lib_Lcd.c,42 :: 		
0x0053	0x1286      	BCF        LCD_EN, BitPos(LCD_EN+0)
;__Lib_Lcd.c,44 :: 		
0x0054	0x1C4E      	BTFSS      __Lib_Lcd_cmd_status, BitPos(__Lib_Lcd_cmd_status+0)
0x0055	0x2858      	GOTO       L_Lcd_Cmd0
;__Lib_Lcd.c,45 :: 		
0x0056	0x200D      	CALL       _Delay_5500us
0x0057	0x2859      	GOTO       L_Lcd_Cmd1
L_Lcd_Cmd0:
;__Lib_Lcd.c,47 :: 		
0x0058	0x2006      	CALL       _Delay_50us
L_Lcd_Cmd1:
;__Lib_Lcd.c,48 :: 		
L_end_Lcd_Cmd:
0x0059	0x0008      	RETURN
; end of _Lcd_Cmd
_Delay_10us:
;__Lib_Delays.c,11 :: 		void Delay_10us() {
;__Lib_Delays.c,12 :: 		Delay_us(10);
0x005A	0x3006      	MOVLW      6
0x005B	0x1283      	BCF        STATUS, 5
0x005C	0x1303      	BCF        STATUS, 6
0x005D	0x00FD      	MOVWF      R13
L_Delay_10us0:
0x005E	0x0BFD      	DECFSZ     R13, 1
0x005F	0x285E      	GOTO       L_Delay_10us0
0x0060	0x0000      	NOP
;__Lib_Delays.c,13 :: 		}
L_end_Delay_10us:
0x0061	0x0008      	RETURN
; end of _Delay_10us
_Lcd_Chr_CP:
;__Lib_Lcd.c,50 :: 		
;__Lib_Lcd.c,52 :: 		
0x0062	0x1283      	BCF        STATUS, 5
0x0063	0x1303      	BCF        STATUS, 6
0x0064	0x104E      	BCF        __Lib_Lcd_cmd_status, BitPos(__Lib_Lcd_cmd_status+0)
;__Lib_Lcd.c,53 :: 		
0x0065	0x0861      	MOVF       FARG_Lcd_Chr_CP_out_char, 0
0x0066	0x00E6      	MOVWF      FARG_Lcd_Cmd_out_char
0x0067	0x201A      	CALL       _Lcd_Cmd
;__Lib_Lcd.c,54 :: 		
0x0068	0x144E      	BSF        __Lib_Lcd_cmd_status, BitPos(__Lib_Lcd_cmd_status+0)
;__Lib_Lcd.c,55 :: 		
L_end_Lcd_Chr_CP:
0x0069	0x0008      	RETURN
; end of _Lcd_Chr_CP
_____DoICP:
;__Lib_System.c,6 :: 		
;__Lib_System.c,9 :: 		
0x006A	0x1283      	BCF        STATUS, 5
0x006B	0x1303      	BCF        STATUS, 6
0x006C	0x084B      	MOVF       ___DoICPAddr+1, 0
0x006D	0x008A      	MOVWF      PCLATH
;__Lib_System.c,10 :: 		
0x006E	0x084A      	MOVF       ___DoICPAddr, 0
0x006F	0x0082      	MOVWF      PCL
;__Lib_System.c,12 :: 		
L_end_____DoICP:
0x0070	0x0008      	RETURN
; end of _____DoICP
_Keypad_Key_Press:
;__Lib_Keypad4x4.c,39 :: 		
;__Lib_Keypad4x4.c,43 :: 		
0x0071	0x1283      	BCF        STATUS, 5
0x0072	0x1303      	BCF        STATUS, 6
0x0073	0x01E1      	CLRF       Keypad_Key_Press_rslt_L0
;__Lib_Keypad4x4.c,44 :: 		
0x0074	0x01E3      	CLRF       Keypad_Key_Press_loc_L0
;__Lib_Keypad4x4.c,45 :: 		
0x0075	0x01E4      	CLRF       Keypad_Key_Press_rowcnt_L0
;__Lib_Keypad4x4.c,46 :: 		
0x0076	0x3010      	MOVLW      16
0x0077	0x00E5      	MOVWF      Keypad_Key_Press_shifter_L0
;__Lib_Keypad4x4.c,48 :: 		
L_Keypad_Key_Press0:
0x0078	0x3004      	MOVLW      4
0x0079	0x0264      	SUBWF      Keypad_Key_Press_rowcnt_L0, 0
0x007A	0x1803      	BTFSC      STATUS, 0
0x007B	0x28A2      	GOTO       L_Keypad_Key_Press1
;__Lib_Keypad4x4.c,50 :: 		
0x007C	0x30F0      	MOVLW      240
0x007D	0x0088      	MOVWF      keypadPort
;__Lib_Keypad4x4.c,51 :: 		
0x007E	0x3080      	MOVLW      128
0x007F	0x00F0      	MOVWF      R0
0x0080	0x0870      	MOVF       R0, 0
0x0081	0x3E08      	ADDLW      keypadPort
0x0082	0x0084      	MOVWF      FSR
0x0083	0x0965      	COMF       Keypad_Key_Press_shifter_L0, 0
0x0084	0x00F0      	MOVWF      R0
0x0085	0x0870      	MOVF       R0, 0
0x0086	0x0080      	MOVWF      INDF
;__Lib_Keypad4x4.c,55 :: 		
0x0087	0x2003      	CALL       _Delay_1us
;__Lib_Keypad4x4.c,56 :: 		
0x0088	0x2003      	CALL       _Delay_1us
;__Lib_Keypad4x4.c,57 :: 		
0x0089	0x300F      	MOVLW      15
0x008A	0x0508      	ANDWF      keypadPort, 0
0x008B	0x00F0      	MOVWF      R0
0x008C	0x0870      	MOVF       R0, 0
0x008D	0x00E2      	MOVWF      Keypad_Key_Press_kdata_L0
;__Lib_Keypad4x4.c,58 :: 		
0x008E	0x0870      	MOVF       R0, 0
0x008F	0x1903      	BTFSC      STATUS, 2
0x0090	0x289C      	GOTO       L_Keypad_Key_Press2
;__Lib_Keypad4x4.c,60 :: 		
0x0091	0x0863      	MOVF       Keypad_Key_Press_loc_L0, 0
0x0092	0x00E1      	MOVWF      Keypad_Key_Press_rslt_L0
;__Lib_Keypad4x4.c,61 :: 		
L_Keypad_Key_Press3:
0x0093	0x0862      	MOVF       Keypad_Key_Press_kdata_L0, 0
0x0094	0x1903      	BTFSC      STATUS, 2
0x0095	0x289A      	GOTO       L_Keypad_Key_Press4
;__Lib_Keypad4x4.c,62 :: 		
0x0096	0x0CE2      	RRF        Keypad_Key_Press_kdata_L0, 1
0x0097	0x13E2      	BCF        Keypad_Key_Press_kdata_L0, 7
;__Lib_Keypad4x4.c,63 :: 		
0x0098	0x0AE1      	INCF       Keypad_Key_Press_rslt_L0, 1
;__Lib_Keypad4x4.c,64 :: 		
0x0099	0x2893      	GOTO       L_Keypad_Key_Press3
L_Keypad_Key_Press4:
;__Lib_Keypad4x4.c,66 :: 		
0x009A	0x3004      	MOVLW      4
0x009B	0x00E4      	MOVWF      Keypad_Key_Press_rowcnt_L0
;__Lib_Keypad4x4.c,67 :: 		
L_Keypad_Key_Press2:
;__Lib_Keypad4x4.c,68 :: 		
0x009C	0x0DE5      	RLF        Keypad_Key_Press_shifter_L0, 1
0x009D	0x1065      	BCF        Keypad_Key_Press_shifter_L0, 0
;__Lib_Keypad4x4.c,69 :: 		
0x009E	0x3004      	MOVLW      4
0x009F	0x07E3      	ADDWF      Keypad_Key_Press_loc_L0, 1
;__Lib_Keypad4x4.c,70 :: 		
0x00A0	0x0AE4      	INCF       Keypad_Key_Press_rowcnt_L0, 1
;__Lib_Keypad4x4.c,71 :: 		
0x00A1	0x2878      	GOTO       L_Keypad_Key_Press0
L_Keypad_Key_Press1:
;__Lib_Keypad4x4.c,73 :: 		
0x00A2	0x0861      	MOVF       Keypad_Key_Press_rslt_L0, 0
0x00A3	0x00F0      	MOVWF      R0
;__Lib_Keypad4x4.c,74 :: 		
L_end_Keypad_Key_Press:
0x00A4	0x0008      	RETURN
; end of _Keypad_Key_Press
_Keypad_Key_Click:
;__Lib_Keypad4x4.c,77 :: 		
;__Lib_Keypad4x4.c,81 :: 		
0x00A5	0x2071      	CALL       _Keypad_Key_Press
0x00A6	0x0870      	MOVF       R0, 0
0x00A7	0x00DD      	MOVWF      Keypad_Key_Click_rslt_L0
;__Lib_Keypad4x4.c,83 :: 		
L_Keypad_Key_Click5:
0x00A8	0x300F      	MOVLW      15
0x00A9	0x0508      	ANDWF      keypadPort, 0
0x00AA	0x00F0      	MOVWF      R0
0x00AB	0x1903      	BTFSC      STATUS, 2
0x00AC	0x28AF      	GOTO       L_Keypad_Key_Click6
;__Lib_Keypad4x4.c,84 :: 		
0x00AD	0x205A      	CALL       _Delay_10us
0x00AE	0x28A8      	GOTO       L_Keypad_Key_Click5
L_Keypad_Key_Click6:
;__Lib_Keypad4x4.c,86 :: 		
0x00AF	0x085D      	MOVF       Keypad_Key_Click_rslt_L0, 0
0x00B0	0x00F0      	MOVWF      R0
;__Lib_Keypad4x4.c,87 :: 		
L_end_Keypad_Key_Click:
0x00B1	0x0008      	RETURN
; end of _Keypad_Key_Click
_Lcd_Chr:
;__Lib_Lcd.c,65 :: 		
;__Lib_Lcd.c,66 :: 		
0x00B2	0x28C4      	GOTO       L_Lcd_Chr4
;__Lib_Lcd.c,67 :: 		
L_Lcd_Chr6:
0x00B3	0x3080      	MOVLW      128
0x00B4	0x1283      	BCF        STATUS, 5
0x00B5	0x1303      	BCF        STATUS, 6
0x00B6	0x00DD      	MOVWF      FARG_Lcd_Chr_row
0x00B7	0x28D7      	GOTO       L_Lcd_Chr5
;__Lib_Lcd.c,68 :: 		
L_Lcd_Chr7:
0x00B8	0x30C0      	MOVLW      192
0x00B9	0x00DD      	MOVWF      FARG_Lcd_Chr_row
0x00BA	0x28D7      	GOTO       L_Lcd_Chr5
;__Lib_Lcd.c,69 :: 		
L_Lcd_Chr8:
0x00BB	0x3094      	MOVLW      148
0x00BC	0x00DD      	MOVWF      FARG_Lcd_Chr_row
0x00BD	0x28D7      	GOTO       L_Lcd_Chr5
;__Lib_Lcd.c,70 :: 		
L_Lcd_Chr9:
0x00BE	0x30D4      	MOVLW      212
0x00BF	0x00DD      	MOVWF      FARG_Lcd_Chr_row
0x00C0	0x28D7      	GOTO       L_Lcd_Chr5
;__Lib_Lcd.c,71 :: 		
L_Lcd_Chr10:
0x00C1	0x3080      	MOVLW      128
0x00C2	0x00DD      	MOVWF      FARG_Lcd_Chr_row
;__Lib_Lcd.c,72 :: 		
0x00C3	0x28D7      	GOTO       L_Lcd_Chr5
L_Lcd_Chr4:
0x00C4	0x1283      	BCF        STATUS, 5
0x00C5	0x1303      	BCF        STATUS, 6
0x00C6	0x085D      	MOVF       FARG_Lcd_Chr_row, 0
0x00C7	0x3A01      	XORLW      1
0x00C8	0x1903      	BTFSC      STATUS, 2
0x00C9	0x28B3      	GOTO       L_Lcd_Chr6
0x00CA	0x085D      	MOVF       FARG_Lcd_Chr_row, 0
0x00CB	0x3A02      	XORLW      2
0x00CC	0x1903      	BTFSC      STATUS, 2
0x00CD	0x28B8      	GOTO       L_Lcd_Chr7
0x00CE	0x085D      	MOVF       FARG_Lcd_Chr_row, 0
0x00CF	0x3A03      	XORLW      3
0x00D0	0x1903      	BTFSC      STATUS, 2
0x00D1	0x28BB      	GOTO       L_Lcd_Chr8
0x00D2	0x085D      	MOVF       FARG_Lcd_Chr_row, 0
0x00D3	0x3A04      	XORLW      4
0x00D4	0x1903      	BTFSC      STATUS, 2
0x00D5	0x28BE      	GOTO       L_Lcd_Chr9
0x00D6	0x28C1      	GOTO       L_Lcd_Chr10
L_Lcd_Chr5:
;__Lib_Lcd.c,74 :: 		
0x00D7	0x035E      	DECF       FARG_Lcd_Chr_column, 0
0x00D8	0x00F0      	MOVWF      R0
0x00D9	0x085D      	MOVF       FARG_Lcd_Chr_row, 0
0x00DA	0x07F0      	ADDWF      R0, 1
0x00DB	0x0870      	MOVF       R0, 0
0x00DC	0x00DD      	MOVWF      FARG_Lcd_Chr_row
;__Lib_Lcd.c,76 :: 		
0x00DD	0x144E      	BSF        __Lib_Lcd_cmd_status, BitPos(__Lib_Lcd_cmd_status+0)
;__Lib_Lcd.c,77 :: 		
0x00DE	0x0870      	MOVF       R0, 0
0x00DF	0x00E6      	MOVWF      FARG_Lcd_Cmd_out_char
0x00E0	0x201A      	CALL       _Lcd_Cmd
;__Lib_Lcd.c,79 :: 		
0x00E1	0x104E      	BCF        __Lib_Lcd_cmd_status, BitPos(__Lib_Lcd_cmd_status+0)
;__Lib_Lcd.c,80 :: 		
0x00E2	0x085F      	MOVF       FARG_Lcd_Chr_out_char, 0
0x00E3	0x00E6      	MOVWF      FARG_Lcd_Cmd_out_char
0x00E4	0x201A      	CALL       _Lcd_Cmd
;__Lib_Lcd.c,81 :: 		
0x00E5	0x144E      	BSF        __Lib_Lcd_cmd_status, BitPos(__Lib_Lcd_cmd_status+0)
;__Lib_Lcd.c,82 :: 		
L_end_Lcd_Chr:
0x00E6	0x0008      	RETURN
; end of _Lcd_Chr
_Lcd_Out:
;__Lib_Lcd.c,184 :: 		
;__Lib_Lcd.c,187 :: 		
0x00E7	0x28F9      	GOTO       L_Lcd_Out11
;__Lib_Lcd.c,188 :: 		
L_Lcd_Out13:
0x00E8	0x3080      	MOVLW      128
0x00E9	0x1283      	BCF        STATUS, 5
0x00EA	0x1303      	BCF        STATUS, 6
0x00EB	0x00DD      	MOVWF      FARG_Lcd_Out_row
0x00EC	0x290C      	GOTO       L_Lcd_Out12
;__Lib_Lcd.c,189 :: 		
L_Lcd_Out14:
0x00ED	0x30C0      	MOVLW      192
0x00EE	0x00DD      	MOVWF      FARG_Lcd_Out_row
0x00EF	0x290C      	GOTO       L_Lcd_Out12
;__Lib_Lcd.c,190 :: 		
L_Lcd_Out15:
0x00F0	0x3094      	MOVLW      148
0x00F1	0x00DD      	MOVWF      FARG_Lcd_Out_row
0x00F2	0x290C      	GOTO       L_Lcd_Out12
;__Lib_Lcd.c,191 :: 		
L_Lcd_Out16:
0x00F3	0x30D4      	MOVLW      212
0x00F4	0x00DD      	MOVWF      FARG_Lcd_Out_row
0x00F5	0x290C      	GOTO       L_Lcd_Out12
;__Lib_Lcd.c,192 :: 		
L_Lcd_Out17:
0x00F6	0x3080      	MOVLW      128
0x00F7	0x00DD      	MOVWF      FARG_Lcd_Out_row
;__Lib_Lcd.c,193 :: 		
0x00F8	0x290C      	GOTO       L_Lcd_Out12
L_Lcd_Out11:
0x00F9	0x1283      	BCF        STATUS, 5
0x00FA	0x1303      	BCF        STATUS, 6
0x00FB	0x085D      	MOVF       FARG_Lcd_Out_row, 0
0x00FC	0x3A01      	XORLW      1
0x00FD	0x1903      	BTFSC      STATUS, 2
0x00FE	0x28E8      	GOTO       L_Lcd_Out13
0x00FF	0x085D      	MOVF       FARG_Lcd_Out_row, 0
0x0100	0x3A02      	XORLW      2
0x0101	0x1903      	BTFSC      STATUS, 2
0x0102	0x28ED      	GOTO       L_Lcd_Out14
0x0103	0x085D      	MOVF       FARG_Lcd_Out_row, 0
0x0104	0x3A03      	XORLW      3
0x0105	0x1903      	BTFSC      STATUS, 2
0x0106	0x28F0      	GOTO       L_Lcd_Out15
0x0107	0x085D      	MOVF       FARG_Lcd_Out_row, 0
0x0108	0x3A04      	XORLW      4
0x0109	0x1903      	BTFSC      STATUS, 2
0x010A	0x28F3      	GOTO       L_Lcd_Out16
0x010B	0x28F6      	GOTO       L_Lcd_Out17
L_Lcd_Out12:
;__Lib_Lcd.c,194 :: 		
0x010C	0x035E      	DECF       FARG_Lcd_Out_column, 0
0x010D	0x00F0      	MOVWF      R0
0x010E	0x085D      	MOVF       FARG_Lcd_Out_row, 0
0x010F	0x07F0      	ADDWF      R0, 1
0x0110	0x0870      	MOVF       R0, 0
0x0111	0x00DD      	MOVWF      FARG_Lcd_Out_row
;__Lib_Lcd.c,196 :: 		
0x0112	0x0870      	MOVF       R0, 0
0x0113	0x00E6      	MOVWF      FARG_Lcd_Cmd_out_char
0x0114	0x201A      	CALL       _Lcd_Cmd
;__Lib_Lcd.c,197 :: 		
0x0115	0x104E      	BCF        __Lib_Lcd_cmd_status, BitPos(__Lib_Lcd_cmd_status+0)
;__Lib_Lcd.c,198 :: 		
0x0116	0x01E0      	CLRF       Lcd_Out_i_L0
;__Lib_Lcd.c,199 :: 		
L_Lcd_Out18:
0x0117	0x0860      	MOVF       Lcd_Out_i_L0, 0
0x0118	0x075F      	ADDWF      FARG_Lcd_Out_text, 0
0x0119	0x0084      	MOVWF      FSR
0x011A	0x0800      	MOVF       INDF, 0
0x011B	0x1903      	BTFSC      STATUS, 2
0x011C	0x2925      	GOTO       L_Lcd_Out19
;__Lib_Lcd.c,200 :: 		
0x011D	0x0860      	MOVF       Lcd_Out_i_L0, 0
0x011E	0x075F      	ADDWF      FARG_Lcd_Out_text, 0
0x011F	0x0084      	MOVWF      FSR
0x0120	0x0800      	MOVF       INDF, 0
0x0121	0x00E1      	MOVWF      FARG_Lcd_Chr_CP_out_char
0x0122	0x2062      	CALL       _Lcd_Chr_CP
0x0123	0x0AE0      	INCF       Lcd_Out_i_L0, 1
0x0124	0x2917      	GOTO       L_Lcd_Out18
L_Lcd_Out19:
;__Lib_Lcd.c,201 :: 		
0x0125	0x144E      	BSF        __Lib_Lcd_cmd_status, BitPos(__Lib_Lcd_cmd_status+0)
;__Lib_Lcd.c,202 :: 		
L_end_Lcd_Out:
0x0126	0x0008      	RETURN
; end of _Lcd_Out
_Keypad_Init:
;__Lib_Keypad4x4.c,34 :: 		
;__Lib_Keypad4x4.c,35 :: 		
0x0127	0x3080      	MOVLW      128
0x0128	0x1283      	BCF        STATUS, 5
0x0129	0x1303      	BCF        STATUS, 6
0x012A	0x00F0      	MOVWF      R0
0x012B	0x0870      	MOVF       R0, 0
0x012C	0x3E08      	ADDLW      keypadPort
0x012D	0x0084      	MOVWF      FSR
0x012E	0x30FF      	MOVLW      255
0x012F	0x0080      	MOVWF      INDF
;__Lib_Keypad4x4.c,36 :: 		
L_end_Keypad_Init:
0x0130	0x0008      	RETURN
; end of _Keypad_Init
___CC2DW:
;__Lib_System.c,134 :: 		
;__Lib_System.c,137 :: 		
_CC2D_Loop1:
;__Lib_System.c,139 :: 		
0x0131	0x206A      	CALL       _____DoICP
0x0132	0x118A      	BCF        PCLATH, 3
0x0133	0x120A      	BCF        PCLATH, 4
;__Lib_System.c,141 :: 		
0x0134	0x0080      	MOVWF      INDF
;__Lib_System.c,142 :: 		
0x0135	0x0A84      	INCF       FSR, 1
;__Lib_System.c,143 :: 		
0x0136	0x0ACA      	INCF       ___DoICPAddr, 1
;__Lib_System.c,145 :: 		
0x0137	0x1903      	BTFSC      STATUS, 2
;__Lib_System.c,146 :: 		
0x0138	0x0ACB      	INCF       ___DoICPAddr+1, 1
;__Lib_System.c,147 :: 		
0x0139	0x03F0      	DECF       R0, 1
;__Lib_System.c,149 :: 		
0x013A	0x1D03      	BTFSS      STATUS, 2
;__Lib_System.c,150 :: 		
0x013B	0x2931      	GOTO       _CC2D_Loop1
;__Lib_System.c,152 :: 		
L_end___CC2DW:
0x013C	0x0008      	RETURN
; end of ___CC2DW
_Lcd_Init:
;__Lib_Lcd.c,84 :: 		
;__Lib_Lcd.c,86 :: 		
0x013D	0x1683      	BSF        STATUS, 5
0x013E	0x1303      	BCF        STATUS, 6
0x013F	0x1286      	BCF        LCD_EN_Direction, BitPos(LCD_EN_Direction+0)
;__Lib_Lcd.c,87 :: 		
0x0140	0x1206      	BCF        LCD_RS_Direction, BitPos(LCD_RS_Direction+0)
;__Lib_Lcd.c,88 :: 		
0x0141	0x1006      	BCF        LCD_D4_Direction, BitPos(LCD_D4_Direction+0)
;__Lib_Lcd.c,89 :: 		
0x0142	0x1086      	BCF        LCD_D5_Direction, BitPos(LCD_D5_Direction+0)
;__Lib_Lcd.c,90 :: 		
0x0143	0x1106      	BCF        LCD_D6_Direction, BitPos(LCD_D6_Direction+0)
;__Lib_Lcd.c,91 :: 		
0x0144	0x1186      	BCF        LCD_D7_Direction, BitPos(LCD_D7_Direction+0)
;__Lib_Lcd.c,93 :: 		
0x0145	0x1283      	BCF        STATUS, 5
0x0146	0x1286      	BCF        LCD_EN, BitPos(LCD_EN+0)
;__Lib_Lcd.c,94 :: 		
0x0147	0x1206      	BCF        LCD_RS, BitPos(LCD_RS+0)
;__Lib_Lcd.c,95 :: 		
0x0148	0x1186      	BCF        LCD_D7, BitPos(LCD_D7+0)
;__Lib_Lcd.c,96 :: 		
0x0149	0x1106      	BCF        LCD_D6, BitPos(LCD_D6+0)
;__Lib_Lcd.c,97 :: 		
0x014A	0x1086      	BCF        LCD_D5, BitPos(LCD_D5+0)
;__Lib_Lcd.c,98 :: 		
0x014B	0x1006      	BCF        LCD_D4, BitPos(LCD_D4+0)
;__Lib_Lcd.c,100 :: 		
0x014C	0x200D      	CALL       _Delay_5500us
;__Lib_Lcd.c,101 :: 		
0x014D	0x200D      	CALL       _Delay_5500us
;__Lib_Lcd.c,102 :: 		
0x014E	0x200D      	CALL       _Delay_5500us
;__Lib_Lcd.c,105 :: 		
0x014F	0x1486      	BSF        LCD_D5, BitPos(LCD_D5+0)
;__Lib_Lcd.c,106 :: 		
0x0150	0x1406      	BSF        LCD_D4, BitPos(LCD_D4+0)
;__Lib_Lcd.c,107 :: 		
0x0151	0x1686      	BSF        LCD_EN, BitPos(LCD_EN+0)
;__Lib_Lcd.c,108 :: 		
0x0152	0x2003      	CALL       _Delay_1us
;__Lib_Lcd.c,109 :: 		
0x0153	0x1286      	BCF        LCD_EN, BitPos(LCD_EN+0)
;__Lib_Lcd.c,110 :: 		
0x0154	0x200D      	CALL       _Delay_5500us
;__Lib_Lcd.c,112 :: 		
0x0155	0x1686      	BSF        LCD_EN, BitPos(LCD_EN+0)
;__Lib_Lcd.c,113 :: 		
0x0156	0x2003      	CALL       _Delay_1us
;__Lib_Lcd.c,114 :: 		
0x0157	0x1286      	BCF        LCD_EN, BitPos(LCD_EN+0)
;__Lib_Lcd.c,115 :: 		
0x0158	0x200D      	CALL       _Delay_5500us
;__Lib_Lcd.c,117 :: 		
0x0159	0x1686      	BSF        LCD_EN, BitPos(LCD_EN+0)
;__Lib_Lcd.c,118 :: 		
0x015A	0x2003      	CALL       _Delay_1us
;__Lib_Lcd.c,119 :: 		
0x015B	0x1286      	BCF        LCD_EN, BitPos(LCD_EN+0)
;__Lib_Lcd.c,120 :: 		
0x015C	0x200D      	CALL       _Delay_5500us
;__Lib_Lcd.c,123 :: 		
0x015D	0x1006      	BCF        LCD_D4, BitPos(LCD_D4+0)
;__Lib_Lcd.c,124 :: 		
0x015E	0x1686      	BSF        LCD_EN, BitPos(LCD_EN+0)
;__Lib_Lcd.c,125 :: 		
0x015F	0x2003      	CALL       _Delay_1us
;__Lib_Lcd.c,126 :: 		
0x0160	0x1286      	BCF        LCD_EN, BitPos(LCD_EN+0)
;__Lib_Lcd.c,127 :: 		
0x0161	0x200D      	CALL       _Delay_5500us
;__Lib_Lcd.c,130 :: 		
0x0162	0x1686      	BSF        LCD_EN, BitPos(LCD_EN+0)
;__Lib_Lcd.c,131 :: 		
0x0163	0x2003      	CALL       _Delay_1us
;__Lib_Lcd.c,132 :: 		
0x0164	0x1286      	BCF        LCD_EN, BitPos(LCD_EN+0)
;__Lib_Lcd.c,134 :: 		
0x0165	0x1086      	BCF        LCD_D5, BitPos(LCD_D5+0)
;__Lib_Lcd.c,135 :: 		
0x0166	0x1586      	BSF        LCD_D7, BitPos(LCD_D7+0)
;__Lib_Lcd.c,136 :: 		
0x0167	0x1686      	BSF        LCD_EN, BitPos(LCD_EN+0)
;__Lib_Lcd.c,137 :: 		
0x0168	0x2003      	CALL       _Delay_1us
;__Lib_Lcd.c,138 :: 		
0x0169	0x1286      	BCF        LCD_EN, BitPos(LCD_EN+0)
;__Lib_Lcd.c,139 :: 		
0x016A	0x200D      	CALL       _Delay_5500us
;__Lib_Lcd.c,142 :: 		
0x016B	0x1186      	BCF        LCD_D7, BitPos(LCD_D7+0)
;__Lib_Lcd.c,143 :: 		
0x016C	0x1406      	BSF        LCD_D4, BitPos(LCD_D4+0)
;__Lib_Lcd.c,144 :: 		
0x016D	0x1686      	BSF        LCD_EN, BitPos(LCD_EN+0)
;__Lib_Lcd.c,145 :: 		
0x016E	0x2003      	CALL       _Delay_1us
;__Lib_Lcd.c,146 :: 		
0x016F	0x1286      	BCF        LCD_EN, BitPos(LCD_EN+0)
;__Lib_Lcd.c,148 :: 		
0x0170	0x1006      	BCF        LCD_D4, BitPos(LCD_D4+0)
;__Lib_Lcd.c,149 :: 		
0x0171	0x1686      	BSF        LCD_EN, BitPos(LCD_EN+0)
;__Lib_Lcd.c,150 :: 		
0x0172	0x2003      	CALL       _Delay_1us
;__Lib_Lcd.c,151 :: 		
0x0173	0x1286      	BCF        LCD_EN, BitPos(LCD_EN+0)
;__Lib_Lcd.c,152 :: 		
0x0174	0x200D      	CALL       _Delay_5500us
;__Lib_Lcd.c,155 :: 		
0x0175	0x1686      	BSF        LCD_EN, BitPos(LCD_EN+0)
;__Lib_Lcd.c,156 :: 		
0x0176	0x2003      	CALL       _Delay_1us
;__Lib_Lcd.c,157 :: 		
0x0177	0x1286      	BCF        LCD_EN, BitPos(LCD_EN+0)
;__Lib_Lcd.c,159 :: 		
0x0178	0x1406      	BSF        LCD_D4, BitPos(LCD_D4+0)
;__Lib_Lcd.c,160 :: 		
0x0179	0x1686      	BSF        LCD_EN, BitPos(LCD_EN+0)
;__Lib_Lcd.c,161 :: 		
0x017A	0x2003      	CALL       _Delay_1us
;__Lib_Lcd.c,162 :: 		
0x017B	0x1286      	BCF        LCD_EN, BitPos(LCD_EN+0)
;__Lib_Lcd.c,163 :: 		
0x017C	0x200D      	CALL       _Delay_5500us
;__Lib_Lcd.c,166 :: 		
0x017D	0x1006      	BCF        LCD_D4, BitPos(LCD_D4+0)
;__Lib_Lcd.c,167 :: 		
0x017E	0x1686      	BSF        LCD_EN, BitPos(LCD_EN+0)
;__Lib_Lcd.c,168 :: 		
0x017F	0x2003      	CALL       _Delay_1us
;__Lib_Lcd.c,169 :: 		
0x0180	0x1286      	BCF        LCD_EN, BitPos(LCD_EN+0)
;__Lib_Lcd.c,171 :: 		
0x0181	0x1586      	BSF        LCD_D7, BitPos(LCD_D7+0)
;__Lib_Lcd.c,172 :: 		
0x0182	0x1506      	BSF        LCD_D6, BitPos(LCD_D6+0)
;__Lib_Lcd.c,173 :: 		
0x0183	0x1486      	BSF        LCD_D5, BitPos(LCD_D5+0)
;__Lib_Lcd.c,174 :: 		
0x0184	0x1406      	BSF        LCD_D4, BitPos(LCD_D4+0)
;__Lib_Lcd.c,175 :: 		
0x0185	0x1686      	BSF        LCD_EN, BitPos(LCD_EN+0)
;__Lib_Lcd.c,176 :: 		
0x0186	0x2003      	CALL       _Delay_1us
;__Lib_Lcd.c,177 :: 		
0x0187	0x1286      	BCF        LCD_EN, BitPos(LCD_EN+0)
;__Lib_Lcd.c,179 :: 		
0x0188	0x200D      	CALL       _Delay_5500us
;__Lib_Lcd.c,181 :: 		
0x0189	0x144E      	BSF        __Lib_Lcd_cmd_status, BitPos(__Lib_Lcd_cmd_status+0)
;__Lib_Lcd.c,182 :: 		
L_end_Lcd_Init:
0x018A	0x0008      	RETURN
; end of _Lcd_Init
_main:
0x018B	0x2342      	CALL       834
;Practica5_Contrasena.c,26 :: 		void main() {
;Practica5_Contrasena.c,27 :: 		cnt = 0;                                 // Reset counter
0x018C	0x1283      	BCF        STATUS, 5
0x018D	0x1303      	BCF        STATUS, 6
0x018E	0x01CF      	CLRF       _cnt
;Practica5_Contrasena.c,28 :: 		Keypad_Init();                           // Initialize Keypad
0x018F	0x2127      	CALL       _Keypad_Init
;Practica5_Contrasena.c,30 :: 		Lcd_Init();                              // Initialize LCD
0x0190	0x213D      	CALL       _Lcd_Init
;Practica5_Contrasena.c,31 :: 		Lcd_Cmd(_LCD_CLEAR);                     // Clear display
0x0191	0x3001      	MOVLW      1
0x0192	0x00E6      	MOVWF      FARG_Lcd_Cmd_out_char
0x0193	0x201A      	CALL       _Lcd_Cmd
;Practica5_Contrasena.c,32 :: 		Lcd_Cmd(_LCD_CURSOR_OFF);                // Cursor off
0x0194	0x300C      	MOVLW      12
0x0195	0x00E6      	MOVWF      FARG_Lcd_Cmd_out_char
0x0196	0x201A      	CALL       _Lcd_Cmd
;Practica5_Contrasena.c,33 :: 		Lcd_Out(1, 1, "Contrasena:");                 // Write message text on LCD
0x0197	0x3001      	MOVLW      1
0x0198	0x00DD      	MOVWF      FARG_Lcd_Out_row
0x0199	0x3001      	MOVLW      1
0x019A	0x00DE      	MOVWF      FARG_Lcd_Out_column
0x019B	0x303E      	MOVLW      ?lstr1_Practica5_Contrasena
0x019C	0x00DF      	MOVWF      FARG_Lcd_Out_text
0x019D	0x20E7      	CALL       _Lcd_Out
;Practica5_Contrasena.c,36 :: 		do {               //primer
L_main0:
;Practica5_Contrasena.c,37 :: 		do{                              //para n vecs
L_main3:
;Practica5_Contrasena.c,38 :: 		kp = 0;                                // Reset key code variable
0x019E	0x01D0      	CLRF       _kp
;Practica5_Contrasena.c,39 :: 		do                    //segundo
L_main6:
;Practica5_Contrasena.c,41 :: 		kp = Keypad_Key_Click();
0x019F	0x20A5      	CALL       _Keypad_Key_Click
0x01A0	0x0870      	MOVF       R0, 0
0x01A1	0x00D0      	MOVWF      _kp
;Practica5_Contrasena.c,42 :: 		while (!kp); //segundo
0x01A2	0x0870      	MOVF       R0, 0
0x01A3	0x1903      	BTFSC      STATUS, 2
0x01A4	0x299F      	GOTO       L_main6
;Practica5_Contrasena.c,44 :: 		switch (kp) {
0x01A5	0x29D6      	GOTO       L_main9
;Practica5_Contrasena.c,46 :: 		case  1: kp = 49; break; // 1        // Uncomment this block for keypad4x4
L_main11:
0x01A6	0x3031      	MOVLW      49
0x01A7	0x00D0      	MOVWF      _kp
0x01A8	0x2A16      	GOTO       L_main10
;Practica5_Contrasena.c,47 :: 		case  2: kp = 50; break; // 2
L_main12:
0x01A9	0x3032      	MOVLW      50
0x01AA	0x00D0      	MOVWF      _kp
0x01AB	0x2A16      	GOTO       L_main10
;Practica5_Contrasena.c,48 :: 		case  3: kp = 51; break; // 3
L_main13:
0x01AC	0x3033      	MOVLW      51
0x01AD	0x00D0      	MOVWF      _kp
0x01AE	0x2A16      	GOTO       L_main10
;Practica5_Contrasena.c,49 :: 		case  4: kp = 65; break; // A
L_main14:
0x01AF	0x3041      	MOVLW      65
0x01B0	0x00D0      	MOVWF      _kp
0x01B1	0x2A16      	GOTO       L_main10
;Practica5_Contrasena.c,50 :: 		case  5: kp = 52; break; // 4
L_main15:
0x01B2	0x3034      	MOVLW      52
0x01B3	0x00D0      	MOVWF      _kp
0x01B4	0x2A16      	GOTO       L_main10
;Practica5_Contrasena.c,51 :: 		case  6: kp = 53; break; // 5
L_main16:
0x01B5	0x3035      	MOVLW      53
0x01B6	0x00D0      	MOVWF      _kp
0x01B7	0x2A16      	GOTO       L_main10
;Practica5_Contrasena.c,52 :: 		case  7: kp = 54; break; // 6
L_main17:
0x01B8	0x3036      	MOVLW      54
0x01B9	0x00D0      	MOVWF      _kp
0x01BA	0x2A16      	GOTO       L_main10
;Practica5_Contrasena.c,53 :: 		case  8: kp = 66; break; // B
L_main18:
0x01BB	0x3042      	MOVLW      66
0x01BC	0x00D0      	MOVWF      _kp
0x01BD	0x2A16      	GOTO       L_main10
;Practica5_Contrasena.c,54 :: 		case  9: kp = 55; break; // 7
L_main19:
0x01BE	0x3037      	MOVLW      55
0x01BF	0x00D0      	MOVWF      _kp
0x01C0	0x2A16      	GOTO       L_main10
;Practica5_Contrasena.c,55 :: 		case 10: kp = 56; break; // 8
L_main20:
0x01C1	0x3038      	MOVLW      56
0x01C2	0x00D0      	MOVWF      _kp
0x01C3	0x2A16      	GOTO       L_main10
;Practica5_Contrasena.c,56 :: 		case 11: kp = 57; break; // 9
L_main21:
0x01C4	0x3039      	MOVLW      57
0x01C5	0x00D0      	MOVWF      _kp
0x01C6	0x2A16      	GOTO       L_main10
;Practica5_Contrasena.c,57 :: 		case 12: kp = 67; break; // C
L_main22:
0x01C7	0x3043      	MOVLW      67
0x01C8	0x00D0      	MOVWF      _kp
0x01C9	0x2A16      	GOTO       L_main10
;Practica5_Contrasena.c,58 :: 		case 13: kp = 42; break; // *
L_main23:
0x01CA	0x302A      	MOVLW      42
0x01CB	0x00D0      	MOVWF      _kp
0x01CC	0x2A16      	GOTO       L_main10
;Practica5_Contrasena.c,59 :: 		case 14: kp = 48; break; // 0
L_main24:
0x01CD	0x3030      	MOVLW      48
0x01CE	0x00D0      	MOVWF      _kp
0x01CF	0x2A16      	GOTO       L_main10
;Practica5_Contrasena.c,60 :: 		case 15: kp = 35; break; // #
L_main25:
0x01D0	0x3023      	MOVLW      35
0x01D1	0x00D0      	MOVWF      _kp
0x01D2	0x2A16      	GOTO       L_main10
;Practica5_Contrasena.c,61 :: 		case 16: kp = 68; break; // D
L_main26:
0x01D3	0x3044      	MOVLW      68
0x01D4	0x00D0      	MOVWF      _kp
0x01D5	0x2A16      	GOTO       L_main10
;Practica5_Contrasena.c,63 :: 		}
L_main9:
0x01D6	0x0850      	MOVF       _kp, 0
0x01D7	0x3A01      	XORLW      1
0x01D8	0x1903      	BTFSC      STATUS, 2
0x01D9	0x29A6      	GOTO       L_main11
0x01DA	0x0850      	MOVF       _kp, 0
0x01DB	0x3A02      	XORLW      2
0x01DC	0x1903      	BTFSC      STATUS, 2
0x01DD	0x29A9      	GOTO       L_main12
0x01DE	0x0850      	MOVF       _kp, 0
0x01DF	0x3A03      	XORLW      3
0x01E0	0x1903      	BTFSC      STATUS, 2
0x01E1	0x29AC      	GOTO       L_main13
0x01E2	0x0850      	MOVF       _kp, 0
0x01E3	0x3A04      	XORLW      4
0x01E4	0x1903      	BTFSC      STATUS, 2
0x01E5	0x29AF      	GOTO       L_main14
0x01E6	0x0850      	MOVF       _kp, 0
0x01E7	0x3A05      	XORLW      5
0x01E8	0x1903      	BTFSC      STATUS, 2
0x01E9	0x29B2      	GOTO       L_main15
0x01EA	0x0850      	MOVF       _kp, 0
0x01EB	0x3A06      	XORLW      6
0x01EC	0x1903      	BTFSC      STATUS, 2
0x01ED	0x29B5      	GOTO       L_main16
0x01EE	0x0850      	MOVF       _kp, 0
0x01EF	0x3A07      	XORLW      7
0x01F0	0x1903      	BTFSC      STATUS, 2
0x01F1	0x29B8      	GOTO       L_main17
0x01F2	0x0850      	MOVF       _kp, 0
0x01F3	0x3A08      	XORLW      8
0x01F4	0x1903      	BTFSC      STATUS, 2
0x01F5	0x29BB      	GOTO       L_main18
0x01F6	0x0850      	MOVF       _kp, 0
0x01F7	0x3A09      	XORLW      9
0x01F8	0x1903      	BTFSC      STATUS, 2
0x01F9	0x29BE      	GOTO       L_main19
0x01FA	0x0850      	MOVF       _kp, 0
0x01FB	0x3A0A      	XORLW      10
0x01FC	0x1903      	BTFSC      STATUS, 2
0x01FD	0x29C1      	GOTO       L_main20
0x01FE	0x0850      	MOVF       _kp, 0
0x01FF	0x3A0B      	XORLW      11
0x0200	0x1903      	BTFSC      STATUS, 2
0x0201	0x29C4      	GOTO       L_main21
0x0202	0x0850      	MOVF       _kp, 0
0x0203	0x3A0C      	XORLW      12
0x0204	0x1903      	BTFSC      STATUS, 2
0x0205	0x29C7      	GOTO       L_main22
0x0206	0x0850      	MOVF       _kp, 0
0x0207	0x3A0D      	XORLW      13
0x0208	0x1903      	BTFSC      STATUS, 2
0x0209	0x29CA      	GOTO       L_main23
0x020A	0x0850      	MOVF       _kp, 0
0x020B	0x3A0E      	XORLW      14
0x020C	0x1903      	BTFSC      STATUS, 2
0x020D	0x29CD      	GOTO       L_main24
0x020E	0x0850      	MOVF       _kp, 0
0x020F	0x3A0F      	XORLW      15
0x0210	0x1903      	BTFSC      STATUS, 2
0x0211	0x29D0      	GOTO       L_main25
0x0212	0x0850      	MOVF       _kp, 0
0x0213	0x3A10      	XORLW      16
0x0214	0x1903      	BTFSC      STATUS, 2
0x0215	0x29D3      	GOTO       L_main26
L_main10:
;Practica5_Contrasena.c,65 :: 		Lcd_Chr(1, 12, kp);
0x0216	0x3001      	MOVLW      1
0x0217	0x00DD      	MOVWF      FARG_Lcd_Chr_row
0x0218	0x300C      	MOVLW      12
0x0219	0x00DE      	MOVWF      FARG_Lcd_Chr_column
0x021A	0x0850      	MOVF       _kp, 0
0x021B	0x00DF      	MOVWF      FARG_Lcd_Chr_out_char
0x021C	0x20B2      	CALL       _Lcd_Chr
;Practica5_Contrasena.c,67 :: 		switch (kp) {
0x021D	0x2A4D      	GOTO       L_main27
;Practica5_Contrasena.c,69 :: 		case  49: kp = 1; break; // 1        // Uncomment this block for keypad4x4
L_main29:
0x021E	0x3001      	MOVLW      1
0x021F	0x00D0      	MOVWF      _kp
0x0220	0x2A8D      	GOTO       L_main28
;Practica5_Contrasena.c,70 :: 		case  50: kp = 2; break; // 2
L_main30:
0x0221	0x3002      	MOVLW      2
0x0222	0x00D0      	MOVWF      _kp
0x0223	0x2A8D      	GOTO       L_main28
;Practica5_Contrasena.c,71 :: 		case  51: kp = 3; break; // 3
L_main31:
0x0224	0x3003      	MOVLW      3
0x0225	0x00D0      	MOVWF      _kp
0x0226	0x2A8D      	GOTO       L_main28
;Practica5_Contrasena.c,72 :: 		case  65: kp = 10; break; // A
L_main32:
0x0227	0x300A      	MOVLW      10
0x0228	0x00D0      	MOVWF      _kp
0x0229	0x2A8D      	GOTO       L_main28
;Practica5_Contrasena.c,73 :: 		case  52: kp = 4; break; // 4
L_main33:
0x022A	0x3004      	MOVLW      4
0x022B	0x00D0      	MOVWF      _kp
0x022C	0x2A8D      	GOTO       L_main28
;Practica5_Contrasena.c,74 :: 		case  53: kp = 5; break; // 5
L_main34:
0x022D	0x3005      	MOVLW      5
0x022E	0x00D0      	MOVWF      _kp
0x022F	0x2A8D      	GOTO       L_main28
;Practica5_Contrasena.c,75 :: 		case  54: kp = 6; break; // 6
L_main35:
0x0230	0x3006      	MOVLW      6
0x0231	0x00D0      	MOVWF      _kp
0x0232	0x2A8D      	GOTO       L_main28
;Practica5_Contrasena.c,76 :: 		case  66: kp = 11; break; // B
L_main36:
0x0233	0x300B      	MOVLW      11
0x0234	0x00D0      	MOVWF      _kp
0x0235	0x2A8D      	GOTO       L_main28
;Practica5_Contrasena.c,77 :: 		case  55: kp = 7; break; // 7
L_main37:
0x0236	0x3007      	MOVLW      7
0x0237	0x00D0      	MOVWF      _kp
0x0238	0x2A8D      	GOTO       L_main28
;Practica5_Contrasena.c,78 :: 		case 56: kp = 8; break; // 8
L_main38:
0x0239	0x3008      	MOVLW      8
0x023A	0x00D0      	MOVWF      _kp
0x023B	0x2A8D      	GOTO       L_main28
;Practica5_Contrasena.c,79 :: 		case 57: kp = 9; break; // 9
L_main39:
0x023C	0x3009      	MOVLW      9
0x023D	0x00D0      	MOVWF      _kp
0x023E	0x2A8D      	GOTO       L_main28
;Practica5_Contrasena.c,80 :: 		case 67: kp = 12; break; // C
L_main40:
0x023F	0x300C      	MOVLW      12
0x0240	0x00D0      	MOVWF      _kp
0x0241	0x2A8D      	GOTO       L_main28
;Practica5_Contrasena.c,81 :: 		case 42: kp = 33; break; // *
L_main41:
0x0242	0x3021      	MOVLW      33
0x0243	0x00D0      	MOVWF      _kp
0x0244	0x2A8D      	GOTO       L_main28
;Practica5_Contrasena.c,82 :: 		case 48: kp = 0; break; // 0
L_main42:
0x0245	0x01D0      	CLRF       _kp
0x0246	0x2A8D      	GOTO       L_main28
;Practica5_Contrasena.c,83 :: 		case 35: kp = 34; break; // #
L_main43:
0x0247	0x3022      	MOVLW      34
0x0248	0x00D0      	MOVWF      _kp
0x0249	0x2A8D      	GOTO       L_main28
;Practica5_Contrasena.c,84 :: 		case 68: kp = 13; break; // D
L_main44:
0x024A	0x300D      	MOVLW      13
0x024B	0x00D0      	MOVWF      _kp
0x024C	0x2A8D      	GOTO       L_main28
;Practica5_Contrasena.c,86 :: 		}
L_main27:
0x024D	0x0850      	MOVF       _kp, 0
0x024E	0x3A31      	XORLW      49
0x024F	0x1903      	BTFSC      STATUS, 2
0x0250	0x2A1E      	GOTO       L_main29
0x0251	0x0850      	MOVF       _kp, 0
0x0252	0x3A32      	XORLW      50
0x0253	0x1903      	BTFSC      STATUS, 2
0x0254	0x2A21      	GOTO       L_main30
0x0255	0x0850      	MOVF       _kp, 0
0x0256	0x3A33      	XORLW      51
0x0257	0x1903      	BTFSC      STATUS, 2
0x0258	0x2A24      	GOTO       L_main31
0x0259	0x0850      	MOVF       _kp, 0
0x025A	0x3A41      	XORLW      65
0x025B	0x1903      	BTFSC      STATUS, 2
0x025C	0x2A27      	GOTO       L_main32
0x025D	0x0850      	MOVF       _kp, 0
0x025E	0x3A34      	XORLW      52
0x025F	0x1903      	BTFSC      STATUS, 2
0x0260	0x2A2A      	GOTO       L_main33
0x0261	0x0850      	MOVF       _kp, 0
0x0262	0x3A35      	XORLW      53
0x0263	0x1903      	BTFSC      STATUS, 2
0x0264	0x2A2D      	GOTO       L_main34
0x0265	0x0850      	MOVF       _kp, 0
0x0266	0x3A36      	XORLW      54
0x0267	0x1903      	BTFSC      STATUS, 2
0x0268	0x2A30      	GOTO       L_main35
0x0269	0x0850      	MOVF       _kp, 0
0x026A	0x3A42      	XORLW      66
0x026B	0x1903      	BTFSC      STATUS, 2
0x026C	0x2A33      	GOTO       L_main36
0x026D	0x0850      	MOVF       _kp, 0
0x026E	0x3A37      	XORLW      55
0x026F	0x1903      	BTFSC      STATUS, 2
0x0270	0x2A36      	GOTO       L_main37
0x0271	0x0850      	MOVF       _kp, 0
0x0272	0x3A38      	XORLW      56
0x0273	0x1903      	BTFSC      STATUS, 2
0x0274	0x2A39      	GOTO       L_main38
0x0275	0x0850      	MOVF       _kp, 0
0x0276	0x3A39      	XORLW      57
0x0277	0x1903      	BTFSC      STATUS, 2
0x0278	0x2A3C      	GOTO       L_main39
0x0279	0x0850      	MOVF       _kp, 0
0x027A	0x3A43      	XORLW      67
0x027B	0x1903      	BTFSC      STATUS, 2
0x027C	0x2A3F      	GOTO       L_main40
0x027D	0x0850      	MOVF       _kp, 0
0x027E	0x3A2A      	XORLW      42
0x027F	0x1903      	BTFSC      STATUS, 2
0x0280	0x2A42      	GOTO       L_main41
0x0281	0x0850      	MOVF       _kp, 0
0x0282	0x3A30      	XORLW      48
0x0283	0x1903      	BTFSC      STATUS, 2
0x0284	0x2A45      	GOTO       L_main42
0x0285	0x0850      	MOVF       _kp, 0
0x0286	0x3A23      	XORLW      35
0x0287	0x1903      	BTFSC      STATUS, 2
0x0288	0x2A47      	GOTO       L_main43
0x0289	0x0850      	MOVF       _kp, 0
0x028A	0x3A44      	XORLW      68
0x028B	0x1903      	BTFSC      STATUS, 2
0x028C	0x2A4A      	GOTO       L_main44
L_main28:
;Practica5_Contrasena.c,87 :: 		valor[cnt]=kp;                // Print key ASCII value on LCD
0x028D	0x084F      	MOVF       _cnt, 0
0x028E	0x00F0      	MOVWF      R0
0x028F	0x0DF0      	RLF        R0, 1
0x0290	0x1070      	BCF        R0, 0
0x0291	0x0870      	MOVF       R0, 0
0x0292	0x3E53      	ADDLW      _valor
0x0293	0x0084      	MOVWF      FSR
0x0294	0x0850      	MOVF       _kp, 0
0x0295	0x0080      	MOVWF      INDF
0x0296	0x0A84      	INCF       FSR, 1
0x0297	0x0180      	CLRF       INDF
;Practica5_Contrasena.c,88 :: 		cnt++;
0x0298	0x0ACF      	INCF       _cnt, 1
;Practica5_Contrasena.c,89 :: 		}while(cnt<4); //para n veces
0x0299	0x3004      	MOVLW      4
0x029A	0x024F      	SUBWF      _cnt, 0
0x029B	0x1C03      	BTFSS      STATUS, 0
0x029C	0x299E      	GOTO       L_main3
;Practica5_Contrasena.c,91 :: 		uno=1;
0x029D	0x3001      	MOVLW      1
0x029E	0x00D1      	MOVWF      _uno
0x029F	0x3000      	MOVLW      0
0x02A0	0x00D2      	MOVWF      _uno+1
;Practica5_Contrasena.c,92 :: 		for(i=0; i<4; i++){
0x02A1	0x01CC      	CLRF       _i
0x02A2	0x01CD      	CLRF       _i+1
L_main45:
0x02A3	0x3080      	MOVLW      128
0x02A4	0x064D      	XORWF      _i+1, 0
0x02A5	0x00F0      	MOVWF      R0
0x02A6	0x3080      	MOVLW      128
0x02A7	0x0270      	SUBWF      R0, 0
0x02A8	0x1D03      	BTFSS      STATUS, 2
0x02A9	0x2AAC      	GOTO       L__main53
0x02AA	0x3004      	MOVLW      4
0x02AB	0x024C      	SUBWF      _i, 0
L__main53:
0x02AC	0x1803      	BTFSC      STATUS, 0
0x02AD	0x2B02      	GOTO       L_main46
;Practica5_Contrasena.c,93 :: 		if(valor[i]==contrasena[i]){
0x02AE	0x084C      	MOVF       _i, 0
0x02AF	0x00F0      	MOVWF      R0
0x02B0	0x084D      	MOVF       _i+1, 0
0x02B1	0x00F1      	MOVWF      R0+1
0x02B2	0x0DF0      	RLF        R0, 1
0x02B3	0x0DF1      	RLF        R0+1, 1
0x02B4	0x1070      	BCF        R0, 0
0x02B5	0x0870      	MOVF       R0, 0
0x02B6	0x3E53      	ADDLW      _valor
0x02B7	0x0084      	MOVWF      FSR
0x02B8	0x0800      	MOVF       INDF, 0
0x02B9	0x00F3      	MOVWF      R3
0x02BA	0x0A84      	INCF       FSR, 1
0x02BB	0x0800      	MOVF       INDF, 0
0x02BC	0x00F4      	MOVWF      R3+1
0x02BD	0x0870      	MOVF       R0, 0
0x02BE	0x3E20      	ADDLW      _contrasena
0x02BF	0x0084      	MOVWF      FSR
0x02C0	0x0800      	MOVF       INDF, 0
0x02C1	0x00F1      	MOVWF      R1
0x02C2	0x0A84      	INCF       FSR, 1
0x02C3	0x0800      	MOVF       INDF, 0
0x02C4	0x00F2      	MOVWF      R1+1
0x02C5	0x0874      	MOVF       R3+1, 0
0x02C6	0x0672      	XORWF      R1+1, 0
0x02C7	0x1D03      	BTFSS      STATUS, 2
0x02C8	0x2ACB      	GOTO       L__main54
0x02C9	0x0871      	MOVF       R1, 0
0x02CA	0x0673      	XORWF      R3, 0
L__main54:
0x02CB	0x1D03      	BTFSS      STATUS, 2
0x02CC	0x2ADE      	GOTO       L_main48
;Practica5_Contrasena.c,94 :: 		if(i==3){
0x02CD	0x3000      	MOVLW      0
0x02CE	0x064D      	XORWF      _i+1, 0
0x02CF	0x1D03      	BTFSS      STATUS, 2
0x02D0	0x2AD3      	GOTO       L__main55
0x02D1	0x3003      	MOVLW      3
0x02D2	0x064C      	XORWF      _i, 0
L__main55:
0x02D3	0x1D03      	BTFSS      STATUS, 2
0x02D4	0x2ADE      	GOTO       L_main49
;Practica5_Contrasena.c,95 :: 		uno=0;
0x02D5	0x01D1      	CLRF       _uno
0x02D6	0x01D2      	CLRF       _uno+1
;Practica5_Contrasena.c,96 :: 		Lcd_Out(2, 1, "Correcto");
0x02D7	0x3002      	MOVLW      2
0x02D8	0x00DD      	MOVWF      FARG_Lcd_Out_row
0x02D9	0x3001      	MOVLW      1
0x02DA	0x00DE      	MOVWF      FARG_Lcd_Out_column
0x02DB	0x302A      	MOVLW      ?lstr2_Practica5_Contrasena
0x02DC	0x00DF      	MOVWF      FARG_Lcd_Out_text
0x02DD	0x20E7      	CALL       _Lcd_Out
;Practica5_Contrasena.c,97 :: 		}
L_main49:
;Practica5_Contrasena.c,98 :: 		}
L_main48:
;Practica5_Contrasena.c,99 :: 		if(valor[i]!=contrasena[i]){
0x02DE	0x084C      	MOVF       _i, 0
0x02DF	0x00F0      	MOVWF      R0
0x02E0	0x084D      	MOVF       _i+1, 0
0x02E1	0x00F1      	MOVWF      R0+1
0x02E2	0x0DF0      	RLF        R0, 1
0x02E3	0x0DF1      	RLF        R0+1, 1
0x02E4	0x1070      	BCF        R0, 0
0x02E5	0x0870      	MOVF       R0, 0
0x02E6	0x3E53      	ADDLW      _valor
0x02E7	0x0084      	MOVWF      FSR
0x02E8	0x0800      	MOVF       INDF, 0
0x02E9	0x00F3      	MOVWF      R3
0x02EA	0x0A84      	INCF       FSR, 1
0x02EB	0x0800      	MOVF       INDF, 0
0x02EC	0x00F4      	MOVWF      R3+1
0x02ED	0x0870      	MOVF       R0, 0
0x02EE	0x3E20      	ADDLW      _contrasena
0x02EF	0x0084      	MOVWF      FSR
0x02F0	0x0800      	MOVF       INDF, 0
0x02F1	0x00F1      	MOVWF      R1
0x02F2	0x0A84      	INCF       FSR, 1
0x02F3	0x0800      	MOVF       INDF, 0
0x02F4	0x00F2      	MOVWF      R1+1
0x02F5	0x0874      	MOVF       R3+1, 0
0x02F6	0x0672      	XORWF      R1+1, 0
0x02F7	0x1D03      	BTFSS      STATUS, 2
0x02F8	0x2AFB      	GOTO       L__main56
0x02F9	0x0871      	MOVF       R1, 0
0x02FA	0x0673      	XORWF      R3, 0
L__main56:
0x02FB	0x1903      	BTFSC      STATUS, 2
0x02FC	0x2AFE      	GOTO       L_main50
;Practica5_Contrasena.c,100 :: 		break;
0x02FD	0x2B02      	GOTO       L_main46
;Practica5_Contrasena.c,101 :: 		}
L_main50:
;Practica5_Contrasena.c,92 :: 		for(i=0; i<4; i++){
0x02FE	0x0ACC      	INCF       _i, 1
0x02FF	0x1903      	BTFSC      STATUS, 2
0x0300	0x0ACD      	INCF       _i+1, 1
;Practica5_Contrasena.c,102 :: 		}
0x0301	0x2AA3      	GOTO       L_main45
L_main46:
;Practica5_Contrasena.c,103 :: 		if(uno==1)
0x0302	0x3000      	MOVLW      0
0x0303	0x0652      	XORWF      _uno+1, 0
0x0304	0x1D03      	BTFSS      STATUS, 2
0x0305	0x2B08      	GOTO       L__main57
0x0306	0x3001      	MOVLW      1
0x0307	0x0651      	XORWF      _uno, 0
L__main57:
0x0308	0x1D03      	BTFSS      STATUS, 2
0x0309	0x2B11      	GOTO       L_main51
;Practica5_Contrasena.c,104 :: 		Lcd_Out(2, 1, "Incorrecto");
0x030A	0x3002      	MOVLW      2
0x030B	0x00DD      	MOVWF      FARG_Lcd_Out_row
0x030C	0x3001      	MOVLW      1
0x030D	0x00DE      	MOVWF      FARG_Lcd_Out_column
0x030E	0x3033      	MOVLW      ?lstr3_Practica5_Contrasena
0x030F	0x00DF      	MOVWF      FARG_Lcd_Out_text
0x0310	0x20E7      	CALL       _Lcd_Out
L_main51:
;Practica5_Contrasena.c,107 :: 		} while (1);   //primer
0x0311	0x299E      	GOTO       L_main0
;Practica5_Contrasena.c,108 :: 		}
L_end_main:
0x0312	0x2B12      	GOTO       $+0
; end of _main
0x0342	0x3020      	MOVLW      32
0x0343	0x0084      	MOVWF      FSR
0x0344	0x302A      	MOVLW      42
0x0345	0x1283      	BCF        STATUS, 5
0x0346	0x1303      	BCF        STATUS, 6
0x0347	0x00F0      	MOVWF      R0
0x0348	0x3018      	MOVLW      24
0x0349	0x00CA      	MOVWF      ___DoICPAddr
0x034A	0x3003      	MOVLW      3
0x034B	0x00CB      	MOVWF      75
0x034C	0x2131      	CALL       305
0x034D	0x0008      	RETURN
;Practica5_Contrasena.c,0 :: ?ICS_contrasena
0x0318	0x3400 ;?ICS_contrasena+0
0x0319	0x3400 ;?ICS_contrasena+1
0x031A	0x3407 ;?ICS_contrasena+2
0x031B	0x3400 ;?ICS_contrasena+3
0x031C	0x3401 ;?ICS_contrasena+4
0x031D	0x3400 ;?ICS_contrasena+5
0x031E	0x3406 ;?ICS_contrasena+6
0x031F	0x3400 ;?ICS_contrasena+7
0x0320	0x3400 ;?ICS_contrasena+8
0x0321	0x3400 ;?ICS_contrasena+9
; end of ?ICS_contrasena
;Practica5_Contrasena.c,0 :: ?ICS?lstr2_Practica5_Contrasena
0x0322	0x3443 ;?ICS?lstr2_Practica5_Contrasena+0
0x0323	0x346F ;?ICS?lstr2_Practica5_Contrasena+1
0x0324	0x3472 ;?ICS?lstr2_Practica5_Contrasena+2
0x0325	0x3472 ;?ICS?lstr2_Practica5_Contrasena+3
0x0326	0x3465 ;?ICS?lstr2_Practica5_Contrasena+4
0x0327	0x3463 ;?ICS?lstr2_Practica5_Contrasena+5
0x0328	0x3474 ;?ICS?lstr2_Practica5_Contrasena+6
0x0329	0x346F ;?ICS?lstr2_Practica5_Contrasena+7
0x032A	0x3400 ;?ICS?lstr2_Practica5_Contrasena+8
; end of ?ICS?lstr2_Practica5_Contrasena
;Practica5_Contrasena.c,0 :: ?ICS?lstr3_Practica5_Contrasena
0x032B	0x3449 ;?ICS?lstr3_Practica5_Contrasena+0
0x032C	0x346E ;?ICS?lstr3_Practica5_Contrasena+1
0x032D	0x3463 ;?ICS?lstr3_Practica5_Contrasena+2
0x032E	0x346F ;?ICS?lstr3_Practica5_Contrasena+3
0x032F	0x3472 ;?ICS?lstr3_Practica5_Contrasena+4
0x0330	0x3472 ;?ICS?lstr3_Practica5_Contrasena+5
0x0331	0x3465 ;?ICS?lstr3_Practica5_Contrasena+6
0x0332	0x3463 ;?ICS?lstr3_Practica5_Contrasena+7
0x0333	0x3474 ;?ICS?lstr3_Practica5_Contrasena+8
0x0334	0x346F ;?ICS?lstr3_Practica5_Contrasena+9
0x0335	0x3400 ;?ICS?lstr3_Practica5_Contrasena+10
; end of ?ICS?lstr3_Practica5_Contrasena
;Practica5_Contrasena.c,0 :: ?ICS?lstr1_Practica5_Contrasena
0x0336	0x3443 ;?ICS?lstr1_Practica5_Contrasena+0
0x0337	0x346F ;?ICS?lstr1_Practica5_Contrasena+1
0x0338	0x346E ;?ICS?lstr1_Practica5_Contrasena+2
0x0339	0x3474 ;?ICS?lstr1_Practica5_Contrasena+3
0x033A	0x3472 ;?ICS?lstr1_Practica5_Contrasena+4
0x033B	0x3461 ;?ICS?lstr1_Practica5_Contrasena+5
0x033C	0x3473 ;?ICS?lstr1_Practica5_Contrasena+6
0x033D	0x3465 ;?ICS?lstr1_Practica5_Contrasena+7
0x033E	0x346E ;?ICS?lstr1_Practica5_Contrasena+8
0x033F	0x3461 ;?ICS?lstr1_Practica5_Contrasena+9
0x0340	0x343A ;?ICS?lstr1_Practica5_Contrasena+10
0x0341	0x3400 ;?ICS?lstr1_Practica5_Contrasena+11
; end of ?ICS?lstr1_Practica5_Contrasena
Symbol List:
//** Routines locations **
//ADDRESS    SIZE    PROCEDURE
//----------------------------------------------
0x0003       [3]    _Delay_1us
0x0006       [7]    _Delay_50us
0x000D      [13]    _Delay_5500us
0x001A      [64]    _Lcd_Cmd
0x005A       [8]    _Delay_10us
0x0062       [8]    _Lcd_Chr_CP
0x006A       [7]    _____DoICP
0x0071      [52]    _Keypad_Key_Press
0x00A5      [13]    _Keypad_Key_Click
0x00B2      [53]    _Lcd_Chr
0x00E7      [64]    _Lcd_Out
0x0127      [10]    _Keypad_Init
0x0131      [12]    ___CC2DW
0x013D      [78]    _Lcd_Init
0x018B     [391]    _main
//** Variables locations ** 
//ADDRESS    SIZE    VARIABLE
//----------------------------------------------
0x0000       [1]    INDF
0x0002       [1]    PCL
0x0003       [1]    STATUS
0x0004       [1]    FSR
0x0006       [0]    RB2_bit
0x0006       [0]    RB3_bit
0x0006       [0]    RB4_bit
0x0006       [0]    LCD_D7
0x0006       [0]    LCD_RS
0x0006       [0]    LCD_EN
0x0006       [0]    LCD_D6
0x0006       [0]    LCD_D4
0x0006       [0]    RB5_bit
0x0006       [0]    RB1_bit
0x0006       [0]    RB0_bit
0x0006       [0]    LCD_D5
0x0008       [1]    PORTD
0x0008       [1]    keypadPort
0x000A       [1]    PCLATH
0x0020      [10]    _contrasena
0x002A       [9]    ?lstr2_Practica5_Contrasena
0x0033      [11]    ?lstr3_Practica5_Contrasena
0x003E      [12]    ?lstr1_Practica5_Contrasena
0x004A       [2]    ___DoICPAddr
0x004C       [2]    _i
0x004E       [0]    __Lib_Lcd_cmd_status
0x004F       [1]    _cnt
0x0050       [1]    _kp
0x0051       [2]    _uno
0x0053      [10]    _valor
0x005D       [1]    Keypad_Key_Click_rslt_L0
0x005D       [1]    FARG_Lcd_Out_row
0x005D       [1]    FARG_Lcd_Chr_row
0x005E       [1]    FARG_Lcd_Chr_column
0x005E       [1]    FARG_Lcd_Out_column
0x005F       [1]    FARG_Lcd_Chr_out_char
0x005F       [1]    FARG_Lcd_Out_text
0x0060       [1]    Lcd_Out_i_L0
0x0061       [1]    Keypad_Key_Press_rslt_L0
0x0061       [1]    FARG_Lcd_Chr_CP_out_char
0x0062       [1]    Keypad_Key_Press_kdata_L0
0x0063       [1]    Keypad_Key_Press_loc_L0
0x0064       [1]    Keypad_Key_Press_rowcnt_L0
0x0065       [1]    Keypad_Key_Press_shifter_L0
0x0066       [1]    FARG_Lcd_Cmd_out_char
0x0070       [1]    R0
0x0071       [1]    R1
0x0072       [1]    R2
0x0073       [1]    R3
0x0074       [1]    R4
0x0075       [1]    R5
0x0076       [1]    R6
0x0077       [1]    R7
0x0078       [1]    R8
0x0079       [1]    R9
0x007A       [1]    R10
0x007B       [1]    R11
0x007C       [1]    R12
0x007D       [1]    R13
0x007E       [1]    R14
0x007F       [1]    R15
0x0086       [0]    LCD_D7_Direction
0x0086       [0]    TRISB4_bit
0x0086       [0]    TRISB0_bit
0x0086       [0]    TRISB1_bit
0x0086       [0]    TRISB3_bit
0x0086       [0]    TRISB2_bit
0x0086       [0]    TRISB5_bit
0x0086       [0]    LCD_D5_Direction
0x0086       [0]    LCD_D6_Direction
0x0086       [0]    LCD_D4_Direction
0x0086       [0]    LCD_EN_Direction
0x0086       [0]    LCD_RS_Direction
//** Constants locations ** 
//ADDRESS    SIZE    CONSTANT
//----------------------------------------------
0x0318      [10]    ?ICS_contrasena
0x0322       [9]    ?ICS?lstr2_Practica5_Contrasena
0x032B      [11]    ?ICS?lstr3_Practica5_Contrasena
0x0336      [12]    ?ICS?lstr1_Practica5_Contrasena
