;  LST file generated by mikroListExporter - v.2.0 
; Date/Time: 19/02/2019 09:51:46 a.m.
;----------------------------------------------

;Address Opcode 	ASM
0x0000	0x2859      	GOTO       89
_Delay_1us:
;__Lib_Delays.c,7 :: 		void Delay_1us() {
;__Lib_Delays.c,8 :: 		Delay_us(1);
0x0003	0x0000      	NOP
0x0004	0x0000      	NOP
;__Lib_Delays.c,9 :: 		}
L_end_Delay_1us:
0x0005	0x0008      	RETURN
; end of _Delay_1us
_Delay_10us:
;__Lib_Delays.c,11 :: 		void Delay_10us() {
;__Lib_Delays.c,12 :: 		Delay_us(10);
0x0006	0x3006      	MOVLW      6
0x0007	0x1283      	BCF        STATUS, 5
0x0008	0x1303      	BCF        STATUS, 6
0x0009	0x00FD      	MOVWF      R13
L_Delay_10us0:
0x000A	0x0BFD      	DECFSZ     R13, 1
0x000B	0x280A      	GOTO       L_Delay_10us0
0x000C	0x0000      	NOP
;__Lib_Delays.c,13 :: 		}
L_end_Delay_10us:
0x000D	0x0008      	RETURN
; end of _Delay_10us
_Keypad_Key_Press:
;__Lib_Keypad4x4.c,39 :: 		
;__Lib_Keypad4x4.c,43 :: 		
0x000E	0x1283      	BCF        STATUS, 5
0x000F	0x1303      	BCF        STATUS, 6
0x0010	0x01A4      	CLRF       Keypad_Key_Press_rslt_L0
;__Lib_Keypad4x4.c,44 :: 		
0x0011	0x01A6      	CLRF       Keypad_Key_Press_loc_L0
;__Lib_Keypad4x4.c,45 :: 		
0x0012	0x01A7      	CLRF       Keypad_Key_Press_rowcnt_L0
;__Lib_Keypad4x4.c,46 :: 		
0x0013	0x3010      	MOVLW      16
0x0014	0x00A8      	MOVWF      Keypad_Key_Press_shifter_L0
;__Lib_Keypad4x4.c,48 :: 		
L_Keypad_Key_Press0:
0x0015	0x3004      	MOVLW      4
0x0016	0x0227      	SUBWF      Keypad_Key_Press_rowcnt_L0, 0
0x0017	0x1803      	BTFSC      STATUS, 0
0x0018	0x283F      	GOTO       L_Keypad_Key_Press1
;__Lib_Keypad4x4.c,50 :: 		
0x0019	0x30F0      	MOVLW      240
0x001A	0x0088      	MOVWF      keypadPort
;__Lib_Keypad4x4.c,51 :: 		
0x001B	0x3080      	MOVLW      128
0x001C	0x00F0      	MOVWF      R0
0x001D	0x0870      	MOVF       R0, 0
0x001E	0x3E08      	ADDLW      keypadPort
0x001F	0x0084      	MOVWF      FSR
0x0020	0x0928      	COMF       Keypad_Key_Press_shifter_L0, 0
0x0021	0x00F0      	MOVWF      R0
0x0022	0x0870      	MOVF       R0, 0
0x0023	0x0080      	MOVWF      INDF
;__Lib_Keypad4x4.c,55 :: 		
0x0024	0x2003      	CALL       _Delay_1us
;__Lib_Keypad4x4.c,56 :: 		
0x0025	0x2003      	CALL       _Delay_1us
;__Lib_Keypad4x4.c,57 :: 		
0x0026	0x300F      	MOVLW      15
0x0027	0x0508      	ANDWF      keypadPort, 0
0x0028	0x00F0      	MOVWF      R0
0x0029	0x0870      	MOVF       R0, 0
0x002A	0x00A5      	MOVWF      Keypad_Key_Press_kdata_L0
;__Lib_Keypad4x4.c,58 :: 		
0x002B	0x0870      	MOVF       R0, 0
0x002C	0x1903      	BTFSC      STATUS, 2
0x002D	0x2839      	GOTO       L_Keypad_Key_Press2
;__Lib_Keypad4x4.c,60 :: 		
0x002E	0x0826      	MOVF       Keypad_Key_Press_loc_L0, 0
0x002F	0x00A4      	MOVWF      Keypad_Key_Press_rslt_L0
;__Lib_Keypad4x4.c,61 :: 		
L_Keypad_Key_Press3:
0x0030	0x0825      	MOVF       Keypad_Key_Press_kdata_L0, 0
0x0031	0x1903      	BTFSC      STATUS, 2
0x0032	0x2837      	GOTO       L_Keypad_Key_Press4
;__Lib_Keypad4x4.c,62 :: 		
0x0033	0x0CA5      	RRF        Keypad_Key_Press_kdata_L0, 1
0x0034	0x13A5      	BCF        Keypad_Key_Press_kdata_L0, 7
;__Lib_Keypad4x4.c,63 :: 		
0x0035	0x0AA4      	INCF       Keypad_Key_Press_rslt_L0, 1
;__Lib_Keypad4x4.c,64 :: 		
0x0036	0x2830      	GOTO       L_Keypad_Key_Press3
L_Keypad_Key_Press4:
;__Lib_Keypad4x4.c,66 :: 		
0x0037	0x3004      	MOVLW      4
0x0038	0x00A7      	MOVWF      Keypad_Key_Press_rowcnt_L0
;__Lib_Keypad4x4.c,67 :: 		
L_Keypad_Key_Press2:
;__Lib_Keypad4x4.c,68 :: 		
0x0039	0x0DA8      	RLF        Keypad_Key_Press_shifter_L0, 1
0x003A	0x1028      	BCF        Keypad_Key_Press_shifter_L0, 0
;__Lib_Keypad4x4.c,69 :: 		
0x003B	0x3004      	MOVLW      4
0x003C	0x07A6      	ADDWF      Keypad_Key_Press_loc_L0, 1
;__Lib_Keypad4x4.c,70 :: 		
0x003D	0x0AA7      	INCF       Keypad_Key_Press_rowcnt_L0, 1
;__Lib_Keypad4x4.c,71 :: 		
0x003E	0x2815      	GOTO       L_Keypad_Key_Press0
L_Keypad_Key_Press1:
;__Lib_Keypad4x4.c,73 :: 		
0x003F	0x0824      	MOVF       Keypad_Key_Press_rslt_L0, 0
0x0040	0x00F0      	MOVWF      R0
;__Lib_Keypad4x4.c,74 :: 		
L_end_Keypad_Key_Press:
0x0041	0x0008      	RETURN
; end of _Keypad_Key_Press
_Keypad_Key_Click:
;__Lib_Keypad4x4.c,77 :: 		
;__Lib_Keypad4x4.c,81 :: 		
0x0042	0x200E      	CALL       _Keypad_Key_Press
0x0043	0x0870      	MOVF       R0, 0
0x0044	0x00A3      	MOVWF      Keypad_Key_Click_rslt_L0
;__Lib_Keypad4x4.c,83 :: 		
L_Keypad_Key_Click5:
0x0045	0x300F      	MOVLW      15
0x0046	0x0508      	ANDWF      keypadPort, 0
0x0047	0x00F0      	MOVWF      R0
0x0048	0x1903      	BTFSC      STATUS, 2
0x0049	0x284C      	GOTO       L_Keypad_Key_Click6
;__Lib_Keypad4x4.c,84 :: 		
0x004A	0x2006      	CALL       _Delay_10us
0x004B	0x2845      	GOTO       L_Keypad_Key_Click5
L_Keypad_Key_Click6:
;__Lib_Keypad4x4.c,86 :: 		
0x004C	0x0823      	MOVF       Keypad_Key_Click_rslt_L0, 0
0x004D	0x00F0      	MOVWF      R0
;__Lib_Keypad4x4.c,87 :: 		
L_end_Keypad_Key_Click:
0x004E	0x0008      	RETURN
; end of _Keypad_Key_Click
_Keypad_Init:
;__Lib_Keypad4x4.c,34 :: 		
;__Lib_Keypad4x4.c,35 :: 		
0x004F	0x3080      	MOVLW      128
0x0050	0x1283      	BCF        STATUS, 5
0x0051	0x1303      	BCF        STATUS, 6
0x0052	0x00F0      	MOVWF      R0
0x0053	0x0870      	MOVF       R0, 0
0x0054	0x3E08      	ADDLW      keypadPort
0x0055	0x0084      	MOVWF      FSR
0x0056	0x30FF      	MOVLW      255
0x0057	0x0080      	MOVWF      INDF
;__Lib_Keypad4x4.c,36 :: 		
L_end_Keypad_Init:
0x0058	0x0008      	RETURN
; end of _Keypad_Init
_main:
;Practica4_LCD.c,5 :: 		void main() {
;Practica4_LCD.c,6 :: 		TRISC=0;                  //salida
0x0059	0x1683      	BSF        STATUS, 5
0x005A	0x1303      	BCF        STATUS, 6
0x005B	0x0187      	CLRF       TRISC
;Practica4_LCD.c,7 :: 		Keypad_Init();
0x005C	0x204F      	CALL       _Keypad_Init
;Practica4_LCD.c,8 :: 		do {
L_main0:
;Practica4_LCD.c,9 :: 		kp = 0;                                // Reset key code variable
0x005D	0x01A2      	CLRF       _kp
;Practica4_LCD.c,12 :: 		do
L_main3:
;Practica4_LCD.c,14 :: 		kp = Keypad_Key_Click();             // Store key code in kp variable
0x005E	0x2042      	CALL       _Keypad_Key_Click
0x005F	0x0870      	MOVF       R0, 0
0x0060	0x00A2      	MOVWF      _kp
;Practica4_LCD.c,15 :: 		while (!kp);
0x0061	0x0870      	MOVF       R0, 0
0x0062	0x1903      	BTFSC      STATUS, 2
0x0063	0x285E      	GOTO       L_main3
;Practica4_LCD.c,17 :: 		switch (kp) {
0x0064	0x2894      	GOTO       L_main6
;Practica4_LCD.c,20 :: 		case  1: kp = 1; break; // 1        // Uncomment this block for keypad4x4
L_main8:
0x0065	0x3001      	MOVLW      1
0x0066	0x00A2      	MOVWF      _kp
0x0067	0x28D4      	GOTO       L_main7
;Practica4_LCD.c,21 :: 		case  2: kp = 2; break; // 2
L_main9:
0x0068	0x3002      	MOVLW      2
0x0069	0x00A2      	MOVWF      _kp
0x006A	0x28D4      	GOTO       L_main7
;Practica4_LCD.c,22 :: 		case  3: kp = 3; break; // 3
L_main10:
0x006B	0x3003      	MOVLW      3
0x006C	0x00A2      	MOVWF      _kp
0x006D	0x28D4      	GOTO       L_main7
;Practica4_LCD.c,23 :: 		case  4: kp = 10; break; // A
L_main11:
0x006E	0x300A      	MOVLW      10
0x006F	0x00A2      	MOVWF      _kp
0x0070	0x28D4      	GOTO       L_main7
;Practica4_LCD.c,24 :: 		case  5: kp = 4; break; // 4
L_main12:
0x0071	0x3004      	MOVLW      4
0x0072	0x00A2      	MOVWF      _kp
0x0073	0x28D4      	GOTO       L_main7
;Practica4_LCD.c,25 :: 		case  6: kp = 5; break; // 5
L_main13:
0x0074	0x3005      	MOVLW      5
0x0075	0x00A2      	MOVWF      _kp
0x0076	0x28D4      	GOTO       L_main7
;Practica4_LCD.c,26 :: 		case  7: kp = 6; break; // 6
L_main14:
0x0077	0x3006      	MOVLW      6
0x0078	0x00A2      	MOVWF      _kp
0x0079	0x28D4      	GOTO       L_main7
;Practica4_LCD.c,27 :: 		case  8: kp = 11; break; // B
L_main15:
0x007A	0x300B      	MOVLW      11
0x007B	0x00A2      	MOVWF      _kp
0x007C	0x28D4      	GOTO       L_main7
;Practica4_LCD.c,28 :: 		case  9: kp = 7; break; // 7
L_main16:
0x007D	0x3007      	MOVLW      7
0x007E	0x00A2      	MOVWF      _kp
0x007F	0x28D4      	GOTO       L_main7
;Practica4_LCD.c,29 :: 		case 10: kp = 8; break; // 8
L_main17:
0x0080	0x3008      	MOVLW      8
0x0081	0x00A2      	MOVWF      _kp
0x0082	0x28D4      	GOTO       L_main7
;Practica4_LCD.c,30 :: 		case 11: kp = 9; break; // 9
L_main18:
0x0083	0x3009      	MOVLW      9
0x0084	0x00A2      	MOVWF      _kp
0x0085	0x28D4      	GOTO       L_main7
;Practica4_LCD.c,31 :: 		case 12: kp = 12; break; // C
L_main19:
0x0086	0x300C      	MOVLW      12
0x0087	0x00A2      	MOVWF      _kp
0x0088	0x28D4      	GOTO       L_main7
;Practica4_LCD.c,32 :: 		case 13: kp = 33; break; // *
L_main20:
0x0089	0x3021      	MOVLW      33
0x008A	0x00A2      	MOVWF      _kp
0x008B	0x28D4      	GOTO       L_main7
;Practica4_LCD.c,33 :: 		case 14: kp = 0; break; // 0
L_main21:
0x008C	0x01A2      	CLRF       _kp
0x008D	0x28D4      	GOTO       L_main7
;Practica4_LCD.c,34 :: 		case 15: kp = 34; break; // #
L_main22:
0x008E	0x3022      	MOVLW      34
0x008F	0x00A2      	MOVWF      _kp
0x0090	0x28D4      	GOTO       L_main7
;Practica4_LCD.c,35 :: 		case 16: kp = 13; break; // D
L_main23:
0x0091	0x300D      	MOVLW      13
0x0092	0x00A2      	MOVWF      _kp
0x0093	0x28D4      	GOTO       L_main7
;Practica4_LCD.c,37 :: 		}
L_main6:
0x0094	0x0822      	MOVF       _kp, 0
0x0095	0x3A01      	XORLW      1
0x0096	0x1903      	BTFSC      STATUS, 2
0x0097	0x2865      	GOTO       L_main8
0x0098	0x0822      	MOVF       _kp, 0
0x0099	0x3A02      	XORLW      2
0x009A	0x1903      	BTFSC      STATUS, 2
0x009B	0x2868      	GOTO       L_main9
0x009C	0x0822      	MOVF       _kp, 0
0x009D	0x3A03      	XORLW      3
0x009E	0x1903      	BTFSC      STATUS, 2
0x009F	0x286B      	GOTO       L_main10
0x00A0	0x0822      	MOVF       _kp, 0
0x00A1	0x3A04      	XORLW      4
0x00A2	0x1903      	BTFSC      STATUS, 2
0x00A3	0x286E      	GOTO       L_main11
0x00A4	0x0822      	MOVF       _kp, 0
0x00A5	0x3A05      	XORLW      5
0x00A6	0x1903      	BTFSC      STATUS, 2
0x00A7	0x2871      	GOTO       L_main12
0x00A8	0x0822      	MOVF       _kp, 0
0x00A9	0x3A06      	XORLW      6
0x00AA	0x1903      	BTFSC      STATUS, 2
0x00AB	0x2874      	GOTO       L_main13
0x00AC	0x0822      	MOVF       _kp, 0
0x00AD	0x3A07      	XORLW      7
0x00AE	0x1903      	BTFSC      STATUS, 2
0x00AF	0x2877      	GOTO       L_main14
0x00B0	0x0822      	MOVF       _kp, 0
0x00B1	0x3A08      	XORLW      8
0x00B2	0x1903      	BTFSC      STATUS, 2
0x00B3	0x287A      	GOTO       L_main15
0x00B4	0x0822      	MOVF       _kp, 0
0x00B5	0x3A09      	XORLW      9
0x00B6	0x1903      	BTFSC      STATUS, 2
0x00B7	0x287D      	GOTO       L_main16
0x00B8	0x0822      	MOVF       _kp, 0
0x00B9	0x3A0A      	XORLW      10
0x00BA	0x1903      	BTFSC      STATUS, 2
0x00BB	0x2880      	GOTO       L_main17
0x00BC	0x0822      	MOVF       _kp, 0
0x00BD	0x3A0B      	XORLW      11
0x00BE	0x1903      	BTFSC      STATUS, 2
0x00BF	0x2883      	GOTO       L_main18
0x00C0	0x0822      	MOVF       _kp, 0
0x00C1	0x3A0C      	XORLW      12
0x00C2	0x1903      	BTFSC      STATUS, 2
0x00C3	0x2886      	GOTO       L_main19
0x00C4	0x0822      	MOVF       _kp, 0
0x00C5	0x3A0D      	XORLW      13
0x00C6	0x1903      	BTFSC      STATUS, 2
0x00C7	0x2889      	GOTO       L_main20
0x00C8	0x0822      	MOVF       _kp, 0
0x00C9	0x3A0E      	XORLW      14
0x00CA	0x1903      	BTFSC      STATUS, 2
0x00CB	0x288C      	GOTO       L_main21
0x00CC	0x0822      	MOVF       _kp, 0
0x00CD	0x3A0F      	XORLW      15
0x00CE	0x1903      	BTFSC      STATUS, 2
0x00CF	0x288E      	GOTO       L_main22
0x00D0	0x0822      	MOVF       _kp, 0
0x00D1	0x3A10      	XORLW      16
0x00D2	0x1903      	BTFSC      STATUS, 2
0x00D3	0x2891      	GOTO       L_main23
L_main7:
;Practica4_LCD.c,39 :: 		PORTC=kp;
0x00D4	0x0822      	MOVF       _kp, 0
0x00D5	0x0087      	MOVWF      PORTC
;Practica4_LCD.c,41 :: 		} while (1);
0x00D6	0x285D      	GOTO       L_main0
;Practica4_LCD.c,42 :: 		}
L_end_main:
0x00D7	0x28D7      	GOTO       $+0
; end of _main
Symbol List:
//** Routines locations **
//ADDRESS    SIZE    PROCEDURE
//----------------------------------------------
0x0003       [3]    _Delay_1us
0x0006       [8]    _Delay_10us
0x000E      [52]    _Keypad_Key_Press
0x0042      [13]    _Keypad_Key_Click
0x004F      [10]    _Keypad_Init
0x0059     [127]    _main
//** Variables locations ** 
//ADDRESS    SIZE    VARIABLE
//----------------------------------------------
0x0000       [1]    INDF
0x0003       [1]    STATUS
0x0004       [1]    FSR
0x0007       [1]    PORTC
0x0008       [1]    PORTD
0x0008       [1]    keypadPort
0x000A       [1]    PCLATH
0x0020       [2]    ___DoICPAddr
0x0022       [1]    _kp
0x0023       [1]    Keypad_Key_Click_rslt_L0
0x0024       [1]    Keypad_Key_Press_rslt_L0
0x0025       [1]    Keypad_Key_Press_kdata_L0
0x0026       [1]    Keypad_Key_Press_loc_L0
0x0027       [1]    Keypad_Key_Press_rowcnt_L0
0x0028       [1]    Keypad_Key_Press_shifter_L0
0x0070       [1]    R0
0x0071       [1]    R1
0x0072       [1]    R2
0x0073       [1]    R3
0x0074       [1]    R4
0x0075       [1]    R5
0x0076       [1]    R6
0x0077       [1]    R7
0x0078       [1]    R8
0x0079       [1]    R9
0x007A       [1]    R10
0x007B       [1]    R11
0x007C       [1]    R12
0x007D       [1]    R13
0x007E       [1]    R14
0x007F       [1]    R15
0x0087       [1]    TRISC
